-------------------------------------------------------------------------------
Test set: com.gmail.qa.test.GmailSignInComposeMailSignOutTest
-------------------------------------------------------------------------------
Tests run: 1, Failures: 0, Errors: 1, Skipped: 0, Time elapsed: 32.953 s <<< FAILURE! - in com.gmail.qa.test.GmailSignInComposeMailSignOutTest
testGmailSignInComposeMailSignOut(com.gmail.qa.test.GmailSignInComposeMailSignOutTest)  Time elapsed: 32.953 s  <<< ERROR!
org.openqa.selenium.TimeoutException: Expected condition failed: waiting for all conditions to be valid: visibility of Proxy element for: DefaultElementLocator 'By.xpath: //span[@class='gb_bb gbii']' && element to be clickable: Proxy element for: DefaultElementLocator 'By.xpath: //span[@class='gb_bb gbii']' (tried for 20 second(s) with 500 MILLISECONDS interval)
	at com.gmail.qa.test.GmailSignInComposeMailSignOutTest.testGmailSignInComposeMailSignOut(GmailSignInComposeMailSignOutTest.java:47)
Caused by: org.openqa.selenium.NoSuchElementException: 
no such element: Unable to locate element: {"method":"xpath","selector":"//span[@class='gb_bb gbii']"}
  (Session info: chrome=70.0.3538.110)
  (Driver info: chromedriver=2.44.609538 (b655c5a60b0b544917107a59d4153d4bf78e1b90),platform=Windows NT 10.0.17134 x86_64) (WARNING: The server did not provide any stacktrace information)
Command duration or timeout: 0 milliseconds
For documentation on this error, please visit: http://seleniumhq.org/exceptions/no_such_element.html
Build info: version: '3.5.3', revision: 'a88d25fe6b', time: '2017-08-29T12:42:44.417Z'
System info: host: 'DESKTOP-VQGGT5N', ip: '192.168.1.12', os.name: 'Windows 10', os.arch: 'amd64', os.version: '10.0', java.version: '1.8.0_181'
Driver info: org.openqa.selenium.chrome.ChromeDriver
Capabilities [{mobileEmulationEnabled=false, hasTouchScreen=false, platform=XP, acceptSslCerts=false, goog:chromeOptions={debuggerAddress=localhost:50279}, acceptInsecureCerts=false, webStorageEnabled=true, browserName=chrome, takesScreenshot=true, javascriptEnabled=true, platformName=XP, setWindowRect=true, unexpectedAlertBehaviour=ignore, applicationCacheEnabled=false, rotatable=false, networkConnectionEnabled=false, chrome={chromedriverVersion=2.44.609538 (b655c5a60b0b544917107a59d4153d4bf78e1b90), userDataDir=C:\Users\chait\AppData\Local\Temp\scoped_dir8540_8040}, takesHeapSnapshot=true, unhandledPromptBehavior=ignore, pageLoadStrategy=normal, databaseEnabled=false, handlesAlerts=true, version=70.0.3538.110, browserConnectionEnabled=false, nativeEvents=true, locationContextEnabled=true, cssSelectorsEnabled=true}]
Session ID: 289989dc5384cb43b7405861be44b7a9
*** Element info: {Using=xpath, value=//span[@class='gb_bb gbii']}
	at com.gmail.qa.test.GmailSignInComposeMailSignOutTest.testGmailSignInComposeMailSignOut(GmailSignInComposeMailSignOutTest.java:47)

