<?xml version="1.0" encoding="UTF-8"?>
<testsuite xmlns:xsi="http://www.w3.org/2001/XMLSchema-instance" xsi:noNamespaceSchemaLocation="https://maven.apache.org/surefire/maven-surefire-plugin/xsd/surefire-test-report.xsd" name="com.gmail.qa.test.GmailSignInComposeMailSignOutTest" time="32.953" tests="1" errors="1" skipped="0" failures="0">
  <properties>
[...]
</properties>
  <testcase name="testGmailSignInComposeMailSignOut" classname="com.gmail.qa.test.GmailSignInComposeMailSignOutTest" time="32.953">
    <error message="Expected condition failed: waiting for all conditions to be valid: visibility of Proxy element for: DefaultElementLocator &apos;By.xpath: //span[@class=&apos;gb_bb gbii&apos;]&apos; &amp;&amp; element to be clickable: Proxy element for: DefaultElementLocator &apos;By.xpath: //span[@class=&apos;gb_bb gbii&apos;]&apos; (tried for 20 second(s) with 500 MILLISECONDS interval)" type="org.openqa.selenium.TimeoutException"><![CDATA[org.openqa.selenium.TimeoutException: Expected condition failed: waiting for all conditions to be valid: visibility of Proxy element for: DefaultElementLocator 'By.xpath: //span[@class='gb_bb gbii']' && element to be clickable: Proxy element for: DefaultElementLocator 'By.xpath: //span[@class='gb_bb gbii']' (tried for 20 second(s) with 500 MILLISECONDS interval)
	at com.gmail.qa.test.GmailSignInComposeMailSignOutTest.testGmailSignInComposeMailSignOut(GmailSignInComposeMailSignOutTest.java:47)
Caused by: org.openqa.selenium.NoSuchElementException: 
no such element: Unable to locate element: {"method":"xpath","selector":"//span[@class='gb_bb gbii']"}
  (Session info: chrome=70.0.3538.110)
  (Driver info: chromedriver=2.44.609538 (b655c5a60b0b544917107a59d4153d4bf78e1b90),platform=Windows NT 10.0.17134 x86_64) (WARNING: The server did not provide any stacktrace information)
Command duration or timeout: 0 milliseconds
For documentation on this error, please visit: http://seleniumhq.org/exceptions/no_such_element.html
Build info: version: '3.5.3', revision: 'a88d25fe6b', time: '2017-08-29T12:42:44.417Z'
System info: host: 'DESKTOP-VQGGT5N', ip: '192.168.1.12', os.name: 'Windows 10', os.arch: 'amd64', os.version: '10.0', java.version: '1.8.0_181'
Driver info: org.openqa.selenium.chrome.ChromeDriver
Capabilities [{mobileEmulationEnabled=false, hasTouchScreen=false, platform=XP, acceptSslCerts=false, goog:chromeOptions={debuggerAddress=localhost:50279}, acceptInsecureCerts=false, webStorageEnabled=true, browserName=chrome, takesScreenshot=true, javascriptEnabled=true, platformName=XP, setWindowRect=true, unexpectedAlertBehaviour=ignore, applicationCacheEnabled=false, rotatable=false, networkConnectionEnabled=false, chrome={chromedriverVersion=2.44.609538 (b655c5a60b0b544917107a59d4153d4bf78e1b90), userDataDir=C:\Users\chait\AppData\Local\Temp\scoped_dir8540_8040}, takesHeapSnapshot=true, unhandledPromptBehavior=ignore, pageLoadStrategy=normal, databaseEnabled=false, handlesAlerts=true, version=70.0.3538.110, browserConnectionEnabled=false, nativeEvents=true, locationContextEnabled=true, cssSelectorsEnabled=true}]
Session ID: 289989dc5384cb43b7405861be44b7a9
*** Element info: {Using=xpath, value=//span[@class='gb_bb gbii']}
	at com.gmail.qa.test.GmailSignInComposeMailSignOutTest.testGmailSignInComposeMailSignOut(GmailSignInComposeMailSignOutTest.java:47)
]]></error>
    <system-out><![CDATA[12-09-2018 12:35:29 Base.java INFO  [main] GmailSignInComposeMailSignOutTest 31 - Execution Started
12-09-2018 12:35:29 RequestAddCookies.java DEBUG [Forwarding newSession on session null to remote] protocol.RequestAddCookies 123 - CookieSpec selected: default
12-09-2018 12:35:29 RequestAuthCache.java DEBUG [Forwarding newSession on session null to remote] protocol.RequestAuthCache 77 - Auth cache not set in the context
12-09-2018 12:35:29 PoolingHttpClientConnectionManager.java DEBUG [Forwarding newSession on session null to remote] conn.PoolingHttpClientConnectionManager 255 - Connection request: [route: {}->http://localhost:42366][total kept alive: 2; route allocated: 0 of 2000; total allocated: 2 of 2000]
12-09-2018 12:35:29 PoolingHttpClientConnectionManager.java DEBUG [Forwarding newSession on session null to remote] conn.PoolingHttpClientConnectionManager 288 - Connection leased: [id: 2][route: {}->http://localhost:42366][total kept alive: 2; route allocated: 1 of 2000; total allocated: 3 of 2000]
12-09-2018 12:35:29 MainClientExec.java DEBUG [Forwarding newSession on session null to remote] execchain.MainClientExec 235 - Opening connection {}->http://localhost:42366
12-09-2018 12:35:29 DefaultHttpClientConnectionOperator.java DEBUG [Forwarding newSession on session null to remote] conn.DefaultHttpClientConnectionOperator 139 - Connecting to localhost/127.0.0.1:42366
12-09-2018 12:35:29 DefaultHttpClientConnectionOperator.java DEBUG [Forwarding newSession on session null to remote] conn.DefaultHttpClientConnectionOperator 146 - Connection established 127.0.0.1:50277<->127.0.0.1:42366
12-09-2018 12:35:29 LoggingManagedHttpClientConnection.java DEBUG [Forwarding newSession on session null to remote] conn.DefaultManagedHttpClientConnection 88 - http-outgoing-2: set socket timeout to 10800000
12-09-2018 12:35:29 MainClientExec.java DEBUG [Forwarding newSession on session null to remote] execchain.MainClientExec 256 - Executing request POST /session HTTP/1.1
12-09-2018 12:35:29 MainClientExec.java DEBUG [Forwarding newSession on session null to remote] execchain.MainClientExec 261 - Target auth state: UNCHALLENGED
12-09-2018 12:35:29 MainClientExec.java DEBUG [Forwarding newSession on session null to remote] execchain.MainClientExec 267 - Proxy auth state: UNCHALLENGED
12-09-2018 12:35:29 LoggingManagedHttpClientConnection.java DEBUG [Forwarding newSession on session null to remote] http.headers 133 - http-outgoing-2 >> POST /session HTTP/1.1
12-09-2018 12:35:29 LoggingManagedHttpClientConnection.java DEBUG [Forwarding newSession on session null to remote] http.headers 136 - http-outgoing-2 >> Content-Type: application/json; charset=utf-8
12-09-2018 12:35:29 LoggingManagedHttpClientConnection.java DEBUG [Forwarding newSession on session null to remote] http.headers 136 - http-outgoing-2 >> Content-Length: 550
12-09-2018 12:35:29 LoggingManagedHttpClientConnection.java DEBUG [Forwarding newSession on session null to remote] http.headers 136 - http-outgoing-2 >> Host: localhost:42366
12-09-2018 12:35:29 LoggingManagedHttpClientConnection.java DEBUG [Forwarding newSession on session null to remote] http.headers 136 - http-outgoing-2 >> Connection: Keep-Alive
12-09-2018 12:35:29 LoggingManagedHttpClientConnection.java DEBUG [Forwarding newSession on session null to remote] http.headers 136 - http-outgoing-2 >> User-Agent: Apache-HttpClient/4.5.3 (Java/1.8.0_181)
12-09-2018 12:35:29 LoggingManagedHttpClientConnection.java DEBUG [Forwarding newSession on session null to remote] http.headers 136 - http-outgoing-2 >> Accept-Encoding: gzip,deflate
12-09-2018 12:35:29 Wire.java DEBUG [Forwarding newSession on session null to remote] http.wire 73 - http-outgoing-2 >> "POST /session HTTP/1.1[\r][\n]"
12-09-2018 12:35:29 Wire.java DEBUG [Forwarding newSession on session null to remote] http.wire 73 - http-outgoing-2 >> "Content-Type: application/json; charset=utf-8[\r][\n]"
12-09-2018 12:35:29 Wire.java DEBUG [Forwarding newSession on session null to remote] http.wire 73 - http-outgoing-2 >> "Content-Length: 550[\r][\n]"
12-09-2018 12:35:29 Wire.java DEBUG [Forwarding newSession on session null to remote] http.wire 73 - http-outgoing-2 >> "Host: localhost:42366[\r][\n]"
12-09-2018 12:35:29 Wire.java DEBUG [Forwarding newSession on session null to remote] http.wire 73 - http-outgoing-2 >> "Connection: Keep-Alive[\r][\n]"
12-09-2018 12:35:29 Wire.java DEBUG [Forwarding newSession on session null to remote] http.wire 73 - http-outgoing-2 >> "User-Agent: Apache-HttpClient/4.5.3 (Java/1.8.0_181)[\r][\n]"
12-09-2018 12:35:29 Wire.java DEBUG [Forwarding newSession on session null to remote] http.wire 73 - http-outgoing-2 >> "Accept-Encoding: gzip,deflate[\r][\n]"
12-09-2018 12:35:29 Wire.java DEBUG [Forwarding newSession on session null to remote] http.wire 73 - http-outgoing-2 >> "[\r][\n]"
12-09-2018 12:35:29 Wire.java DEBUG [Forwarding newSession on session null to remote] http.wire 73 - http-outgoing-2 >> "{[\n]"
12-09-2018 12:35:29 Wire.java DEBUG [Forwarding newSession on session null to remote] http.wire 73 - http-outgoing-2 >> "  "desiredCapabilities": {[\n]"
12-09-2018 12:35:29 Wire.java DEBUG [Forwarding newSession on session null to remote] http.wire 73 - http-outgoing-2 >> "    "browserName": "chrome",[\n]"
12-09-2018 12:35:29 Wire.java DEBUG [Forwarding newSession on session null to remote] http.wire 73 - http-outgoing-2 >> "    "chromeOptions": {[\n]"
12-09-2018 12:35:29 Wire.java DEBUG [Forwarding newSession on session null to remote] http.wire 73 - http-outgoing-2 >> "      "args": [],[\n]"
12-09-2018 12:35:29 Wire.java DEBUG [Forwarding newSession on session null to remote] http.wire 73 - http-outgoing-2 >> "      "extensions": [][\n]"
12-09-2018 12:35:29 Wire.java DEBUG [Forwarding newSession on session null to remote] http.wire 73 - http-outgoing-2 >> "    },[\n]"
12-09-2018 12:35:29 Wire.java DEBUG [Forwarding newSession on session null to remote] http.wire 73 - http-outgoing-2 >> "    "version": "",[\n]"
12-09-2018 12:35:29 Wire.java DEBUG [Forwarding newSession on session null to remote] http.wire 73 - http-outgoing-2 >> "    "platform": "ANY"[\n]"
12-09-2018 12:35:29 Wire.java DEBUG [Forwarding newSession on session null to remote] http.wire 73 - http-outgoing-2 >> "  },[\n]"
12-09-2018 12:35:29 Wire.java DEBUG [Forwarding newSession on session null to remote] http.wire 73 - http-outgoing-2 >> "  "requiredCapabilities": {},[\n]"
12-09-2018 12:35:29 Wire.java DEBUG [Forwarding newSession on session null to remote] http.wire 73 - http-outgoing-2 >> "  "capabilities": {[\n]"
12-09-2018 12:35:29 Wire.java DEBUG [Forwarding newSession on session null to remote] http.wire 73 - http-outgoing-2 >> "    "desiredCapabilities": {[\n]"
12-09-2018 12:35:29 Wire.java DEBUG [Forwarding newSession on session null to remote] http.wire 73 - http-outgoing-2 >> "      "browserName": "chrome",[\n]"
12-09-2018 12:35:29 Wire.java DEBUG [Forwarding newSession on session null to remote] http.wire 73 - http-outgoing-2 >> "      "chromeOptions": {[\n]"
12-09-2018 12:35:29 Wire.java DEBUG [Forwarding newSession on session null to remote] http.wire 73 - http-outgoing-2 >> "        "args": [],[\n]"
12-09-2018 12:35:29 Wire.java DEBUG [Forwarding newSession on session null to remote] http.wire 73 - http-outgoing-2 >> "        "extensions": [][\n]"
12-09-2018 12:35:29 Wire.java DEBUG [Forwarding newSession on session null to remote] http.wire 73 - http-outgoing-2 >> "      },[\n]"
12-09-2018 12:35:29 Wire.java DEBUG [Forwarding newSession on session null to remote] http.wire 73 - http-outgoing-2 >> "      "version": "",[\n]"
12-09-2018 12:35:29 Wire.java DEBUG [Forwarding newSession on session null to remote] http.wire 73 - http-outgoing-2 >> "      "platform": "ANY"[\n]"
12-09-2018 12:35:29 Wire.java DEBUG [Forwarding newSession on session null to remote] http.wire 73 - http-outgoing-2 >> "    },[\n]"
12-09-2018 12:35:29 Wire.java DEBUG [Forwarding newSession on session null to remote] http.wire 73 - http-outgoing-2 >> "    "requiredCapabilities": {},[\n]"
12-09-2018 12:35:29 Wire.java DEBUG [Forwarding newSession on session null to remote] http.wire 73 - http-outgoing-2 >> "    "alwaysMatch": {},[\n]"
12-09-2018 12:35:29 Wire.java DEBUG [Forwarding newSession on session null to remote] http.wire 73 - http-outgoing-2 >> "    "firstMatch": [[\n]"
12-09-2018 12:35:29 Wire.java DEBUG [Forwarding newSession on session null to remote] http.wire 73 - http-outgoing-2 >> "      {[\n]"
12-09-2018 12:35:29 Wire.java DEBUG [Forwarding newSession on session null to remote] http.wire 73 - http-outgoing-2 >> "        "browserName": "chrome"[\n]"
12-09-2018 12:35:29 Wire.java DEBUG [Forwarding newSession on session null to remote] http.wire 73 - http-outgoing-2 >> "      }[\n]"
12-09-2018 12:35:29 Wire.java DEBUG [Forwarding newSession on session null to remote] http.wire 73 - http-outgoing-2 >> "    ][\n]"
12-09-2018 12:35:29 Wire.java DEBUG [Forwarding newSession on session null to remote] http.wire 73 - http-outgoing-2 >> "  }[\n]"
12-09-2018 12:35:29 Wire.java DEBUG [Forwarding newSession on session null to remote] http.wire 87 - http-outgoing-2 >> "}"
12-09-2018 12:35:31 Wire.java DEBUG [Forwarding newSession on session null to remote] http.wire 73 - http-outgoing-2 << "HTTP/1.1 200 OK[\r][\n]"
12-09-2018 12:35:31 Wire.java DEBUG [Forwarding newSession on session null to remote] http.wire 73 - http-outgoing-2 << "Content-Length:893[\r][\n]"
12-09-2018 12:35:31 Wire.java DEBUG [Forwarding newSession on session null to remote] http.wire 73 - http-outgoing-2 << "Content-Type:application/json; charset=utf-8[\r][\n]"
12-09-2018 12:35:31 Wire.java DEBUG [Forwarding newSession on session null to remote] http.wire 73 - http-outgoing-2 << "[\r][\n]"
12-09-2018 12:35:31 Wire.java DEBUG [Forwarding newSession on session null to remote] http.wire 87 - http-outgoing-2 << "{"sessionId":"289989dc5384cb43b7405861be44b7a9","status":0,"value":{"acceptInsecureCerts":false,"acceptSslCerts":false,"applicationCacheEnabled":false,"browserConnectionEnabled":false,"browserName":"chrome","chrome":{"chromedriverVersion":"2.44.609538 (b655c5a60b0b544917107a59d4153d4bf78e1b90)","userDataDir":"C:\\Users\\chait\\AppData\\Local\\Temp\\scoped_dir8540_8040"},"cssSelectorsEnabled":true,"databaseEnabled":false,"goog:chromeOptions":{"debuggerAddress":"localhost:50279"},"handlesAlerts":true,"hasTouchScreen":false,"javascriptEnabled":true,"locationContextEnabled":true,"mobileEmulationEnabled":false,"nativeEvents":true,"networkConnectionEnabled":false,"pageLoadStrategy":"normal","platform":"Windows NT","rotatable":false,"setWindowRect":true,"takesHeapSnapshot":true,"takesScreenshot":true,"unexpectedAlertBehaviour":"ignore","version":"70.0.3538.110","webStorageEnabled":true}}"
12-09-2018 12:35:31 LoggingManagedHttpClientConnection.java DEBUG [Forwarding newSession on session null to remote] http.headers 122 - http-outgoing-2 << HTTP/1.1 200 OK
12-09-2018 12:35:31 LoggingManagedHttpClientConnection.java DEBUG [Forwarding newSession on session null to remote] http.headers 125 - http-outgoing-2 << Content-Length:893
12-09-2018 12:35:31 LoggingManagedHttpClientConnection.java DEBUG [Forwarding newSession on session null to remote] http.headers 125 - http-outgoing-2 << Content-Type:application/json; charset=utf-8
12-09-2018 12:35:31 MainClientExec.java DEBUG [Forwarding newSession on session null to remote] execchain.MainClientExec 285 - Connection can be kept alive indefinitely
12-09-2018 12:35:31 PoolingHttpClientConnectionManager.java DEBUG [Forwarding newSession on session null to remote] conn.PoolingHttpClientConnectionManager 320 - Connection [id: 2][route: {}->http://localhost:42366] can be kept alive indefinitely
12-09-2018 12:35:31 PoolingHttpClientConnectionManager.java DEBUG [Forwarding newSession on session null to remote] conn.PoolingHttpClientConnectionManager 326 - Connection released: [id: 2][route: {}->http://localhost:42366][total kept alive: 3; route allocated: 1 of 2000; total allocated: 3 of 2000]
12-09-2018 12:35:31 RequestAddCookies.java DEBUG [Forwarding maximizeCurrentWindow on session 289989dc5384cb43b7405861be44b7a9 to remote] protocol.RequestAddCookies 123 - CookieSpec selected: default
12-09-2018 12:35:31 RequestAuthCache.java DEBUG [Forwarding maximizeCurrentWindow on session 289989dc5384cb43b7405861be44b7a9 to remote] protocol.RequestAuthCache 77 - Auth cache not set in the context
12-09-2018 12:35:31 PoolingHttpClientConnectionManager.java DEBUG [Forwarding maximizeCurrentWindow on session 289989dc5384cb43b7405861be44b7a9 to remote] conn.PoolingHttpClientConnectionManager 255 - Connection request: [route: {}->http://localhost:42366][total kept alive: 3; route allocated: 1 of 2000; total allocated: 3 of 2000]
12-09-2018 12:35:31 PoolingHttpClientConnectionManager.java DEBUG [Forwarding maximizeCurrentWindow on session 289989dc5384cb43b7405861be44b7a9 to remote] conn.PoolingHttpClientConnectionManager 288 - Connection leased: [id: 2][route: {}->http://localhost:42366][total kept alive: 2; route allocated: 1 of 2000; total allocated: 3 of 2000]
12-09-2018 12:35:31 MainClientExec.java DEBUG [Forwarding maximizeCurrentWindow on session 289989dc5384cb43b7405861be44b7a9 to remote] execchain.MainClientExec 208 - Stale connection check
12-09-2018 12:35:31 Wire.java DEBUG [Forwarding maximizeCurrentWindow on session 289989dc5384cb43b7405861be44b7a9 to remote] http.wire 87 - http-outgoing-2 << "[read] I/O error: Read timed out"
12-09-2018 12:35:31 LoggingManagedHttpClientConnection.java DEBUG [Forwarding maximizeCurrentWindow on session 289989dc5384cb43b7405861be44b7a9 to remote] conn.DefaultManagedHttpClientConnection 88 - http-outgoing-2: set socket timeout to 10800000
12-09-2018 12:35:31 MainClientExec.java DEBUG [Forwarding maximizeCurrentWindow on session 289989dc5384cb43b7405861be44b7a9 to remote] execchain.MainClientExec 256 - Executing request POST /session/289989dc5384cb43b7405861be44b7a9/window/current/maximize HTTP/1.1
12-09-2018 12:35:31 MainClientExec.java DEBUG [Forwarding maximizeCurrentWindow on session 289989dc5384cb43b7405861be44b7a9 to remote] execchain.MainClientExec 261 - Target auth state: UNCHALLENGED
12-09-2018 12:35:31 MainClientExec.java DEBUG [Forwarding maximizeCurrentWindow on session 289989dc5384cb43b7405861be44b7a9 to remote] execchain.MainClientExec 267 - Proxy auth state: UNCHALLENGED
12-09-2018 12:35:31 LoggingManagedHttpClientConnection.java DEBUG [Forwarding maximizeCurrentWindow on session 289989dc5384cb43b7405861be44b7a9 to remote] http.headers 133 - http-outgoing-2 >> POST /session/289989dc5384cb43b7405861be44b7a9/window/current/maximize HTTP/1.1
12-09-2018 12:35:31 LoggingManagedHttpClientConnection.java DEBUG [Forwarding maximizeCurrentWindow on session 289989dc5384cb43b7405861be44b7a9 to remote] http.headers 136 - http-outgoing-2 >> Content-Type: application/json; charset=utf-8
12-09-2018 12:35:31 LoggingManagedHttpClientConnection.java DEBUG [Forwarding maximizeCurrentWindow on session 289989dc5384cb43b7405861be44b7a9 to remote] http.headers 136 - http-outgoing-2 >> Content-Length: 45
12-09-2018 12:35:31 LoggingManagedHttpClientConnection.java DEBUG [Forwarding maximizeCurrentWindow on session 289989dc5384cb43b7405861be44b7a9 to remote] http.headers 136 - http-outgoing-2 >> Host: localhost:42366
12-09-2018 12:35:31 LoggingManagedHttpClientConnection.java DEBUG [Forwarding maximizeCurrentWindow on session 289989dc5384cb43b7405861be44b7a9 to remote] http.headers 136 - http-outgoing-2 >> Connection: Keep-Alive
12-09-2018 12:35:31 LoggingManagedHttpClientConnection.java DEBUG [Forwarding maximizeCurrentWindow on session 289989dc5384cb43b7405861be44b7a9 to remote] http.headers 136 - http-outgoing-2 >> User-Agent: Apache-HttpClient/4.5.3 (Java/1.8.0_181)
12-09-2018 12:35:31 LoggingManagedHttpClientConnection.java DEBUG [Forwarding maximizeCurrentWindow on session 289989dc5384cb43b7405861be44b7a9 to remote] http.headers 136 - http-outgoing-2 >> Accept-Encoding: gzip,deflate
12-09-2018 12:35:31 Wire.java DEBUG [Forwarding maximizeCurrentWindow on session 289989dc5384cb43b7405861be44b7a9 to remote] http.wire 73 - http-outgoing-2 >> "POST /session/289989dc5384cb43b7405861be44b7a9/window/current/maximize HTTP/1.1[\r][\n]"
12-09-2018 12:35:31 Wire.java DEBUG [Forwarding maximizeCurrentWindow on session 289989dc5384cb43b7405861be44b7a9 to remote] http.wire 73 - http-outgoing-2 >> "Content-Type: application/json; charset=utf-8[\r][\n]"
12-09-2018 12:35:31 Wire.java DEBUG [Forwarding maximizeCurrentWindow on session 289989dc5384cb43b7405861be44b7a9 to remote] http.wire 73 - http-outgoing-2 >> "Content-Length: 45[\r][\n]"
12-09-2018 12:35:31 Wire.java DEBUG [Forwarding maximizeCurrentWindow on session 289989dc5384cb43b7405861be44b7a9 to remote] http.wire 73 - http-outgoing-2 >> "Host: localhost:42366[\r][\n]"
12-09-2018 12:35:31 Wire.java DEBUG [Forwarding maximizeCurrentWindow on session 289989dc5384cb43b7405861be44b7a9 to remote] http.wire 73 - http-outgoing-2 >> "Connection: Keep-Alive[\r][\n]"
12-09-2018 12:35:31 Wire.java DEBUG [Forwarding maximizeCurrentWindow on session 289989dc5384cb43b7405861be44b7a9 to remote] http.wire 73 - http-outgoing-2 >> "User-Agent: Apache-HttpClient/4.5.3 (Java/1.8.0_181)[\r][\n]"
12-09-2018 12:35:31 Wire.java DEBUG [Forwarding maximizeCurrentWindow on session 289989dc5384cb43b7405861be44b7a9 to remote] http.wire 73 - http-outgoing-2 >> "Accept-Encoding: gzip,deflate[\r][\n]"
12-09-2018 12:35:31 Wire.java DEBUG [Forwarding maximizeCurrentWindow on session 289989dc5384cb43b7405861be44b7a9 to remote] http.wire 73 - http-outgoing-2 >> "[\r][\n]"
12-09-2018 12:35:31 Wire.java DEBUG [Forwarding maximizeCurrentWindow on session 289989dc5384cb43b7405861be44b7a9 to remote] http.wire 87 - http-outgoing-2 >> "{"windowHandle":"current","handle":"current"}"
12-09-2018 12:35:32 Wire.java DEBUG [Forwarding maximizeCurrentWindow on session 289989dc5384cb43b7405861be44b7a9 to remote] http.wire 73 - http-outgoing-2 << "HTTP/1.1 200 OK[\r][\n]"
12-09-2018 12:35:32 Wire.java DEBUG [Forwarding maximizeCurrentWindow on session 289989dc5384cb43b7405861be44b7a9 to remote] http.wire 73 - http-outgoing-2 << "Content-Length:109[\r][\n]"
12-09-2018 12:35:32 Wire.java DEBUG [Forwarding maximizeCurrentWindow on session 289989dc5384cb43b7405861be44b7a9 to remote] http.wire 73 - http-outgoing-2 << "Content-Type:application/json; charset=utf-8[\r][\n]"
12-09-2018 12:35:32 Wire.java DEBUG [Forwarding maximizeCurrentWindow on session 289989dc5384cb43b7405861be44b7a9 to remote] http.wire 73 - http-outgoing-2 << "[\r][\n]"
12-09-2018 12:35:32 Wire.java DEBUG [Forwarding maximizeCurrentWindow on session 289989dc5384cb43b7405861be44b7a9 to remote] http.wire 87 - http-outgoing-2 << "{"sessionId":"289989dc5384cb43b7405861be44b7a9","status":0,"value":{"height":840,"width":1552,"x":-8,"y":-8}}"
12-09-2018 12:35:32 LoggingManagedHttpClientConnection.java DEBUG [Forwarding maximizeCurrentWindow on session 289989dc5384cb43b7405861be44b7a9 to remote] http.headers 122 - http-outgoing-2 << HTTP/1.1 200 OK
12-09-2018 12:35:32 LoggingManagedHttpClientConnection.java DEBUG [Forwarding maximizeCurrentWindow on session 289989dc5384cb43b7405861be44b7a9 to remote] http.headers 125 - http-outgoing-2 << Content-Length:109
12-09-2018 12:35:32 LoggingManagedHttpClientConnection.java DEBUG [Forwarding maximizeCurrentWindow on session 289989dc5384cb43b7405861be44b7a9 to remote] http.headers 125 - http-outgoing-2 << Content-Type:application/json; charset=utf-8
12-09-2018 12:35:32 MainClientExec.java DEBUG [Forwarding maximizeCurrentWindow on session 289989dc5384cb43b7405861be44b7a9 to remote] execchain.MainClientExec 285 - Connection can be kept alive indefinitely
12-09-2018 12:35:32 PoolingHttpClientConnectionManager.java DEBUG [Forwarding maximizeCurrentWindow on session 289989dc5384cb43b7405861be44b7a9 to remote] conn.PoolingHttpClientConnectionManager 320 - Connection [id: 2][route: {}->http://localhost:42366] can be kept alive indefinitely
12-09-2018 12:35:32 PoolingHttpClientConnectionManager.java DEBUG [Forwarding maximizeCurrentWindow on session 289989dc5384cb43b7405861be44b7a9 to remote] conn.PoolingHttpClientConnectionManager 326 - Connection released: [id: 2][route: {}->http://localhost:42366][total kept alive: 3; route allocated: 1 of 2000; total allocated: 3 of 2000]
12-09-2018 12:35:32 RequestAddCookies.java DEBUG [Forwarding deleteAllCookies on session 289989dc5384cb43b7405861be44b7a9 to remote] protocol.RequestAddCookies 123 - CookieSpec selected: default
12-09-2018 12:35:32 RequestAuthCache.java DEBUG [Forwarding deleteAllCookies on session 289989dc5384cb43b7405861be44b7a9 to remote] protocol.RequestAuthCache 77 - Auth cache not set in the context
12-09-2018 12:35:32 PoolingHttpClientConnectionManager.java DEBUG [Forwarding deleteAllCookies on session 289989dc5384cb43b7405861be44b7a9 to remote] conn.PoolingHttpClientConnectionManager 255 - Connection request: [route: {}->http://localhost:42366][total kept alive: 3; route allocated: 1 of 2000; total allocated: 3 of 2000]
12-09-2018 12:35:32 PoolingHttpClientConnectionManager.java DEBUG [Forwarding deleteAllCookies on session 289989dc5384cb43b7405861be44b7a9 to remote] conn.PoolingHttpClientConnectionManager 288 - Connection leased: [id: 2][route: {}->http://localhost:42366][total kept alive: 2; route allocated: 1 of 2000; total allocated: 3 of 2000]
12-09-2018 12:35:32 MainClientExec.java DEBUG [Forwarding deleteAllCookies on session 289989dc5384cb43b7405861be44b7a9 to remote] execchain.MainClientExec 208 - Stale connection check
12-09-2018 12:35:32 Wire.java DEBUG [Forwarding deleteAllCookies on session 289989dc5384cb43b7405861be44b7a9 to remote] http.wire 87 - http-outgoing-2 << "[read] I/O error: Read timed out"
12-09-2018 12:35:32 LoggingManagedHttpClientConnection.java DEBUG [Forwarding deleteAllCookies on session 289989dc5384cb43b7405861be44b7a9 to remote] conn.DefaultManagedHttpClientConnection 88 - http-outgoing-2: set socket timeout to 10800000
12-09-2018 12:35:32 MainClientExec.java DEBUG [Forwarding deleteAllCookies on session 289989dc5384cb43b7405861be44b7a9 to remote] execchain.MainClientExec 256 - Executing request DELETE /session/289989dc5384cb43b7405861be44b7a9/cookie HTTP/1.1
12-09-2018 12:35:32 MainClientExec.java DEBUG [Forwarding deleteAllCookies on session 289989dc5384cb43b7405861be44b7a9 to remote] execchain.MainClientExec 261 - Target auth state: UNCHALLENGED
12-09-2018 12:35:32 MainClientExec.java DEBUG [Forwarding deleteAllCookies on session 289989dc5384cb43b7405861be44b7a9 to remote] execchain.MainClientExec 267 - Proxy auth state: UNCHALLENGED
12-09-2018 12:35:32 LoggingManagedHttpClientConnection.java DEBUG [Forwarding deleteAllCookies on session 289989dc5384cb43b7405861be44b7a9 to remote] http.headers 133 - http-outgoing-2 >> DELETE /session/289989dc5384cb43b7405861be44b7a9/cookie HTTP/1.1
12-09-2018 12:35:32 LoggingManagedHttpClientConnection.java DEBUG [Forwarding deleteAllCookies on session 289989dc5384cb43b7405861be44b7a9 to remote] http.headers 136 - http-outgoing-2 >> Host: localhost:42366
12-09-2018 12:35:32 LoggingManagedHttpClientConnection.java DEBUG [Forwarding deleteAllCookies on session 289989dc5384cb43b7405861be44b7a9 to remote] http.headers 136 - http-outgoing-2 >> Connection: Keep-Alive
12-09-2018 12:35:32 LoggingManagedHttpClientConnection.java DEBUG [Forwarding deleteAllCookies on session 289989dc5384cb43b7405861be44b7a9 to remote] http.headers 136 - http-outgoing-2 >> User-Agent: Apache-HttpClient/4.5.3 (Java/1.8.0_181)
12-09-2018 12:35:32 LoggingManagedHttpClientConnection.java DEBUG [Forwarding deleteAllCookies on session 289989dc5384cb43b7405861be44b7a9 to remote] http.headers 136 - http-outgoing-2 >> Accept-Encoding: gzip,deflate
12-09-2018 12:35:32 Wire.java DEBUG [Forwarding deleteAllCookies on session 289989dc5384cb43b7405861be44b7a9 to remote] http.wire 73 - http-outgoing-2 >> "DELETE /session/289989dc5384cb43b7405861be44b7a9/cookie HTTP/1.1[\r][\n]"
12-09-2018 12:35:32 Wire.java DEBUG [Forwarding deleteAllCookies on session 289989dc5384cb43b7405861be44b7a9 to remote] http.wire 73 - http-outgoing-2 >> "Host: localhost:42366[\r][\n]"
12-09-2018 12:35:32 Wire.java DEBUG [Forwarding deleteAllCookies on session 289989dc5384cb43b7405861be44b7a9 to remote] http.wire 73 - http-outgoing-2 >> "Connection: Keep-Alive[\r][\n]"
12-09-2018 12:35:32 Wire.java DEBUG [Forwarding deleteAllCookies on session 289989dc5384cb43b7405861be44b7a9 to remote] http.wire 73 - http-outgoing-2 >> "User-Agent: Apache-HttpClient/4.5.3 (Java/1.8.0_181)[\r][\n]"
12-09-2018 12:35:32 Wire.java DEBUG [Forwarding deleteAllCookies on session 289989dc5384cb43b7405861be44b7a9 to remote] http.wire 73 - http-outgoing-2 >> "Accept-Encoding: gzip,deflate[\r][\n]"
12-09-2018 12:35:32 Wire.java DEBUG [Forwarding deleteAllCookies on session 289989dc5384cb43b7405861be44b7a9 to remote] http.wire 73 - http-outgoing-2 >> "[\r][\n]"
12-09-2018 12:35:32 Wire.java DEBUG [Forwarding deleteAllCookies on session 289989dc5384cb43b7405861be44b7a9 to remote] http.wire 73 - http-outgoing-2 << "HTTP/1.1 200 OK[\r][\n]"
12-09-2018 12:35:32 Wire.java DEBUG [Forwarding deleteAllCookies on session 289989dc5384cb43b7405861be44b7a9 to remote] http.wire 73 - http-outgoing-2 << "Content-Length:72[\r][\n]"
12-09-2018 12:35:32 Wire.java DEBUG [Forwarding deleteAllCookies on session 289989dc5384cb43b7405861be44b7a9 to remote] http.wire 73 - http-outgoing-2 << "Content-Type:application/json; charset=utf-8[\r][\n]"
12-09-2018 12:35:32 Wire.java DEBUG [Forwarding deleteAllCookies on session 289989dc5384cb43b7405861be44b7a9 to remote] http.wire 73 - http-outgoing-2 << "[\r][\n]"
12-09-2018 12:35:32 Wire.java DEBUG [Forwarding deleteAllCookies on session 289989dc5384cb43b7405861be44b7a9 to remote] http.wire 87 - http-outgoing-2 << "{"sessionId":"289989dc5384cb43b7405861be44b7a9","status":0,"value":null}"
12-09-2018 12:35:32 LoggingManagedHttpClientConnection.java DEBUG [Forwarding deleteAllCookies on session 289989dc5384cb43b7405861be44b7a9 to remote] http.headers 122 - http-outgoing-2 << HTTP/1.1 200 OK
12-09-2018 12:35:32 LoggingManagedHttpClientConnection.java DEBUG [Forwarding deleteAllCookies on session 289989dc5384cb43b7405861be44b7a9 to remote] http.headers 125 - http-outgoing-2 << Content-Length:72
12-09-2018 12:35:32 LoggingManagedHttpClientConnection.java DEBUG [Forwarding deleteAllCookies on session 289989dc5384cb43b7405861be44b7a9 to remote] http.headers 125 - http-outgoing-2 << Content-Type:application/json; charset=utf-8
12-09-2018 12:35:32 MainClientExec.java DEBUG [Forwarding deleteAllCookies on session 289989dc5384cb43b7405861be44b7a9 to remote] execchain.MainClientExec 285 - Connection can be kept alive indefinitely
12-09-2018 12:35:32 PoolingHttpClientConnectionManager.java DEBUG [Forwarding deleteAllCookies on session 289989dc5384cb43b7405861be44b7a9 to remote] conn.PoolingHttpClientConnectionManager 320 - Connection [id: 2][route: {}->http://localhost:42366] can be kept alive indefinitely
12-09-2018 12:35:32 PoolingHttpClientConnectionManager.java DEBUG [Forwarding deleteAllCookies on session 289989dc5384cb43b7405861be44b7a9 to remote] conn.PoolingHttpClientConnectionManager 326 - Connection released: [id: 2][route: {}->http://localhost:42366][total kept alive: 3; route allocated: 1 of 2000; total allocated: 3 of 2000]
12-09-2018 12:35:32 RequestAddCookies.java DEBUG [Forwarding get on session 289989dc5384cb43b7405861be44b7a9 to remote] protocol.RequestAddCookies 123 - CookieSpec selected: default
12-09-2018 12:35:32 RequestAuthCache.java DEBUG [Forwarding get on session 289989dc5384cb43b7405861be44b7a9 to remote] protocol.RequestAuthCache 77 - Auth cache not set in the context
12-09-2018 12:35:32 PoolingHttpClientConnectionManager.java DEBUG [Forwarding get on session 289989dc5384cb43b7405861be44b7a9 to remote] conn.PoolingHttpClientConnectionManager 255 - Connection request: [route: {}->http://localhost:42366][total kept alive: 3; route allocated: 1 of 2000; total allocated: 3 of 2000]
12-09-2018 12:35:32 PoolingHttpClientConnectionManager.java DEBUG [Forwarding get on session 289989dc5384cb43b7405861be44b7a9 to remote] conn.PoolingHttpClientConnectionManager 288 - Connection leased: [id: 2][route: {}->http://localhost:42366][total kept alive: 2; route allocated: 1 of 2000; total allocated: 3 of 2000]
12-09-2018 12:35:32 MainClientExec.java DEBUG [Forwarding get on session 289989dc5384cb43b7405861be44b7a9 to remote] execchain.MainClientExec 208 - Stale connection check
12-09-2018 12:35:32 Wire.java DEBUG [Forwarding get on session 289989dc5384cb43b7405861be44b7a9 to remote] http.wire 87 - http-outgoing-2 << "[read] I/O error: Read timed out"
12-09-2018 12:35:32 LoggingManagedHttpClientConnection.java DEBUG [Forwarding get on session 289989dc5384cb43b7405861be44b7a9 to remote] conn.DefaultManagedHttpClientConnection 88 - http-outgoing-2: set socket timeout to 10800000
12-09-2018 12:35:32 MainClientExec.java DEBUG [Forwarding get on session 289989dc5384cb43b7405861be44b7a9 to remote] execchain.MainClientExec 256 - Executing request POST /session/289989dc5384cb43b7405861be44b7a9/url HTTP/1.1
12-09-2018 12:35:32 MainClientExec.java DEBUG [Forwarding get on session 289989dc5384cb43b7405861be44b7a9 to remote] execchain.MainClientExec 261 - Target auth state: UNCHALLENGED
12-09-2018 12:35:32 MainClientExec.java DEBUG [Forwarding get on session 289989dc5384cb43b7405861be44b7a9 to remote] execchain.MainClientExec 267 - Proxy auth state: UNCHALLENGED
12-09-2018 12:35:32 LoggingManagedHttpClientConnection.java DEBUG [Forwarding get on session 289989dc5384cb43b7405861be44b7a9 to remote] http.headers 133 - http-outgoing-2 >> POST /session/289989dc5384cb43b7405861be44b7a9/url HTTP/1.1
12-09-2018 12:35:32 LoggingManagedHttpClientConnection.java DEBUG [Forwarding get on session 289989dc5384cb43b7405861be44b7a9 to remote] http.headers 136 - http-outgoing-2 >> Content-Type: application/json; charset=utf-8
12-09-2018 12:35:32 LoggingManagedHttpClientConnection.java DEBUG [Forwarding get on session 289989dc5384cb43b7405861be44b7a9 to remote] http.headers 136 - http-outgoing-2 >> Content-Length: 27
12-09-2018 12:35:32 LoggingManagedHttpClientConnection.java DEBUG [Forwarding get on session 289989dc5384cb43b7405861be44b7a9 to remote] http.headers 136 - http-outgoing-2 >> Host: localhost:42366
12-09-2018 12:35:32 LoggingManagedHttpClientConnection.java DEBUG [Forwarding get on session 289989dc5384cb43b7405861be44b7a9 to remote] http.headers 136 - http-outgoing-2 >> Connection: Keep-Alive
12-09-2018 12:35:32 LoggingManagedHttpClientConnection.java DEBUG [Forwarding get on session 289989dc5384cb43b7405861be44b7a9 to remote] http.headers 136 - http-outgoing-2 >> User-Agent: Apache-HttpClient/4.5.3 (Java/1.8.0_181)
12-09-2018 12:35:32 LoggingManagedHttpClientConnection.java DEBUG [Forwarding get on session 289989dc5384cb43b7405861be44b7a9 to remote] http.headers 136 - http-outgoing-2 >> Accept-Encoding: gzip,deflate
12-09-2018 12:35:32 Wire.java DEBUG [Forwarding get on session 289989dc5384cb43b7405861be44b7a9 to remote] http.wire 73 - http-outgoing-2 >> "POST /session/289989dc5384cb43b7405861be44b7a9/url HTTP/1.1[\r][\n]"
12-09-2018 12:35:32 Wire.java DEBUG [Forwarding get on session 289989dc5384cb43b7405861be44b7a9 to remote] http.wire 73 - http-outgoing-2 >> "Content-Type: application/json; charset=utf-8[\r][\n]"
12-09-2018 12:35:32 Wire.java DEBUG [Forwarding get on session 289989dc5384cb43b7405861be44b7a9 to remote] http.wire 73 - http-outgoing-2 >> "Content-Length: 27[\r][\n]"
12-09-2018 12:35:32 Wire.java DEBUG [Forwarding get on session 289989dc5384cb43b7405861be44b7a9 to remote] http.wire 73 - http-outgoing-2 >> "Host: localhost:42366[\r][\n]"
12-09-2018 12:35:32 Wire.java DEBUG [Forwarding get on session 289989dc5384cb43b7405861be44b7a9 to remote] http.wire 73 - http-outgoing-2 >> "Connection: Keep-Alive[\r][\n]"
12-09-2018 12:35:32 Wire.java DEBUG [Forwarding get on session 289989dc5384cb43b7405861be44b7a9 to remote] http.wire 73 - http-outgoing-2 >> "User-Agent: Apache-HttpClient/4.5.3 (Java/1.8.0_181)[\r][\n]"
12-09-2018 12:35:32 Wire.java DEBUG [Forwarding get on session 289989dc5384cb43b7405861be44b7a9 to remote] http.wire 73 - http-outgoing-2 >> "Accept-Encoding: gzip,deflate[\r][\n]"
12-09-2018 12:35:32 Wire.java DEBUG [Forwarding get on session 289989dc5384cb43b7405861be44b7a9 to remote] http.wire 73 - http-outgoing-2 >> "[\r][\n]"
12-09-2018 12:35:32 Wire.java DEBUG [Forwarding get on session 289989dc5384cb43b7405861be44b7a9 to remote] http.wire 87 - http-outgoing-2 >> "{"url":"https://gmail.com"}"
12-09-2018 12:35:35 Wire.java DEBUG [Forwarding get on session 289989dc5384cb43b7405861be44b7a9 to remote] http.wire 73 - http-outgoing-2 << "HTTP/1.1 200 OK[\r][\n]"
12-09-2018 12:35:35 Wire.java DEBUG [Forwarding get on session 289989dc5384cb43b7405861be44b7a9 to remote] http.wire 73 - http-outgoing-2 << "Content-Length:72[\r][\n]"
12-09-2018 12:35:35 Wire.java DEBUG [Forwarding get on session 289989dc5384cb43b7405861be44b7a9 to remote] http.wire 73 - http-outgoing-2 << "Content-Type:application/json; charset=utf-8[\r][\n]"
12-09-2018 12:35:35 Wire.java DEBUG [Forwarding get on session 289989dc5384cb43b7405861be44b7a9 to remote] http.wire 73 - http-outgoing-2 << "[\r][\n]"
12-09-2018 12:35:35 Wire.java DEBUG [Forwarding get on session 289989dc5384cb43b7405861be44b7a9 to remote] http.wire 87 - http-outgoing-2 << "{"sessionId":"289989dc5384cb43b7405861be44b7a9","status":0,"value":null}"
12-09-2018 12:35:35 LoggingManagedHttpClientConnection.java DEBUG [Forwarding get on session 289989dc5384cb43b7405861be44b7a9 to remote] http.headers 122 - http-outgoing-2 << HTTP/1.1 200 OK
12-09-2018 12:35:35 LoggingManagedHttpClientConnection.java DEBUG [Forwarding get on session 289989dc5384cb43b7405861be44b7a9 to remote] http.headers 125 - http-outgoing-2 << Content-Length:72
12-09-2018 12:35:35 LoggingManagedHttpClientConnection.java DEBUG [Forwarding get on session 289989dc5384cb43b7405861be44b7a9 to remote] http.headers 125 - http-outgoing-2 << Content-Type:application/json; charset=utf-8
12-09-2018 12:35:35 MainClientExec.java DEBUG [Forwarding get on session 289989dc5384cb43b7405861be44b7a9 to remote] execchain.MainClientExec 285 - Connection can be kept alive indefinitely
12-09-2018 12:35:35 PoolingHttpClientConnectionManager.java DEBUG [Forwarding get on session 289989dc5384cb43b7405861be44b7a9 to remote] conn.PoolingHttpClientConnectionManager 320 - Connection [id: 2][route: {}->http://localhost:42366] can be kept alive indefinitely
12-09-2018 12:35:35 PoolingHttpClientConnectionManager.java DEBUG [Forwarding get on session 289989dc5384cb43b7405861be44b7a9 to remote] conn.PoolingHttpClientConnectionManager 326 - Connection released: [id: 2][route: {}->http://localhost:42366][total kept alive: 3; route allocated: 1 of 2000; total allocated: 3 of 2000]
12-09-2018 12:35:35 Base.java INFO  [main] EnterEmailPage 31 - Execution Started
12-09-2018 12:35:35 Base.java INFO  [main] Utils 31 - Execution Started
12-09-2018 12:35:35 RequestAddCookies.java DEBUG [Forwarding findElement on session 289989dc5384cb43b7405861be44b7a9 to remote] protocol.RequestAddCookies 123 - CookieSpec selected: default
12-09-2018 12:35:35 RequestAuthCache.java DEBUG [Forwarding findElement on session 289989dc5384cb43b7405861be44b7a9 to remote] protocol.RequestAuthCache 77 - Auth cache not set in the context
12-09-2018 12:35:35 PoolingHttpClientConnectionManager.java DEBUG [Forwarding findElement on session 289989dc5384cb43b7405861be44b7a9 to remote] conn.PoolingHttpClientConnectionManager 255 - Connection request: [route: {}->http://localhost:42366][total kept alive: 3; route allocated: 1 of 2000; total allocated: 3 of 2000]
12-09-2018 12:35:35 PoolingHttpClientConnectionManager.java DEBUG [Forwarding findElement on session 289989dc5384cb43b7405861be44b7a9 to remote] conn.PoolingHttpClientConnectionManager 288 - Connection leased: [id: 2][route: {}->http://localhost:42366][total kept alive: 2; route allocated: 1 of 2000; total allocated: 3 of 2000]
12-09-2018 12:35:35 MainClientExec.java DEBUG [Forwarding findElement on session 289989dc5384cb43b7405861be44b7a9 to remote] execchain.MainClientExec 208 - Stale connection check
12-09-2018 12:35:35 Wire.java DEBUG [Forwarding findElement on session 289989dc5384cb43b7405861be44b7a9 to remote] http.wire 87 - http-outgoing-2 << "[read] I/O error: Read timed out"
12-09-2018 12:35:35 LoggingManagedHttpClientConnection.java DEBUG [Forwarding findElement on session 289989dc5384cb43b7405861be44b7a9 to remote] conn.DefaultManagedHttpClientConnection 88 - http-outgoing-2: set socket timeout to 10800000
12-09-2018 12:35:35 MainClientExec.java DEBUG [Forwarding findElement on session 289989dc5384cb43b7405861be44b7a9 to remote] execchain.MainClientExec 256 - Executing request POST /session/289989dc5384cb43b7405861be44b7a9/element HTTP/1.1
12-09-2018 12:35:35 MainClientExec.java DEBUG [Forwarding findElement on session 289989dc5384cb43b7405861be44b7a9 to remote] execchain.MainClientExec 261 - Target auth state: UNCHALLENGED
12-09-2018 12:35:35 MainClientExec.java DEBUG [Forwarding findElement on session 289989dc5384cb43b7405861be44b7a9 to remote] execchain.MainClientExec 267 - Proxy auth state: UNCHALLENGED
12-09-2018 12:35:35 LoggingManagedHttpClientConnection.java DEBUG [Forwarding findElement on session 289989dc5384cb43b7405861be44b7a9 to remote] http.headers 133 - http-outgoing-2 >> POST /session/289989dc5384cb43b7405861be44b7a9/element HTTP/1.1
12-09-2018 12:35:35 LoggingManagedHttpClientConnection.java DEBUG [Forwarding findElement on session 289989dc5384cb43b7405861be44b7a9 to remote] http.headers 136 - http-outgoing-2 >> Content-Type: application/json; charset=utf-8
12-09-2018 12:35:35 LoggingManagedHttpClientConnection.java DEBUG [Forwarding findElement on session 289989dc5384cb43b7405861be44b7a9 to remote] http.headers 136 - http-outgoing-2 >> Content-Length: 50
12-09-2018 12:35:35 LoggingManagedHttpClientConnection.java DEBUG [Forwarding findElement on session 289989dc5384cb43b7405861be44b7a9 to remote] http.headers 136 - http-outgoing-2 >> Host: localhost:42366
12-09-2018 12:35:35 LoggingManagedHttpClientConnection.java DEBUG [Forwarding findElement on session 289989dc5384cb43b7405861be44b7a9 to remote] http.headers 136 - http-outgoing-2 >> Connection: Keep-Alive
12-09-2018 12:35:35 LoggingManagedHttpClientConnection.java DEBUG [Forwarding findElement on session 289989dc5384cb43b7405861be44b7a9 to remote] http.headers 136 - http-outgoing-2 >> User-Agent: Apache-HttpClient/4.5.3 (Java/1.8.0_181)
12-09-2018 12:35:35 LoggingManagedHttpClientConnection.java DEBUG [Forwarding findElement on session 289989dc5384cb43b7405861be44b7a9 to remote] http.headers 136 - http-outgoing-2 >> Accept-Encoding: gzip,deflate
12-09-2018 12:35:35 Wire.java DEBUG [Forwarding findElement on session 289989dc5384cb43b7405861be44b7a9 to remote] http.wire 73 - http-outgoing-2 >> "POST /session/289989dc5384cb43b7405861be44b7a9/element HTTP/1.1[\r][\n]"
12-09-2018 12:35:35 Wire.java DEBUG [Forwarding findElement on session 289989dc5384cb43b7405861be44b7a9 to remote] http.wire 73 - http-outgoing-2 >> "Content-Type: application/json; charset=utf-8[\r][\n]"
12-09-2018 12:35:35 Wire.java DEBUG [Forwarding findElement on session 289989dc5384cb43b7405861be44b7a9 to remote] http.wire 73 - http-outgoing-2 >> "Content-Length: 50[\r][\n]"
12-09-2018 12:35:35 Wire.java DEBUG [Forwarding findElement on session 289989dc5384cb43b7405861be44b7a9 to remote] http.wire 73 - http-outgoing-2 >> "Host: localhost:42366[\r][\n]"
12-09-2018 12:35:35 Wire.java DEBUG [Forwarding findElement on session 289989dc5384cb43b7405861be44b7a9 to remote] http.wire 73 - http-outgoing-2 >> "Connection: Keep-Alive[\r][\n]"
12-09-2018 12:35:35 Wire.java DEBUG [Forwarding findElement on session 289989dc5384cb43b7405861be44b7a9 to remote] http.wire 73 - http-outgoing-2 >> "User-Agent: Apache-HttpClient/4.5.3 (Java/1.8.0_181)[\r][\n]"
12-09-2018 12:35:35 Wire.java DEBUG [Forwarding findElement on session 289989dc5384cb43b7405861be44b7a9 to remote] http.wire 73 - http-outgoing-2 >> "Accept-Encoding: gzip,deflate[\r][\n]"
12-09-2018 12:35:35 Wire.java DEBUG [Forwarding findElement on session 289989dc5384cb43b7405861be44b7a9 to remote] http.wire 73 - http-outgoing-2 >> "[\r][\n]"
12-09-2018 12:35:35 Wire.java DEBUG [Forwarding findElement on session 289989dc5384cb43b7405861be44b7a9 to remote] http.wire 87 - http-outgoing-2 >> "{"using":"xpath","value":"//input[@type='email']"}"
12-09-2018 12:35:35 Wire.java DEBUG [Forwarding findElement on session 289989dc5384cb43b7405861be44b7a9 to remote] http.wire 73 - http-outgoing-2 << "HTTP/1.1 200 OK[\r][\n]"
12-09-2018 12:35:35 Wire.java DEBUG [Forwarding findElement on session 289989dc5384cb43b7405861be44b7a9 to remote] http.wire 73 - http-outgoing-2 << "Content-Length:102[\r][\n]"
12-09-2018 12:35:35 Wire.java DEBUG [Forwarding findElement on session 289989dc5384cb43b7405861be44b7a9 to remote] http.wire 73 - http-outgoing-2 << "Content-Type:application/json; charset=utf-8[\r][\n]"
12-09-2018 12:35:35 Wire.java DEBUG [Forwarding findElement on session 289989dc5384cb43b7405861be44b7a9 to remote] http.wire 73 - http-outgoing-2 << "[\r][\n]"
12-09-2018 12:35:35 Wire.java DEBUG [Forwarding findElement on session 289989dc5384cb43b7405861be44b7a9 to remote] http.wire 87 - http-outgoing-2 << "{"sessionId":"289989dc5384cb43b7405861be44b7a9","status":0,"value":{"ELEMENT":"0.2898197615642142-1"}}"
12-09-2018 12:35:35 LoggingManagedHttpClientConnection.java DEBUG [Forwarding findElement on session 289989dc5384cb43b7405861be44b7a9 to remote] http.headers 122 - http-outgoing-2 << HTTP/1.1 200 OK
12-09-2018 12:35:35 LoggingManagedHttpClientConnection.java DEBUG [Forwarding findElement on session 289989dc5384cb43b7405861be44b7a9 to remote] http.headers 125 - http-outgoing-2 << Content-Length:102
12-09-2018 12:35:35 LoggingManagedHttpClientConnection.java DEBUG [Forwarding findElement on session 289989dc5384cb43b7405861be44b7a9 to remote] http.headers 125 - http-outgoing-2 << Content-Type:application/json; charset=utf-8
12-09-2018 12:35:35 MainClientExec.java DEBUG [Forwarding findElement on session 289989dc5384cb43b7405861be44b7a9 to remote] execchain.MainClientExec 285 - Connection can be kept alive indefinitely
12-09-2018 12:35:35 PoolingHttpClientConnectionManager.java DEBUG [Forwarding findElement on session 289989dc5384cb43b7405861be44b7a9 to remote] conn.PoolingHttpClientConnectionManager 320 - Connection [id: 2][route: {}->http://localhost:42366] can be kept alive indefinitely
12-09-2018 12:35:35 PoolingHttpClientConnectionManager.java DEBUG [Forwarding findElement on session 289989dc5384cb43b7405861be44b7a9 to remote] conn.PoolingHttpClientConnectionManager 326 - Connection released: [id: 2][route: {}->http://localhost:42366][total kept alive: 3; route allocated: 1 of 2000; total allocated: 3 of 2000]
12-09-2018 12:35:35 RequestAddCookies.java DEBUG [Forwarding isElementDisplayed on session 289989dc5384cb43b7405861be44b7a9 to remote] protocol.RequestAddCookies 123 - CookieSpec selected: default
12-09-2018 12:35:35 RequestAuthCache.java DEBUG [Forwarding isElementDisplayed on session 289989dc5384cb43b7405861be44b7a9 to remote] protocol.RequestAuthCache 77 - Auth cache not set in the context
12-09-2018 12:35:35 PoolingHttpClientConnectionManager.java DEBUG [Forwarding isElementDisplayed on session 289989dc5384cb43b7405861be44b7a9 to remote] conn.PoolingHttpClientConnectionManager 255 - Connection request: [route: {}->http://localhost:42366][total kept alive: 3; route allocated: 1 of 2000; total allocated: 3 of 2000]
12-09-2018 12:35:35 PoolingHttpClientConnectionManager.java DEBUG [Forwarding isElementDisplayed on session 289989dc5384cb43b7405861be44b7a9 to remote] conn.PoolingHttpClientConnectionManager 288 - Connection leased: [id: 2][route: {}->http://localhost:42366][total kept alive: 2; route allocated: 1 of 2000; total allocated: 3 of 2000]
12-09-2018 12:35:35 MainClientExec.java DEBUG [Forwarding isElementDisplayed on session 289989dc5384cb43b7405861be44b7a9 to remote] execchain.MainClientExec 208 - Stale connection check
12-09-2018 12:35:35 Wire.java DEBUG [Forwarding isElementDisplayed on session 289989dc5384cb43b7405861be44b7a9 to remote] http.wire 87 - http-outgoing-2 << "[read] I/O error: Read timed out"
12-09-2018 12:35:35 LoggingManagedHttpClientConnection.java DEBUG [Forwarding isElementDisplayed on session 289989dc5384cb43b7405861be44b7a9 to remote] conn.DefaultManagedHttpClientConnection 88 - http-outgoing-2: set socket timeout to 10800000
12-09-2018 12:35:35 MainClientExec.java DEBUG [Forwarding isElementDisplayed on session 289989dc5384cb43b7405861be44b7a9 to remote] execchain.MainClientExec 256 - Executing request GET /session/289989dc5384cb43b7405861be44b7a9/element/0.2898197615642142-1/displayed HTTP/1.1
12-09-2018 12:35:35 MainClientExec.java DEBUG [Forwarding isElementDisplayed on session 289989dc5384cb43b7405861be44b7a9 to remote] execchain.MainClientExec 261 - Target auth state: UNCHALLENGED
12-09-2018 12:35:35 MainClientExec.java DEBUG [Forwarding isElementDisplayed on session 289989dc5384cb43b7405861be44b7a9 to remote] execchain.MainClientExec 267 - Proxy auth state: UNCHALLENGED
12-09-2018 12:35:35 LoggingManagedHttpClientConnection.java DEBUG [Forwarding isElementDisplayed on session 289989dc5384cb43b7405861be44b7a9 to remote] http.headers 133 - http-outgoing-2 >> GET /session/289989dc5384cb43b7405861be44b7a9/element/0.2898197615642142-1/displayed HTTP/1.1
12-09-2018 12:35:35 LoggingManagedHttpClientConnection.java DEBUG [Forwarding isElementDisplayed on session 289989dc5384cb43b7405861be44b7a9 to remote] http.headers 136 - http-outgoing-2 >> Cache-Control: no-cache
12-09-2018 12:35:35 LoggingManagedHttpClientConnection.java DEBUG [Forwarding isElementDisplayed on session 289989dc5384cb43b7405861be44b7a9 to remote] http.headers 136 - http-outgoing-2 >> Host: localhost:42366
12-09-2018 12:35:35 LoggingManagedHttpClientConnection.java DEBUG [Forwarding isElementDisplayed on session 289989dc5384cb43b7405861be44b7a9 to remote] http.headers 136 - http-outgoing-2 >> Connection: Keep-Alive
12-09-2018 12:35:35 LoggingManagedHttpClientConnection.java DEBUG [Forwarding isElementDisplayed on session 289989dc5384cb43b7405861be44b7a9 to remote] http.headers 136 - http-outgoing-2 >> User-Agent: Apache-HttpClient/4.5.3 (Java/1.8.0_181)
12-09-2018 12:35:35 LoggingManagedHttpClientConnection.java DEBUG [Forwarding isElementDisplayed on session 289989dc5384cb43b7405861be44b7a9 to remote] http.headers 136 - http-outgoing-2 >> Accept-Encoding: gzip,deflate
12-09-2018 12:35:35 Wire.java DEBUG [Forwarding isElementDisplayed on session 289989dc5384cb43b7405861be44b7a9 to remote] http.wire 73 - http-outgoing-2 >> "GET /session/289989dc5384cb43b7405861be44b7a9/element/0.2898197615642142-1/displayed HTTP/1.1[\r][\n]"
12-09-2018 12:35:35 Wire.java DEBUG [Forwarding isElementDisplayed on session 289989dc5384cb43b7405861be44b7a9 to remote] http.wire 73 - http-outgoing-2 >> "Cache-Control: no-cache[\r][\n]"
12-09-2018 12:35:35 Wire.java DEBUG [Forwarding isElementDisplayed on session 289989dc5384cb43b7405861be44b7a9 to remote] http.wire 73 - http-outgoing-2 >> "Host: localhost:42366[\r][\n]"
12-09-2018 12:35:35 Wire.java DEBUG [Forwarding isElementDisplayed on session 289989dc5384cb43b7405861be44b7a9 to remote] http.wire 73 - http-outgoing-2 >> "Connection: Keep-Alive[\r][\n]"
12-09-2018 12:35:35 Wire.java DEBUG [Forwarding isElementDisplayed on session 289989dc5384cb43b7405861be44b7a9 to remote] http.wire 73 - http-outgoing-2 >> "User-Agent: Apache-HttpClient/4.5.3 (Java/1.8.0_181)[\r][\n]"
12-09-2018 12:35:35 Wire.java DEBUG [Forwarding isElementDisplayed on session 289989dc5384cb43b7405861be44b7a9 to remote] http.wire 73 - http-outgoing-2 >> "Accept-Encoding: gzip,deflate[\r][\n]"
12-09-2018 12:35:35 Wire.java DEBUG [Forwarding isElementDisplayed on session 289989dc5384cb43b7405861be44b7a9 to remote] http.wire 73 - http-outgoing-2 >> "[\r][\n]"
12-09-2018 12:35:35 Wire.java DEBUG [Forwarding isElementDisplayed on session 289989dc5384cb43b7405861be44b7a9 to remote] http.wire 73 - http-outgoing-2 << "HTTP/1.1 200 OK[\r][\n]"
12-09-2018 12:35:35 Wire.java DEBUG [Forwarding isElementDisplayed on session 289989dc5384cb43b7405861be44b7a9 to remote] http.wire 73 - http-outgoing-2 << "Content-Length:72[\r][\n]"
12-09-2018 12:35:35 Wire.java DEBUG [Forwarding isElementDisplayed on session 289989dc5384cb43b7405861be44b7a9 to remote] http.wire 73 - http-outgoing-2 << "Content-Type:application/json; charset=utf-8[\r][\n]"
12-09-2018 12:35:35 Wire.java DEBUG [Forwarding isElementDisplayed on session 289989dc5384cb43b7405861be44b7a9 to remote] http.wire 73 - http-outgoing-2 << "[\r][\n]"
12-09-2018 12:35:35 Wire.java DEBUG [Forwarding isElementDisplayed on session 289989dc5384cb43b7405861be44b7a9 to remote] http.wire 87 - http-outgoing-2 << "{"sessionId":"289989dc5384cb43b7405861be44b7a9","status":0,"value":true}"
12-09-2018 12:35:35 LoggingManagedHttpClientConnection.java DEBUG [Forwarding isElementDisplayed on session 289989dc5384cb43b7405861be44b7a9 to remote] http.headers 122 - http-outgoing-2 << HTTP/1.1 200 OK
12-09-2018 12:35:35 LoggingManagedHttpClientConnection.java DEBUG [Forwarding isElementDisplayed on session 289989dc5384cb43b7405861be44b7a9 to remote] http.headers 125 - http-outgoing-2 << Content-Length:72
12-09-2018 12:35:35 LoggingManagedHttpClientConnection.java DEBUG [Forwarding isElementDisplayed on session 289989dc5384cb43b7405861be44b7a9 to remote] http.headers 125 - http-outgoing-2 << Content-Type:application/json; charset=utf-8
12-09-2018 12:35:35 MainClientExec.java DEBUG [Forwarding isElementDisplayed on session 289989dc5384cb43b7405861be44b7a9 to remote] execchain.MainClientExec 285 - Connection can be kept alive indefinitely
12-09-2018 12:35:35 PoolingHttpClientConnectionManager.java DEBUG [Forwarding isElementDisplayed on session 289989dc5384cb43b7405861be44b7a9 to remote] conn.PoolingHttpClientConnectionManager 320 - Connection [id: 2][route: {}->http://localhost:42366] can be kept alive indefinitely
12-09-2018 12:35:35 PoolingHttpClientConnectionManager.java DEBUG [Forwarding isElementDisplayed on session 289989dc5384cb43b7405861be44b7a9 to remote] conn.PoolingHttpClientConnectionManager 326 - Connection released: [id: 2][route: {}->http://localhost:42366][total kept alive: 3; route allocated: 1 of 2000; total allocated: 3 of 2000]
12-09-2018 12:35:35 RequestAddCookies.java DEBUG [Forwarding findElement on session 289989dc5384cb43b7405861be44b7a9 to remote] protocol.RequestAddCookies 123 - CookieSpec selected: default
12-09-2018 12:35:35 RequestAuthCache.java DEBUG [Forwarding findElement on session 289989dc5384cb43b7405861be44b7a9 to remote] protocol.RequestAuthCache 77 - Auth cache not set in the context
12-09-2018 12:35:35 PoolingHttpClientConnectionManager.java DEBUG [Forwarding findElement on session 289989dc5384cb43b7405861be44b7a9 to remote] conn.PoolingHttpClientConnectionManager 255 - Connection request: [route: {}->http://localhost:42366][total kept alive: 3; route allocated: 1 of 2000; total allocated: 3 of 2000]
12-09-2018 12:35:35 PoolingHttpClientConnectionManager.java DEBUG [Forwarding findElement on session 289989dc5384cb43b7405861be44b7a9 to remote] conn.PoolingHttpClientConnectionManager 288 - Connection leased: [id: 2][route: {}->http://localhost:42366][total kept alive: 2; route allocated: 1 of 2000; total allocated: 3 of 2000]
12-09-2018 12:35:35 MainClientExec.java DEBUG [Forwarding findElement on session 289989dc5384cb43b7405861be44b7a9 to remote] execchain.MainClientExec 208 - Stale connection check
12-09-2018 12:35:35 Wire.java DEBUG [Forwarding findElement on session 289989dc5384cb43b7405861be44b7a9 to remote] http.wire 87 - http-outgoing-2 << "[read] I/O error: Read timed out"
12-09-2018 12:35:35 LoggingManagedHttpClientConnection.java DEBUG [Forwarding findElement on session 289989dc5384cb43b7405861be44b7a9 to remote] conn.DefaultManagedHttpClientConnection 88 - http-outgoing-2: set socket timeout to 10800000
12-09-2018 12:35:35 MainClientExec.java DEBUG [Forwarding findElement on session 289989dc5384cb43b7405861be44b7a9 to remote] execchain.MainClientExec 256 - Executing request POST /session/289989dc5384cb43b7405861be44b7a9/element HTTP/1.1
12-09-2018 12:35:35 MainClientExec.java DEBUG [Forwarding findElement on session 289989dc5384cb43b7405861be44b7a9 to remote] execchain.MainClientExec 261 - Target auth state: UNCHALLENGED
12-09-2018 12:35:35 MainClientExec.java DEBUG [Forwarding findElement on session 289989dc5384cb43b7405861be44b7a9 to remote] execchain.MainClientExec 267 - Proxy auth state: UNCHALLENGED
12-09-2018 12:35:35 LoggingManagedHttpClientConnection.java DEBUG [Forwarding findElement on session 289989dc5384cb43b7405861be44b7a9 to remote] http.headers 133 - http-outgoing-2 >> POST /session/289989dc5384cb43b7405861be44b7a9/element HTTP/1.1
12-09-2018 12:35:35 LoggingManagedHttpClientConnection.java DEBUG [Forwarding findElement on session 289989dc5384cb43b7405861be44b7a9 to remote] http.headers 136 - http-outgoing-2 >> Content-Type: application/json; charset=utf-8
12-09-2018 12:35:35 LoggingManagedHttpClientConnection.java DEBUG [Forwarding findElement on session 289989dc5384cb43b7405861be44b7a9 to remote] http.headers 136 - http-outgoing-2 >> Content-Length: 50
12-09-2018 12:35:35 LoggingManagedHttpClientConnection.java DEBUG [Forwarding findElement on session 289989dc5384cb43b7405861be44b7a9 to remote] http.headers 136 - http-outgoing-2 >> Host: localhost:42366
12-09-2018 12:35:35 LoggingManagedHttpClientConnection.java DEBUG [Forwarding findElement on session 289989dc5384cb43b7405861be44b7a9 to remote] http.headers 136 - http-outgoing-2 >> Connection: Keep-Alive
12-09-2018 12:35:35 LoggingManagedHttpClientConnection.java DEBUG [Forwarding findElement on session 289989dc5384cb43b7405861be44b7a9 to remote] http.headers 136 - http-outgoing-2 >> User-Agent: Apache-HttpClient/4.5.3 (Java/1.8.0_181)
12-09-2018 12:35:35 LoggingManagedHttpClientConnection.java DEBUG [Forwarding findElement on session 289989dc5384cb43b7405861be44b7a9 to remote] http.headers 136 - http-outgoing-2 >> Accept-Encoding: gzip,deflate
12-09-2018 12:35:35 Wire.java DEBUG [Forwarding findElement on session 289989dc5384cb43b7405861be44b7a9 to remote] http.wire 73 - http-outgoing-2 >> "POST /session/289989dc5384cb43b7405861be44b7a9/element HTTP/1.1[\r][\n]"
12-09-2018 12:35:35 Wire.java DEBUG [Forwarding findElement on session 289989dc5384cb43b7405861be44b7a9 to remote] http.wire 73 - http-outgoing-2 >> "Content-Type: application/json; charset=utf-8[\r][\n]"
12-09-2018 12:35:35 Wire.java DEBUG [Forwarding findElement on session 289989dc5384cb43b7405861be44b7a9 to remote] http.wire 73 - http-outgoing-2 >> "Content-Length: 50[\r][\n]"
12-09-2018 12:35:35 Wire.java DEBUG [Forwarding findElement on session 289989dc5384cb43b7405861be44b7a9 to remote] http.wire 73 - http-outgoing-2 >> "Host: localhost:42366[\r][\n]"
12-09-2018 12:35:35 Wire.java DEBUG [Forwarding findElement on session 289989dc5384cb43b7405861be44b7a9 to remote] http.wire 73 - http-outgoing-2 >> "Connection: Keep-Alive[\r][\n]"
12-09-2018 12:35:35 Wire.java DEBUG [Forwarding findElement on session 289989dc5384cb43b7405861be44b7a9 to remote] http.wire 73 - http-outgoing-2 >> "User-Agent: Apache-HttpClient/4.5.3 (Java/1.8.0_181)[\r][\n]"
12-09-2018 12:35:35 Wire.java DEBUG [Forwarding findElement on session 289989dc5384cb43b7405861be44b7a9 to remote] http.wire 73 - http-outgoing-2 >> "Accept-Encoding: gzip,deflate[\r][\n]"
12-09-2018 12:35:35 Wire.java DEBUG [Forwarding findElement on session 289989dc5384cb43b7405861be44b7a9 to remote] http.wire 73 - http-outgoing-2 >> "[\r][\n]"
12-09-2018 12:35:35 Wire.java DEBUG [Forwarding findElement on session 289989dc5384cb43b7405861be44b7a9 to remote] http.wire 87 - http-outgoing-2 >> "{"using":"xpath","value":"//input[@type='email']"}"
12-09-2018 12:35:35 Wire.java DEBUG [Forwarding findElement on session 289989dc5384cb43b7405861be44b7a9 to remote] http.wire 73 - http-outgoing-2 << "HTTP/1.1 200 OK[\r][\n]"
12-09-2018 12:35:35 Wire.java DEBUG [Forwarding findElement on session 289989dc5384cb43b7405861be44b7a9 to remote] http.wire 73 - http-outgoing-2 << "Content-Length:102[\r][\n]"
12-09-2018 12:35:35 Wire.java DEBUG [Forwarding findElement on session 289989dc5384cb43b7405861be44b7a9 to remote] http.wire 73 - http-outgoing-2 << "Content-Type:application/json; charset=utf-8[\r][\n]"
12-09-2018 12:35:35 Wire.java DEBUG [Forwarding findElement on session 289989dc5384cb43b7405861be44b7a9 to remote] http.wire 73 - http-outgoing-2 << "[\r][\n]"
12-09-2018 12:35:35 Wire.java DEBUG [Forwarding findElement on session 289989dc5384cb43b7405861be44b7a9 to remote] http.wire 87 - http-outgoing-2 << "{"sessionId":"289989dc5384cb43b7405861be44b7a9","status":0,"value":{"ELEMENT":"0.2898197615642142-1"}}"
12-09-2018 12:35:35 LoggingManagedHttpClientConnection.java DEBUG [Forwarding findElement on session 289989dc5384cb43b7405861be44b7a9 to remote] http.headers 122 - http-outgoing-2 << HTTP/1.1 200 OK
12-09-2018 12:35:35 LoggingManagedHttpClientConnection.java DEBUG [Forwarding findElement on session 289989dc5384cb43b7405861be44b7a9 to remote] http.headers 125 - http-outgoing-2 << Content-Length:102
12-09-2018 12:35:35 LoggingManagedHttpClientConnection.java DEBUG [Forwarding findElement on session 289989dc5384cb43b7405861be44b7a9 to remote] http.headers 125 - http-outgoing-2 << Content-Type:application/json; charset=utf-8
12-09-2018 12:35:35 MainClientExec.java DEBUG [Forwarding findElement on session 289989dc5384cb43b7405861be44b7a9 to remote] execchain.MainClientExec 285 - Connection can be kept alive indefinitely
12-09-2018 12:35:35 PoolingHttpClientConnectionManager.java DEBUG [Forwarding findElement on session 289989dc5384cb43b7405861be44b7a9 to remote] conn.PoolingHttpClientConnectionManager 320 - Connection [id: 2][route: {}->http://localhost:42366] can be kept alive indefinitely
12-09-2018 12:35:35 PoolingHttpClientConnectionManager.java DEBUG [Forwarding findElement on session 289989dc5384cb43b7405861be44b7a9 to remote] conn.PoolingHttpClientConnectionManager 326 - Connection released: [id: 2][route: {}->http://localhost:42366][total kept alive: 3; route allocated: 1 of 2000; total allocated: 3 of 2000]
12-09-2018 12:35:35 RequestAddCookies.java DEBUG [Forwarding isElementDisplayed on session 289989dc5384cb43b7405861be44b7a9 to remote] protocol.RequestAddCookies 123 - CookieSpec selected: default
12-09-2018 12:35:35 RequestAuthCache.java DEBUG [Forwarding isElementDisplayed on session 289989dc5384cb43b7405861be44b7a9 to remote] protocol.RequestAuthCache 77 - Auth cache not set in the context
12-09-2018 12:35:35 PoolingHttpClientConnectionManager.java DEBUG [Forwarding isElementDisplayed on session 289989dc5384cb43b7405861be44b7a9 to remote] conn.PoolingHttpClientConnectionManager 255 - Connection request: [route: {}->http://localhost:42366][total kept alive: 3; route allocated: 1 of 2000; total allocated: 3 of 2000]
12-09-2018 12:35:35 PoolingHttpClientConnectionManager.java DEBUG [Forwarding isElementDisplayed on session 289989dc5384cb43b7405861be44b7a9 to remote] conn.PoolingHttpClientConnectionManager 288 - Connection leased: [id: 2][route: {}->http://localhost:42366][total kept alive: 2; route allocated: 1 of 2000; total allocated: 3 of 2000]
12-09-2018 12:35:35 MainClientExec.java DEBUG [Forwarding isElementDisplayed on session 289989dc5384cb43b7405861be44b7a9 to remote] execchain.MainClientExec 208 - Stale connection check
12-09-2018 12:35:35 Wire.java DEBUG [Forwarding isElementDisplayed on session 289989dc5384cb43b7405861be44b7a9 to remote] http.wire 87 - http-outgoing-2 << "[read] I/O error: Read timed out"
12-09-2018 12:35:35 LoggingManagedHttpClientConnection.java DEBUG [Forwarding isElementDisplayed on session 289989dc5384cb43b7405861be44b7a9 to remote] conn.DefaultManagedHttpClientConnection 88 - http-outgoing-2: set socket timeout to 10800000
12-09-2018 12:35:35 MainClientExec.java DEBUG [Forwarding isElementDisplayed on session 289989dc5384cb43b7405861be44b7a9 to remote] execchain.MainClientExec 256 - Executing request GET /session/289989dc5384cb43b7405861be44b7a9/element/0.2898197615642142-1/displayed HTTP/1.1
12-09-2018 12:35:35 MainClientExec.java DEBUG [Forwarding isElementDisplayed on session 289989dc5384cb43b7405861be44b7a9 to remote] execchain.MainClientExec 261 - Target auth state: UNCHALLENGED
12-09-2018 12:35:35 MainClientExec.java DEBUG [Forwarding isElementDisplayed on session 289989dc5384cb43b7405861be44b7a9 to remote] execchain.MainClientExec 267 - Proxy auth state: UNCHALLENGED
12-09-2018 12:35:35 LoggingManagedHttpClientConnection.java DEBUG [Forwarding isElementDisplayed on session 289989dc5384cb43b7405861be44b7a9 to remote] http.headers 133 - http-outgoing-2 >> GET /session/289989dc5384cb43b7405861be44b7a9/element/0.2898197615642142-1/displayed HTTP/1.1
12-09-2018 12:35:35 LoggingManagedHttpClientConnection.java DEBUG [Forwarding isElementDisplayed on session 289989dc5384cb43b7405861be44b7a9 to remote] http.headers 136 - http-outgoing-2 >> Cache-Control: no-cache
12-09-2018 12:35:35 LoggingManagedHttpClientConnection.java DEBUG [Forwarding isElementDisplayed on session 289989dc5384cb43b7405861be44b7a9 to remote] http.headers 136 - http-outgoing-2 >> Host: localhost:42366
12-09-2018 12:35:35 LoggingManagedHttpClientConnection.java DEBUG [Forwarding isElementDisplayed on session 289989dc5384cb43b7405861be44b7a9 to remote] http.headers 136 - http-outgoing-2 >> Connection: Keep-Alive
12-09-2018 12:35:35 LoggingManagedHttpClientConnection.java DEBUG [Forwarding isElementDisplayed on session 289989dc5384cb43b7405861be44b7a9 to remote] http.headers 136 - http-outgoing-2 >> User-Agent: Apache-HttpClient/4.5.3 (Java/1.8.0_181)
12-09-2018 12:35:35 LoggingManagedHttpClientConnection.java DEBUG [Forwarding isElementDisplayed on session 289989dc5384cb43b7405861be44b7a9 to remote] http.headers 136 - http-outgoing-2 >> Accept-Encoding: gzip,deflate
12-09-2018 12:35:35 Wire.java DEBUG [Forwarding isElementDisplayed on session 289989dc5384cb43b7405861be44b7a9 to remote] http.wire 73 - http-outgoing-2 >> "GET /session/289989dc5384cb43b7405861be44b7a9/element/0.2898197615642142-1/displayed HTTP/1.1[\r][\n]"
12-09-2018 12:35:35 Wire.java DEBUG [Forwarding isElementDisplayed on session 289989dc5384cb43b7405861be44b7a9 to remote] http.wire 73 - http-outgoing-2 >> "Cache-Control: no-cache[\r][\n]"
12-09-2018 12:35:35 Wire.java DEBUG [Forwarding isElementDisplayed on session 289989dc5384cb43b7405861be44b7a9 to remote] http.wire 73 - http-outgoing-2 >> "Host: localhost:42366[\r][\n]"
12-09-2018 12:35:35 Wire.java DEBUG [Forwarding isElementDisplayed on session 289989dc5384cb43b7405861be44b7a9 to remote] http.wire 73 - http-outgoing-2 >> "Connection: Keep-Alive[\r][\n]"
12-09-2018 12:35:35 Wire.java DEBUG [Forwarding isElementDisplayed on session 289989dc5384cb43b7405861be44b7a9 to remote] http.wire 73 - http-outgoing-2 >> "User-Agent: Apache-HttpClient/4.5.3 (Java/1.8.0_181)[\r][\n]"
12-09-2018 12:35:35 Wire.java DEBUG [Forwarding isElementDisplayed on session 289989dc5384cb43b7405861be44b7a9 to remote] http.wire 73 - http-outgoing-2 >> "Accept-Encoding: gzip,deflate[\r][\n]"
12-09-2018 12:35:35 Wire.java DEBUG [Forwarding isElementDisplayed on session 289989dc5384cb43b7405861be44b7a9 to remote] http.wire 73 - http-outgoing-2 >> "[\r][\n]"
12-09-2018 12:35:35 Wire.java DEBUG [Forwarding isElementDisplayed on session 289989dc5384cb43b7405861be44b7a9 to remote] http.wire 73 - http-outgoing-2 << "HTTP/1.1 200 OK[\r][\n]"
12-09-2018 12:35:35 Wire.java DEBUG [Forwarding isElementDisplayed on session 289989dc5384cb43b7405861be44b7a9 to remote] http.wire 73 - http-outgoing-2 << "Content-Length:72[\r][\n]"
12-09-2018 12:35:35 Wire.java DEBUG [Forwarding isElementDisplayed on session 289989dc5384cb43b7405861be44b7a9 to remote] http.wire 73 - http-outgoing-2 << "Content-Type:application/json; charset=utf-8[\r][\n]"
12-09-2018 12:35:35 Wire.java DEBUG [Forwarding isElementDisplayed on session 289989dc5384cb43b7405861be44b7a9 to remote] http.wire 73 - http-outgoing-2 << "[\r][\n]"
12-09-2018 12:35:35 Wire.java DEBUG [Forwarding isElementDisplayed on session 289989dc5384cb43b7405861be44b7a9 to remote] http.wire 87 - http-outgoing-2 << "{"sessionId":"289989dc5384cb43b7405861be44b7a9","status":0,"value":true}"
12-09-2018 12:35:35 LoggingManagedHttpClientConnection.java DEBUG [Forwarding isElementDisplayed on session 289989dc5384cb43b7405861be44b7a9 to remote] http.headers 122 - http-outgoing-2 << HTTP/1.1 200 OK
12-09-2018 12:35:35 LoggingManagedHttpClientConnection.java DEBUG [Forwarding isElementDisplayed on session 289989dc5384cb43b7405861be44b7a9 to remote] http.headers 125 - http-outgoing-2 << Content-Length:72
12-09-2018 12:35:35 LoggingManagedHttpClientConnection.java DEBUG [Forwarding isElementDisplayed on session 289989dc5384cb43b7405861be44b7a9 to remote] http.headers 125 - http-outgoing-2 << Content-Type:application/json; charset=utf-8
12-09-2018 12:35:35 MainClientExec.java DEBUG [Forwarding isElementDisplayed on session 289989dc5384cb43b7405861be44b7a9 to remote] execchain.MainClientExec 285 - Connection can be kept alive indefinitely
12-09-2018 12:35:35 PoolingHttpClientConnectionManager.java DEBUG [Forwarding isElementDisplayed on session 289989dc5384cb43b7405861be44b7a9 to remote] conn.PoolingHttpClientConnectionManager 320 - Connection [id: 2][route: {}->http://localhost:42366] can be kept alive indefinitely
12-09-2018 12:35:35 PoolingHttpClientConnectionManager.java DEBUG [Forwarding isElementDisplayed on session 289989dc5384cb43b7405861be44b7a9 to remote] conn.PoolingHttpClientConnectionManager 326 - Connection released: [id: 2][route: {}->http://localhost:42366][total kept alive: 3; route allocated: 1 of 2000; total allocated: 3 of 2000]
12-09-2018 12:35:35 RequestAddCookies.java DEBUG [Forwarding findElement on session 289989dc5384cb43b7405861be44b7a9 to remote] protocol.RequestAddCookies 123 - CookieSpec selected: default
12-09-2018 12:35:35 RequestAuthCache.java DEBUG [Forwarding findElement on session 289989dc5384cb43b7405861be44b7a9 to remote] protocol.RequestAuthCache 77 - Auth cache not set in the context
12-09-2018 12:35:35 PoolingHttpClientConnectionManager.java DEBUG [Forwarding findElement on session 289989dc5384cb43b7405861be44b7a9 to remote] conn.PoolingHttpClientConnectionManager 255 - Connection request: [route: {}->http://localhost:42366][total kept alive: 3; route allocated: 1 of 2000; total allocated: 3 of 2000]
12-09-2018 12:35:35 PoolingHttpClientConnectionManager.java DEBUG [Forwarding findElement on session 289989dc5384cb43b7405861be44b7a9 to remote] conn.PoolingHttpClientConnectionManager 288 - Connection leased: [id: 2][route: {}->http://localhost:42366][total kept alive: 2; route allocated: 1 of 2000; total allocated: 3 of 2000]
12-09-2018 12:35:35 MainClientExec.java DEBUG [Forwarding findElement on session 289989dc5384cb43b7405861be44b7a9 to remote] execchain.MainClientExec 208 - Stale connection check
12-09-2018 12:35:35 Wire.java DEBUG [Forwarding findElement on session 289989dc5384cb43b7405861be44b7a9 to remote] http.wire 87 - http-outgoing-2 << "[read] I/O error: Read timed out"
12-09-2018 12:35:35 LoggingManagedHttpClientConnection.java DEBUG [Forwarding findElement on session 289989dc5384cb43b7405861be44b7a9 to remote] conn.DefaultManagedHttpClientConnection 88 - http-outgoing-2: set socket timeout to 10800000
12-09-2018 12:35:35 MainClientExec.java DEBUG [Forwarding findElement on session 289989dc5384cb43b7405861be44b7a9 to remote] execchain.MainClientExec 256 - Executing request POST /session/289989dc5384cb43b7405861be44b7a9/element HTTP/1.1
12-09-2018 12:35:35 MainClientExec.java DEBUG [Forwarding findElement on session 289989dc5384cb43b7405861be44b7a9 to remote] execchain.MainClientExec 261 - Target auth state: UNCHALLENGED
12-09-2018 12:35:35 MainClientExec.java DEBUG [Forwarding findElement on session 289989dc5384cb43b7405861be44b7a9 to remote] execchain.MainClientExec 267 - Proxy auth state: UNCHALLENGED
12-09-2018 12:35:35 LoggingManagedHttpClientConnection.java DEBUG [Forwarding findElement on session 289989dc5384cb43b7405861be44b7a9 to remote] http.headers 133 - http-outgoing-2 >> POST /session/289989dc5384cb43b7405861be44b7a9/element HTTP/1.1
12-09-2018 12:35:35 LoggingManagedHttpClientConnection.java DEBUG [Forwarding findElement on session 289989dc5384cb43b7405861be44b7a9 to remote] http.headers 136 - http-outgoing-2 >> Content-Type: application/json; charset=utf-8
12-09-2018 12:35:35 LoggingManagedHttpClientConnection.java DEBUG [Forwarding findElement on session 289989dc5384cb43b7405861be44b7a9 to remote] http.headers 136 - http-outgoing-2 >> Content-Length: 50
12-09-2018 12:35:35 LoggingManagedHttpClientConnection.java DEBUG [Forwarding findElement on session 289989dc5384cb43b7405861be44b7a9 to remote] http.headers 136 - http-outgoing-2 >> Host: localhost:42366
12-09-2018 12:35:35 LoggingManagedHttpClientConnection.java DEBUG [Forwarding findElement on session 289989dc5384cb43b7405861be44b7a9 to remote] http.headers 136 - http-outgoing-2 >> Connection: Keep-Alive
12-09-2018 12:35:35 LoggingManagedHttpClientConnection.java DEBUG [Forwarding findElement on session 289989dc5384cb43b7405861be44b7a9 to remote] http.headers 136 - http-outgoing-2 >> User-Agent: Apache-HttpClient/4.5.3 (Java/1.8.0_181)
12-09-2018 12:35:35 LoggingManagedHttpClientConnection.java DEBUG [Forwarding findElement on session 289989dc5384cb43b7405861be44b7a9 to remote] http.headers 136 - http-outgoing-2 >> Accept-Encoding: gzip,deflate
12-09-2018 12:35:35 Wire.java DEBUG [Forwarding findElement on session 289989dc5384cb43b7405861be44b7a9 to remote] http.wire 73 - http-outgoing-2 >> "POST /session/289989dc5384cb43b7405861be44b7a9/element HTTP/1.1[\r][\n]"
12-09-2018 12:35:35 Wire.java DEBUG [Forwarding findElement on session 289989dc5384cb43b7405861be44b7a9 to remote] http.wire 73 - http-outgoing-2 >> "Content-Type: application/json; charset=utf-8[\r][\n]"
12-09-2018 12:35:35 Wire.java DEBUG [Forwarding findElement on session 289989dc5384cb43b7405861be44b7a9 to remote] http.wire 73 - http-outgoing-2 >> "Content-Length: 50[\r][\n]"
12-09-2018 12:35:35 Wire.java DEBUG [Forwarding findElement on session 289989dc5384cb43b7405861be44b7a9 to remote] http.wire 73 - http-outgoing-2 >> "Host: localhost:42366[\r][\n]"
12-09-2018 12:35:35 Wire.java DEBUG [Forwarding findElement on session 289989dc5384cb43b7405861be44b7a9 to remote] http.wire 73 - http-outgoing-2 >> "Connection: Keep-Alive[\r][\n]"
12-09-2018 12:35:35 Wire.java DEBUG [Forwarding findElement on session 289989dc5384cb43b7405861be44b7a9 to remote] http.wire 73 - http-outgoing-2 >> "User-Agent: Apache-HttpClient/4.5.3 (Java/1.8.0_181)[\r][\n]"
12-09-2018 12:35:35 Wire.java DEBUG [Forwarding findElement on session 289989dc5384cb43b7405861be44b7a9 to remote] http.wire 73 - http-outgoing-2 >> "Accept-Encoding: gzip,deflate[\r][\n]"
12-09-2018 12:35:35 Wire.java DEBUG [Forwarding findElement on session 289989dc5384cb43b7405861be44b7a9 to remote] http.wire 73 - http-outgoing-2 >> "[\r][\n]"
12-09-2018 12:35:35 Wire.java DEBUG [Forwarding findElement on session 289989dc5384cb43b7405861be44b7a9 to remote] http.wire 87 - http-outgoing-2 >> "{"using":"xpath","value":"//input[@type='email']"}"
12-09-2018 12:35:35 Wire.java DEBUG [Forwarding findElement on session 289989dc5384cb43b7405861be44b7a9 to remote] http.wire 73 - http-outgoing-2 << "HTTP/1.1 200 OK[\r][\n]"
12-09-2018 12:35:35 Wire.java DEBUG [Forwarding findElement on session 289989dc5384cb43b7405861be44b7a9 to remote] http.wire 73 - http-outgoing-2 << "Content-Length:102[\r][\n]"
12-09-2018 12:35:35 Wire.java DEBUG [Forwarding findElement on session 289989dc5384cb43b7405861be44b7a9 to remote] http.wire 73 - http-outgoing-2 << "Content-Type:application/json; charset=utf-8[\r][\n]"
12-09-2018 12:35:35 Wire.java DEBUG [Forwarding findElement on session 289989dc5384cb43b7405861be44b7a9 to remote] http.wire 73 - http-outgoing-2 << "[\r][\n]"
12-09-2018 12:35:35 Wire.java DEBUG [Forwarding findElement on session 289989dc5384cb43b7405861be44b7a9 to remote] http.wire 87 - http-outgoing-2 << "{"sessionId":"289989dc5384cb43b7405861be44b7a9","status":0,"value":{"ELEMENT":"0.2898197615642142-1"}}"
12-09-2018 12:35:35 LoggingManagedHttpClientConnection.java DEBUG [Forwarding findElement on session 289989dc5384cb43b7405861be44b7a9 to remote] http.headers 122 - http-outgoing-2 << HTTP/1.1 200 OK
12-09-2018 12:35:35 LoggingManagedHttpClientConnection.java DEBUG [Forwarding findElement on session 289989dc5384cb43b7405861be44b7a9 to remote] http.headers 125 - http-outgoing-2 << Content-Length:102
12-09-2018 12:35:35 LoggingManagedHttpClientConnection.java DEBUG [Forwarding findElement on session 289989dc5384cb43b7405861be44b7a9 to remote] http.headers 125 - http-outgoing-2 << Content-Type:application/json; charset=utf-8
12-09-2018 12:35:35 MainClientExec.java DEBUG [Forwarding findElement on session 289989dc5384cb43b7405861be44b7a9 to remote] execchain.MainClientExec 285 - Connection can be kept alive indefinitely
12-09-2018 12:35:35 PoolingHttpClientConnectionManager.java DEBUG [Forwarding findElement on session 289989dc5384cb43b7405861be44b7a9 to remote] conn.PoolingHttpClientConnectionManager 320 - Connection [id: 2][route: {}->http://localhost:42366] can be kept alive indefinitely
12-09-2018 12:35:35 PoolingHttpClientConnectionManager.java DEBUG [Forwarding findElement on session 289989dc5384cb43b7405861be44b7a9 to remote] conn.PoolingHttpClientConnectionManager 326 - Connection released: [id: 2][route: {}->http://localhost:42366][total kept alive: 3; route allocated: 1 of 2000; total allocated: 3 of 2000]
12-09-2018 12:35:35 RequestAddCookies.java DEBUG [Forwarding isElementEnabled on session 289989dc5384cb43b7405861be44b7a9 to remote] protocol.RequestAddCookies 123 - CookieSpec selected: default
12-09-2018 12:35:35 RequestAuthCache.java DEBUG [Forwarding isElementEnabled on session 289989dc5384cb43b7405861be44b7a9 to remote] protocol.RequestAuthCache 77 - Auth cache not set in the context
12-09-2018 12:35:35 PoolingHttpClientConnectionManager.java DEBUG [Forwarding isElementEnabled on session 289989dc5384cb43b7405861be44b7a9 to remote] conn.PoolingHttpClientConnectionManager 255 - Connection request: [route: {}->http://localhost:42366][total kept alive: 3; route allocated: 1 of 2000; total allocated: 3 of 2000]
12-09-2018 12:35:35 PoolingHttpClientConnectionManager.java DEBUG [Forwarding isElementEnabled on session 289989dc5384cb43b7405861be44b7a9 to remote] conn.PoolingHttpClientConnectionManager 288 - Connection leased: [id: 2][route: {}->http://localhost:42366][total kept alive: 2; route allocated: 1 of 2000; total allocated: 3 of 2000]
12-09-2018 12:35:35 MainClientExec.java DEBUG [Forwarding isElementEnabled on session 289989dc5384cb43b7405861be44b7a9 to remote] execchain.MainClientExec 208 - Stale connection check
12-09-2018 12:35:35 Wire.java DEBUG [Forwarding isElementEnabled on session 289989dc5384cb43b7405861be44b7a9 to remote] http.wire 87 - http-outgoing-2 << "[read] I/O error: Read timed out"
12-09-2018 12:35:35 LoggingManagedHttpClientConnection.java DEBUG [Forwarding isElementEnabled on session 289989dc5384cb43b7405861be44b7a9 to remote] conn.DefaultManagedHttpClientConnection 88 - http-outgoing-2: set socket timeout to 10800000
12-09-2018 12:35:35 MainClientExec.java DEBUG [Forwarding isElementEnabled on session 289989dc5384cb43b7405861be44b7a9 to remote] execchain.MainClientExec 256 - Executing request GET /session/289989dc5384cb43b7405861be44b7a9/element/0.2898197615642142-1/enabled HTTP/1.1
12-09-2018 12:35:35 MainClientExec.java DEBUG [Forwarding isElementEnabled on session 289989dc5384cb43b7405861be44b7a9 to remote] execchain.MainClientExec 261 - Target auth state: UNCHALLENGED
12-09-2018 12:35:35 MainClientExec.java DEBUG [Forwarding isElementEnabled on session 289989dc5384cb43b7405861be44b7a9 to remote] execchain.MainClientExec 267 - Proxy auth state: UNCHALLENGED
[...]
12-09-2018 12:35:59 LoggingManagedHttpClientConnection.java DEBUG [Forwarding findElement on session 289989dc5384cb43b7405861be44b7a9 to remote] http.headers 136 - http-outgoing-2 >> Host: localhost:42366
12-09-2018 12:35:59 LoggingManagedHttpClientConnection.java DEBUG [Forwarding findElement on session 289989dc5384cb43b7405861be44b7a9 to remote] http.headers 136 - http-outgoing-2 >> Connection: Keep-Alive
12-09-2018 12:35:59 LoggingManagedHttpClientConnection.java DEBUG [Forwarding findElement on session 289989dc5384cb43b7405861be44b7a9 to remote] http.headers 136 - http-outgoing-2 >> User-Agent: Apache-HttpClient/4.5.3 (Java/1.8.0_181)
12-09-2018 12:35:59 LoggingManagedHttpClientConnection.java DEBUG [Forwarding findElement on session 289989dc5384cb43b7405861be44b7a9 to remote] http.headers 136 - http-outgoing-2 >> Accept-Encoding: gzip,deflate
12-09-2018 12:35:59 Wire.java DEBUG [Forwarding findElement on session 289989dc5384cb43b7405861be44b7a9 to remote] http.wire 73 - http-outgoing-2 >> "POST /session/289989dc5384cb43b7405861be44b7a9/element HTTP/1.1[\r][\n]"
12-09-2018 12:35:59 Wire.java DEBUG [Forwarding findElement on session 289989dc5384cb43b7405861be44b7a9 to remote] http.wire 73 - http-outgoing-2 >> "Content-Type: application/json; charset=utf-8[\r][\n]"
12-09-2018 12:35:59 Wire.java DEBUG [Forwarding findElement on session 289989dc5384cb43b7405861be44b7a9 to remote] http.wire 73 - http-outgoing-2 >> "Content-Length: 55[\r][\n]"
12-09-2018 12:35:59 Wire.java DEBUG [Forwarding findElement on session 289989dc5384cb43b7405861be44b7a9 to remote] http.wire 73 - http-outgoing-2 >> "Host: localhost:42366[\r][\n]"
12-09-2018 12:35:59 Wire.java DEBUG [Forwarding findElement on session 289989dc5384cb43b7405861be44b7a9 to remote] http.wire 73 - http-outgoing-2 >> "Connection: Keep-Alive[\r][\n]"
12-09-2018 12:35:59 Wire.java DEBUG [Forwarding findElement on session 289989dc5384cb43b7405861be44b7a9 to remote] http.wire 73 - http-outgoing-2 >> "User-Agent: Apache-HttpClient/4.5.3 (Java/1.8.0_181)[\r][\n]"
12-09-2018 12:35:59 Wire.java DEBUG [Forwarding findElement on session 289989dc5384cb43b7405861be44b7a9 to remote] http.wire 73 - http-outgoing-2 >> "Accept-Encoding: gzip,deflate[\r][\n]"
12-09-2018 12:35:59 Wire.java DEBUG [Forwarding findElement on session 289989dc5384cb43b7405861be44b7a9 to remote] http.wire 73 - http-outgoing-2 >> "[\r][\n]"
12-09-2018 12:35:59 Wire.java DEBUG [Forwarding findElement on session 289989dc5384cb43b7405861be44b7a9 to remote] http.wire 87 - http-outgoing-2 >> "{"using":"xpath","value":"//span[@class='gb_bb gbii']"}"
12-09-2018 12:35:59 Wire.java DEBUG [Forwarding findElement on session 289989dc5384cb43b7405861be44b7a9 to remote] http.wire 73 - http-outgoing-2 << "HTTP/1.1 200 OK[\r][\n]"
12-09-2018 12:35:59 Wire.java DEBUG [Forwarding findElement on session 289989dc5384cb43b7405861be44b7a9 to remote] http.wire 73 - http-outgoing-2 << "Content-Length:356[\r][\n]"
12-09-2018 12:35:59 Wire.java DEBUG [Forwarding findElement on session 289989dc5384cb43b7405861be44b7a9 to remote] http.wire 73 - http-outgoing-2 << "Content-Type:application/json; charset=utf-8[\r][\n]"
12-09-2018 12:35:59 Wire.java DEBUG [Forwarding findElement on session 289989dc5384cb43b7405861be44b7a9 to remote] http.wire 73 - http-outgoing-2 << "[\r][\n]"
12-09-2018 12:35:59 Wire.java DEBUG [Forwarding findElement on session 289989dc5384cb43b7405861be44b7a9 to remote] http.wire 87 - http-outgoing-2 << "{"sessionId":"289989dc5384cb43b7405861be44b7a9","status":7,"value":{"message":"no such element: Unable to locate element: {\"method\":\"xpath\",\"selector\":\"//span[@class='gb_bb gbii']\"}\n  (Session info: chrome=70.0.3538.110)\n  (Driver info: chromedriver=2.44.609538 (b655c5a60b0b544917107a59d4153d4bf78e1b90),platform=Windows NT 10.0.17134 x86_64)"}}"
12-09-2018 12:35:59 LoggingManagedHttpClientConnection.java DEBUG [Forwarding findElement on session 289989dc5384cb43b7405861be44b7a9 to remote] http.headers 122 - http-outgoing-2 << HTTP/1.1 200 OK
12-09-2018 12:35:59 LoggingManagedHttpClientConnection.java DEBUG [Forwarding findElement on session 289989dc5384cb43b7405861be44b7a9 to remote] http.headers 125 - http-outgoing-2 << Content-Length:356
12-09-2018 12:35:59 LoggingManagedHttpClientConnection.java DEBUG [Forwarding findElement on session 289989dc5384cb43b7405861be44b7a9 to remote] http.headers 125 - http-outgoing-2 << Content-Type:application/json; charset=utf-8
12-09-2018 12:35:59 MainClientExec.java DEBUG [Forwarding findElement on session 289989dc5384cb43b7405861be44b7a9 to remote] execchain.MainClientExec 285 - Connection can be kept alive indefinitely
12-09-2018 12:35:59 PoolingHttpClientConnectionManager.java DEBUG [Forwarding findElement on session 289989dc5384cb43b7405861be44b7a9 to remote] conn.PoolingHttpClientConnectionManager 320 - Connection [id: 2][route: {}->http://localhost:42366] can be kept alive indefinitely
12-09-2018 12:35:59 PoolingHttpClientConnectionManager.java DEBUG [Forwarding findElement on session 289989dc5384cb43b7405861be44b7a9 to remote] conn.PoolingHttpClientConnectionManager 326 - Connection released: [id: 2][route: {}->http://localhost:42366][total kept alive: 3; route allocated: 1 of 2000; total allocated: 3 of 2000]
12-09-2018 12:35:59 RequestAddCookies.java DEBUG [Forwarding close on session 289989dc5384cb43b7405861be44b7a9 to remote] protocol.RequestAddCookies 123 - CookieSpec selected: default
12-09-2018 12:35:59 RequestAuthCache.java DEBUG [Forwarding close on session 289989dc5384cb43b7405861be44b7a9 to remote] protocol.RequestAuthCache 77 - Auth cache not set in the context
12-09-2018 12:35:59 PoolingHttpClientConnectionManager.java DEBUG [Forwarding close on session 289989dc5384cb43b7405861be44b7a9 to remote] conn.PoolingHttpClientConnectionManager 255 - Connection request: [route: {}->http://localhost:42366][total kept alive: 3; route allocated: 1 of 2000; total allocated: 3 of 2000]
12-09-2018 12:35:59 PoolingHttpClientConnectionManager.java DEBUG [Forwarding close on session 289989dc5384cb43b7405861be44b7a9 to remote] conn.PoolingHttpClientConnectionManager 288 - Connection leased: [id: 2][route: {}->http://localhost:42366][total kept alive: 2; route allocated: 1 of 2000; total allocated: 3 of 2000]
12-09-2018 12:35:59 MainClientExec.java DEBUG [Forwarding close on session 289989dc5384cb43b7405861be44b7a9 to remote] execchain.MainClientExec 208 - Stale connection check
12-09-2018 12:35:59 Wire.java DEBUG [Forwarding close on session 289989dc5384cb43b7405861be44b7a9 to remote] http.wire 87 - http-outgoing-2 << "[read] I/O error: Read timed out"
12-09-2018 12:35:59 LoggingManagedHttpClientConnection.java DEBUG [Forwarding close on session 289989dc5384cb43b7405861be44b7a9 to remote] conn.DefaultManagedHttpClientConnection 88 - http-outgoing-2: set socket timeout to 10800000
12-09-2018 12:35:59 MainClientExec.java DEBUG [Forwarding close on session 289989dc5384cb43b7405861be44b7a9 to remote] execchain.MainClientExec 256 - Executing request DELETE /session/289989dc5384cb43b7405861be44b7a9/window HTTP/1.1
12-09-2018 12:35:59 MainClientExec.java DEBUG [Forwarding close on session 289989dc5384cb43b7405861be44b7a9 to remote] execchain.MainClientExec 261 - Target auth state: UNCHALLENGED
12-09-2018 12:35:59 MainClientExec.java DEBUG [Forwarding close on session 289989dc5384cb43b7405861be44b7a9 to remote] execchain.MainClientExec 267 - Proxy auth state: UNCHALLENGED
12-09-2018 12:35:59 LoggingManagedHttpClientConnection.java DEBUG [Forwarding close on session 289989dc5384cb43b7405861be44b7a9 to remote] http.headers 133 - http-outgoing-2 >> DELETE /session/289989dc5384cb43b7405861be44b7a9/window HTTP/1.1
12-09-2018 12:35:59 LoggingManagedHttpClientConnection.java DEBUG [Forwarding close on session 289989dc5384cb43b7405861be44b7a9 to remote] http.headers 136 - http-outgoing-2 >> Host: localhost:42366
12-09-2018 12:35:59 LoggingManagedHttpClientConnection.java DEBUG [Forwarding close on session 289989dc5384cb43b7405861be44b7a9 to remote] http.headers 136 - http-outgoing-2 >> Connection: Keep-Alive
12-09-2018 12:35:59 LoggingManagedHttpClientConnection.java DEBUG [Forwarding close on session 289989dc5384cb43b7405861be44b7a9 to remote] http.headers 136 - http-outgoing-2 >> User-Agent: Apache-HttpClient/4.5.3 (Java/1.8.0_181)
12-09-2018 12:35:59 LoggingManagedHttpClientConnection.java DEBUG [Forwarding close on session 289989dc5384cb43b7405861be44b7a9 to remote] http.headers 136 - http-outgoing-2 >> Accept-Encoding: gzip,deflate
12-09-2018 12:35:59 Wire.java DEBUG [Forwarding close on session 289989dc5384cb43b7405861be44b7a9 to remote] http.wire 73 - http-outgoing-2 >> "DELETE /session/289989dc5384cb43b7405861be44b7a9/window HTTP/1.1[\r][\n]"
12-09-2018 12:35:59 Wire.java DEBUG [Forwarding close on session 289989dc5384cb43b7405861be44b7a9 to remote] http.wire 73 - http-outgoing-2 >> "Host: localhost:42366[\r][\n]"
12-09-2018 12:35:59 Wire.java DEBUG [Forwarding close on session 289989dc5384cb43b7405861be44b7a9 to remote] http.wire 73 - http-outgoing-2 >> "Connection: Keep-Alive[\r][\n]"
12-09-2018 12:35:59 Wire.java DEBUG [Forwarding close on session 289989dc5384cb43b7405861be44b7a9 to remote] http.wire 73 - http-outgoing-2 >> "User-Agent: Apache-HttpClient/4.5.3 (Java/1.8.0_181)[\r][\n]"
12-09-2018 12:35:59 Wire.java DEBUG [Forwarding close on session 289989dc5384cb43b7405861be44b7a9 to remote] http.wire 73 - http-outgoing-2 >> "Accept-Encoding: gzip,deflate[\r][\n]"
12-09-2018 12:35:59 Wire.java DEBUG [Forwarding close on session 289989dc5384cb43b7405861be44b7a9 to remote] http.wire 73 - http-outgoing-2 >> "[\r][\n]"
12-09-2018 12:36:01 Wire.java DEBUG [Forwarding close on session 289989dc5384cb43b7405861be44b7a9 to remote] http.wire 73 - http-outgoing-2 << "HTTP/1.1 200 OK[\r][\n]"
12-09-2018 12:36:01 Wire.java DEBUG [Forwarding close on session 289989dc5384cb43b7405861be44b7a9 to remote] http.wire 73 - http-outgoing-2 << "Content-Length:72[\r][\n]"
12-09-2018 12:36:01 Wire.java DEBUG [Forwarding close on session 289989dc5384cb43b7405861be44b7a9 to remote] http.wire 73 - http-outgoing-2 << "Content-Type:application/json; charset=utf-8[\r][\n]"
12-09-2018 12:36:01 Wire.java DEBUG [Forwarding close on session 289989dc5384cb43b7405861be44b7a9 to remote] http.wire 73 - http-outgoing-2 << "[\r][\n]"
12-09-2018 12:36:01 Wire.java DEBUG [Forwarding close on session 289989dc5384cb43b7405861be44b7a9 to remote] http.wire 87 - http-outgoing-2 << "{"sessionId":"289989dc5384cb43b7405861be44b7a9","status":0,"value":null}"
12-09-2018 12:36:01 LoggingManagedHttpClientConnection.java DEBUG [Forwarding close on session 289989dc5384cb43b7405861be44b7a9 to remote] http.headers 122 - http-outgoing-2 << HTTP/1.1 200 OK
12-09-2018 12:36:01 LoggingManagedHttpClientConnection.java DEBUG [Forwarding close on session 289989dc5384cb43b7405861be44b7a9 to remote] http.headers 125 - http-outgoing-2 << Content-Length:72
12-09-2018 12:36:01 LoggingManagedHttpClientConnection.java DEBUG [Forwarding close on session 289989dc5384cb43b7405861be44b7a9 to remote] http.headers 125 - http-outgoing-2 << Content-Type:application/json; charset=utf-8
12-09-2018 12:36:01 MainClientExec.java DEBUG [Forwarding close on session 289989dc5384cb43b7405861be44b7a9 to remote] execchain.MainClientExec 285 - Connection can be kept alive indefinitely
12-09-2018 12:36:01 PoolingHttpClientConnectionManager.java DEBUG [Forwarding close on session 289989dc5384cb43b7405861be44b7a9 to remote] conn.PoolingHttpClientConnectionManager 320 - Connection [id: 2][route: {}->http://localhost:42366] can be kept alive indefinitely
12-09-2018 12:36:01 PoolingHttpClientConnectionManager.java DEBUG [Forwarding close on session 289989dc5384cb43b7405861be44b7a9 to remote] conn.PoolingHttpClientConnectionManager 326 - Connection released: [id: 2][route: {}->http://localhost:42366][total kept alive: 3; route allocated: 1 of 2000; total allocated: 3 of 2000]
12-09-2018 12:36:01 RequestAddCookies.java DEBUG [Forwarding quit on session 289989dc5384cb43b7405861be44b7a9 to remote] protocol.RequestAddCookies 123 - CookieSpec selected: default
12-09-2018 12:36:01 RequestAuthCache.java DEBUG [Forwarding quit on session 289989dc5384cb43b7405861be44b7a9 to remote] protocol.RequestAuthCache 77 - Auth cache not set in the context
12-09-2018 12:36:01 PoolingHttpClientConnectionManager.java DEBUG [Forwarding quit on session 289989dc5384cb43b7405861be44b7a9 to remote] conn.PoolingHttpClientConnectionManager 255 - Connection request: [route: {}->http://localhost:42366][total kept alive: 3; route allocated: 1 of 2000; total allocated: 3 of 2000]
12-09-2018 12:36:01 PoolingHttpClientConnectionManager.java DEBUG [Forwarding quit on session 289989dc5384cb43b7405861be44b7a9 to remote] conn.PoolingHttpClientConnectionManager 288 - Connection leased: [id: 2][route: {}->http://localhost:42366][total kept alive: 2; route allocated: 1 of 2000; total allocated: 3 of 2000]
12-09-2018 12:36:01 MainClientExec.java DEBUG [Forwarding quit on session 289989dc5384cb43b7405861be44b7a9 to remote] execchain.MainClientExec 208 - Stale connection check
12-09-2018 12:36:01 Wire.java DEBUG [Forwarding quit on session 289989dc5384cb43b7405861be44b7a9 to remote] http.wire 87 - http-outgoing-2 << "[read] I/O error: Read timed out"
12-09-2018 12:36:01 LoggingManagedHttpClientConnection.java DEBUG [Forwarding quit on session 289989dc5384cb43b7405861be44b7a9 to remote] conn.DefaultManagedHttpClientConnection 88 - http-outgoing-2: set socket timeout to 10800000
12-09-2018 12:36:01 MainClientExec.java DEBUG [Forwarding quit on session 289989dc5384cb43b7405861be44b7a9 to remote] execchain.MainClientExec 256 - Executing request DELETE /session/289989dc5384cb43b7405861be44b7a9 HTTP/1.1
12-09-2018 12:36:01 MainClientExec.java DEBUG [Forwarding quit on session 289989dc5384cb43b7405861be44b7a9 to remote] execchain.MainClientExec 261 - Target auth state: UNCHALLENGED
12-09-2018 12:36:01 MainClientExec.java DEBUG [Forwarding quit on session 289989dc5384cb43b7405861be44b7a9 to remote] execchain.MainClientExec 267 - Proxy auth state: UNCHALLENGED
12-09-2018 12:36:01 LoggingManagedHttpClientConnection.java DEBUG [Forwarding quit on session 289989dc5384cb43b7405861be44b7a9 to remote] http.headers 133 - http-outgoing-2 >> DELETE /session/289989dc5384cb43b7405861be44b7a9 HTTP/1.1
12-09-2018 12:36:01 LoggingManagedHttpClientConnection.java DEBUG [Forwarding quit on session 289989dc5384cb43b7405861be44b7a9 to remote] http.headers 136 - http-outgoing-2 >> Host: localhost:42366
12-09-2018 12:36:01 LoggingManagedHttpClientConnection.java DEBUG [Forwarding quit on session 289989dc5384cb43b7405861be44b7a9 to remote] http.headers 136 - http-outgoing-2 >> Connection: Keep-Alive
12-09-2018 12:36:01 LoggingManagedHttpClientConnection.java DEBUG [Forwarding quit on session 289989dc5384cb43b7405861be44b7a9 to remote] http.headers 136 - http-outgoing-2 >> User-Agent: Apache-HttpClient/4.5.3 (Java/1.8.0_181)
12-09-2018 12:36:01 LoggingManagedHttpClientConnection.java DEBUG [Forwarding quit on session 289989dc5384cb43b7405861be44b7a9 to remote] http.headers 136 - http-outgoing-2 >> Accept-Encoding: gzip,deflate
12-09-2018 12:36:01 Wire.java DEBUG [Forwarding quit on session 289989dc5384cb43b7405861be44b7a9 to remote] http.wire 73 - http-outgoing-2 >> "DELETE /session/289989dc5384cb43b7405861be44b7a9 HTTP/1.1[\r][\n]"
12-09-2018 12:36:01 Wire.java DEBUG [Forwarding quit on session 289989dc5384cb43b7405861be44b7a9 to remote] http.wire 73 - http-outgoing-2 >> "Host: localhost:42366[\r][\n]"
12-09-2018 12:36:01 Wire.java DEBUG [Forwarding quit on session 289989dc5384cb43b7405861be44b7a9 to remote] http.wire 73 - http-outgoing-2 >> "Connection: Keep-Alive[\r][\n]"
12-09-2018 12:36:01 Wire.java DEBUG [Forwarding quit on session 289989dc5384cb43b7405861be44b7a9 to remote] http.wire 73 - http-outgoing-2 >> "User-Agent: Apache-HttpClient/4.5.3 (Java/1.8.0_181)[\r][\n]"
12-09-2018 12:36:01 Wire.java DEBUG [Forwarding quit on session 289989dc5384cb43b7405861be44b7a9 to remote] http.wire 73 - http-outgoing-2 >> "Accept-Encoding: gzip,deflate[\r][\n]"
12-09-2018 12:36:01 Wire.java DEBUG [Forwarding quit on session 289989dc5384cb43b7405861be44b7a9 to remote] http.wire 73 - http-outgoing-2 >> "[\r][\n]"
12-09-2018 12:36:01 Wire.java DEBUG [Forwarding quit on session 289989dc5384cb43b7405861be44b7a9 to remote] http.wire 73 - http-outgoing-2 << "HTTP/1.1 200 OK[\r][\n]"
12-09-2018 12:36:01 Wire.java DEBUG [Forwarding quit on session 289989dc5384cb43b7405861be44b7a9 to remote] http.wire 73 - http-outgoing-2 << "Content-Length:40[\r][\n]"
12-09-2018 12:36:01 Wire.java DEBUG [Forwarding quit on session 289989dc5384cb43b7405861be44b7a9 to remote] http.wire 73 - http-outgoing-2 << "Content-Type:application/json; charset=utf-8[\r][\n]"
12-09-2018 12:36:01 Wire.java DEBUG [Forwarding quit on session 289989dc5384cb43b7405861be44b7a9 to remote] http.wire 73 - http-outgoing-2 << "[\r][\n]"
12-09-2018 12:36:01 Wire.java DEBUG [Forwarding quit on session 289989dc5384cb43b7405861be44b7a9 to remote] http.wire 87 - http-outgoing-2 << "{"sessionId":"","status":0,"value":null}"
12-09-2018 12:36:01 LoggingManagedHttpClientConnection.java DEBUG [Forwarding quit on session 289989dc5384cb43b7405861be44b7a9 to remote] http.headers 122 - http-outgoing-2 << HTTP/1.1 200 OK
12-09-2018 12:36:01 LoggingManagedHttpClientConnection.java DEBUG [Forwarding quit on session 289989dc5384cb43b7405861be44b7a9 to remote] http.headers 125 - http-outgoing-2 << Content-Length:40
12-09-2018 12:36:01 LoggingManagedHttpClientConnection.java DEBUG [Forwarding quit on session 289989dc5384cb43b7405861be44b7a9 to remote] http.headers 125 - http-outgoing-2 << Content-Type:application/json; charset=utf-8
12-09-2018 12:36:01 MainClientExec.java DEBUG [Forwarding quit on session 289989dc5384cb43b7405861be44b7a9 to remote] execchain.MainClientExec 285 - Connection can be kept alive indefinitely
12-09-2018 12:36:01 PoolingHttpClientConnectionManager.java DEBUG [Forwarding quit on session 289989dc5384cb43b7405861be44b7a9 to remote] conn.PoolingHttpClientConnectionManager 320 - Connection [id: 2][route: {}->http://localhost:42366] can be kept alive indefinitely
12-09-2018 12:36:01 PoolingHttpClientConnectionManager.java DEBUG [Forwarding quit on session 289989dc5384cb43b7405861be44b7a9 to remote] conn.PoolingHttpClientConnectionManager 326 - Connection released: [id: 2][route: {}->http://localhost:42366][total kept alive: 3; route allocated: 1 of 2000; total allocated: 3 of 2000]
12-09-2018 12:36:01 PoolingHttpClientConnectionManager.java DEBUG [Forwarding quit on session 289989dc5384cb43b7405861be44b7a9 to remote] conn.PoolingHttpClientConnectionManager 407 - Closing connections idle longer than 0 SECONDS
12-09-2018 12:36:01 LoggingManagedHttpClientConnection.java DEBUG [Forwarding quit on session 289989dc5384cb43b7405861be44b7a9 to remote] conn.DefaultManagedHttpClientConnection 79 - http-outgoing-2: Close connection
12-09-2018 12:36:01 LoggingManagedHttpClientConnection.java DEBUG [Forwarding quit on session 289989dc5384cb43b7405861be44b7a9 to remote] conn.DefaultManagedHttpClientConnection 79 - http-outgoing-1: Close connection
12-09-2018 12:36:01 LoggingManagedHttpClientConnection.java DEBUG [Forwarding quit on session 289989dc5384cb43b7405861be44b7a9 to remote] conn.DefaultManagedHttpClientConnection 79 - http-outgoing-0: Close connection
12-09-2018 12:36:02 Base.java INFO  [main] GmailSignInComposeMailSignOutTest 83 - Execution Ended
]]></system-out>
    <system-err><![CDATA[Starting ChromeDriver 2.44.609538 (b655c5a60b0b544917107a59d4153d4bf78e1b90) on port 42366
Only local connections are allowed.
Dec 09, 2018 12:35:31 PM org.openqa.selenium.remote.ProtocolHandshake createSession
INFO: Detected dialect: OSS
]]></system-err>
  </testcase>
</testsuite>