<?xml version="1.0" encoding="UTF-8"?>
<testsuite xmlns:xsi="http://www.w3.org/2001/XMLSchema-instance" xsi:noNamespaceSchemaLocation="https://maven.apache.org/surefire/maven-surefire-plugin/xsd/surefire-test-report.xsd" name="com.gmail.qa.test.GmailSignInAndSignOutTest" time="35.425" tests="2" errors="2" skipped="0" failures="0">
  <properties>
[...]
</properties>
  <testcase name="testGmailSignInAndSignOut" classname="com.gmail.qa.test.GmailSignInAndSignOutTest" time="35.265">
    <error message="chrome not reachable&#10;  (Session info: chrome=70.0.3538.110)&#10;  (Driver info: chromedriver=2.44.609538 (b655c5a60b0b544917107a59d4153d4bf78e1b90),platform=Windows NT 10.0.17134 x86_64) (WARNING: The server did not provide any stacktrace information)&#10;Command duration or timeout: 0 milliseconds&#10;Build info: version: &apos;3.5.3&apos;, revision: &apos;a88d25fe6b&apos;, time: &apos;2017-08-29T12:42:44.417Z&apos;&#10;System info: host: &apos;DESKTOP-VQGGT5N&apos;, ip: &apos;192.168.1.12&apos;, os.name: &apos;Windows 10&apos;, os.arch: &apos;amd64&apos;, os.version: &apos;10.0&apos;, java.version: &apos;1.8.0_181&apos;&#10;Driver info: org.openqa.selenium.chrome.ChromeDriver&#10;Capabilities [{mobileEmulationEnabled=false, hasTouchScreen=false, platform=XP, acceptSslCerts=false, goog:chromeOptions={debuggerAddress=localhost:50193}, acceptInsecureCerts=false, webStorageEnabled=true, browserName=chrome, takesScreenshot=true, javascriptEnabled=true, platformName=XP, setWindowRect=true, unexpectedAlertBehaviour=ignore, applicationCacheEnabled=false, rotatable=false, networkConnectionEnabled=false, chrome={chromedriverVersion=2.44.609538 (b655c5a60b0b544917107a59d4153d4bf78e1b90), userDataDir=C:\Users\chait\AppData\Local\Temp\scoped_dir7960_8771}, takesHeapSnapshot=true, unhandledPromptBehavior=ignore, pageLoadStrategy=normal, databaseEnabled=false, handlesAlerts=true, version=70.0.3538.110, browserConnectionEnabled=false, nativeEvents=true, locationContextEnabled=true, cssSelectorsEnabled=true}]&#10;Session ID: ce2de8efb7f04f14a621beba7972e20c&#10;*** Element info: {Using=xpath, value=//span[@class=&apos;gb_bb gbii&apos;]}" type="org.openqa.selenium.WebDriverException">org.openqa.selenium.WebDriverException: 
chrome not reachable
  (Session info: chrome=70.0.3538.110)
  (Driver info: chromedriver=2.44.609538 (b655c5a60b0b544917107a59d4153d4bf78e1b90),platform=Windows NT 10.0.17134 x86_64) (WARNING: The server did not provide any stacktrace information)
Command duration or timeout: 0 milliseconds
Build info: version: '3.5.3', revision: 'a88d25fe6b', time: '2017-08-29T12:42:44.417Z'
System info: host: 'DESKTOP-VQGGT5N', ip: '192.168.1.12', os.name: 'Windows 10', os.arch: 'amd64', os.version: '10.0', java.version: '1.8.0_181'
Driver info: org.openqa.selenium.chrome.ChromeDriver
Capabilities [{mobileEmulationEnabled=false, hasTouchScreen=false, platform=XP, acceptSslCerts=false, goog:chromeOptions={debuggerAddress=localhost:50193}, acceptInsecureCerts=false, webStorageEnabled=true, browserName=chrome, takesScreenshot=true, javascriptEnabled=true, platformName=XP, setWindowRect=true, unexpectedAlertBehaviour=ignore, applicationCacheEnabled=false, rotatable=false, networkConnectionEnabled=false, chrome={chromedriverVersion=2.44.609538 (b655c5a60b0b544917107a59d4153d4bf78e1b90), userDataDir=C:\Users\chait\AppData\Local\Temp\scoped_dir7960_8771}, takesHeapSnapshot=true, unhandledPromptBehavior=ignore, pageLoadStrategy=normal, databaseEnabled=false, handlesAlerts=true, version=70.0.3538.110, browserConnectionEnabled=false, nativeEvents=true, locationContextEnabled=true, cssSelectorsEnabled=true}]
Session ID: ce2de8efb7f04f14a621beba7972e20c
*** Element info: {Using=xpath, value=//span[@class='gb_bb gbii']}
	at com.gmail.qa.test.GmailSignInAndSignOutTest.testGmailSignInAndSignOut(GmailSignInAndSignOutTest.java:47)
</error>
    <system-out><![CDATA[12-09-2018 12:34:37 Base.java INFO  [main] GmailSignInAndSignOutTest 31 - Execution Started
12-09-2018 12:34:40 RequestAddCookies.java DEBUG [Forwarding newSession on session null to remote] protocol.RequestAddCookies 123 - CookieSpec selected: default
12-09-2018 12:34:40 RequestAuthCache.java DEBUG [Forwarding newSession on session null to remote] protocol.RequestAuthCache 77 - Auth cache not set in the context
12-09-2018 12:34:40 PoolingHttpClientConnectionManager.java DEBUG [Forwarding newSession on session null to remote] conn.PoolingHttpClientConnectionManager 255 - Connection request: [route: {}->http://localhost:23028][total kept alive: 0; route allocated: 0 of 2000; total allocated: 0 of 2000]
12-09-2018 12:34:40 PoolingHttpClientConnectionManager.java DEBUG [Forwarding newSession on session null to remote] conn.PoolingHttpClientConnectionManager 288 - Connection leased: [id: 0][route: {}->http://localhost:23028][total kept alive: 0; route allocated: 1 of 2000; total allocated: 1 of 2000]
12-09-2018 12:34:40 MainClientExec.java DEBUG [Forwarding newSession on session null to remote] execchain.MainClientExec 235 - Opening connection {}->http://localhost:23028
12-09-2018 12:34:40 DefaultHttpClientConnectionOperator.java DEBUG [Forwarding newSession on session null to remote] conn.DefaultHttpClientConnectionOperator 139 - Connecting to localhost/127.0.0.1:23028
12-09-2018 12:34:40 DefaultHttpClientConnectionOperator.java DEBUG [Forwarding newSession on session null to remote] conn.DefaultHttpClientConnectionOperator 146 - Connection established 127.0.0.1:50192<->127.0.0.1:23028
12-09-2018 12:34:40 LoggingManagedHttpClientConnection.java DEBUG [Forwarding newSession on session null to remote] conn.DefaultManagedHttpClientConnection 88 - http-outgoing-0: set socket timeout to 10800000
12-09-2018 12:34:40 MainClientExec.java DEBUG [Forwarding newSession on session null to remote] execchain.MainClientExec 256 - Executing request POST /session HTTP/1.1
12-09-2018 12:34:40 MainClientExec.java DEBUG [Forwarding newSession on session null to remote] execchain.MainClientExec 261 - Target auth state: UNCHALLENGED
12-09-2018 12:34:40 MainClientExec.java DEBUG [Forwarding newSession on session null to remote] execchain.MainClientExec 267 - Proxy auth state: UNCHALLENGED
12-09-2018 12:34:40 LoggingManagedHttpClientConnection.java DEBUG [Forwarding newSession on session null to remote] http.headers 133 - http-outgoing-0 >> POST /session HTTP/1.1
12-09-2018 12:34:40 LoggingManagedHttpClientConnection.java DEBUG [Forwarding newSession on session null to remote] http.headers 136 - http-outgoing-0 >> Content-Type: application/json; charset=utf-8
12-09-2018 12:34:40 LoggingManagedHttpClientConnection.java DEBUG [Forwarding newSession on session null to remote] http.headers 136 - http-outgoing-0 >> Content-Length: 550
12-09-2018 12:34:40 LoggingManagedHttpClientConnection.java DEBUG [Forwarding newSession on session null to remote] http.headers 136 - http-outgoing-0 >> Host: localhost:23028
12-09-2018 12:34:40 LoggingManagedHttpClientConnection.java DEBUG [Forwarding newSession on session null to remote] http.headers 136 - http-outgoing-0 >> Connection: Keep-Alive
12-09-2018 12:34:40 LoggingManagedHttpClientConnection.java DEBUG [Forwarding newSession on session null to remote] http.headers 136 - http-outgoing-0 >> User-Agent: Apache-HttpClient/4.5.3 (Java/1.8.0_181)
12-09-2018 12:34:40 LoggingManagedHttpClientConnection.java DEBUG [Forwarding newSession on session null to remote] http.headers 136 - http-outgoing-0 >> Accept-Encoding: gzip,deflate
12-09-2018 12:34:40 Wire.java DEBUG [Forwarding newSession on session null to remote] http.wire 73 - http-outgoing-0 >> "POST /session HTTP/1.1[\r][\n]"
12-09-2018 12:34:40 Wire.java DEBUG [Forwarding newSession on session null to remote] http.wire 73 - http-outgoing-0 >> "Content-Type: application/json; charset=utf-8[\r][\n]"
12-09-2018 12:34:40 Wire.java DEBUG [Forwarding newSession on session null to remote] http.wire 73 - http-outgoing-0 >> "Content-Length: 550[\r][\n]"
12-09-2018 12:34:40 Wire.java DEBUG [Forwarding newSession on session null to remote] http.wire 73 - http-outgoing-0 >> "Host: localhost:23028[\r][\n]"
12-09-2018 12:34:40 Wire.java DEBUG [Forwarding newSession on session null to remote] http.wire 73 - http-outgoing-0 >> "Connection: Keep-Alive[\r][\n]"
12-09-2018 12:34:40 Wire.java DEBUG [Forwarding newSession on session null to remote] http.wire 73 - http-outgoing-0 >> "User-Agent: Apache-HttpClient/4.5.3 (Java/1.8.0_181)[\r][\n]"
12-09-2018 12:34:40 Wire.java DEBUG [Forwarding newSession on session null to remote] http.wire 73 - http-outgoing-0 >> "Accept-Encoding: gzip,deflate[\r][\n]"
12-09-2018 12:34:40 Wire.java DEBUG [Forwarding newSession on session null to remote] http.wire 73 - http-outgoing-0 >> "[\r][\n]"
12-09-2018 12:34:40 Wire.java DEBUG [Forwarding newSession on session null to remote] http.wire 73 - http-outgoing-0 >> "{[\n]"
12-09-2018 12:34:40 Wire.java DEBUG [Forwarding newSession on session null to remote] http.wire 73 - http-outgoing-0 >> "  "desiredCapabilities": {[\n]"
12-09-2018 12:34:40 Wire.java DEBUG [Forwarding newSession on session null to remote] http.wire 73 - http-outgoing-0 >> "    "browserName": "chrome",[\n]"
12-09-2018 12:34:40 Wire.java DEBUG [Forwarding newSession on session null to remote] http.wire 73 - http-outgoing-0 >> "    "chromeOptions": {[\n]"
12-09-2018 12:34:40 Wire.java DEBUG [Forwarding newSession on session null to remote] http.wire 73 - http-outgoing-0 >> "      "args": [],[\n]"
12-09-2018 12:34:40 Wire.java DEBUG [Forwarding newSession on session null to remote] http.wire 73 - http-outgoing-0 >> "      "extensions": [][\n]"
12-09-2018 12:34:40 Wire.java DEBUG [Forwarding newSession on session null to remote] http.wire 73 - http-outgoing-0 >> "    },[\n]"
12-09-2018 12:34:40 Wire.java DEBUG [Forwarding newSession on session null to remote] http.wire 73 - http-outgoing-0 >> "    "version": "",[\n]"
12-09-2018 12:34:40 Wire.java DEBUG [Forwarding newSession on session null to remote] http.wire 73 - http-outgoing-0 >> "    "platform": "ANY"[\n]"
12-09-2018 12:34:40 Wire.java DEBUG [Forwarding newSession on session null to remote] http.wire 73 - http-outgoing-0 >> "  },[\n]"
12-09-2018 12:34:40 Wire.java DEBUG [Forwarding newSession on session null to remote] http.wire 73 - http-outgoing-0 >> "  "requiredCapabilities": {},[\n]"
12-09-2018 12:34:40 Wire.java DEBUG [Forwarding newSession on session null to remote] http.wire 73 - http-outgoing-0 >> "  "capabilities": {[\n]"
12-09-2018 12:34:40 Wire.java DEBUG [Forwarding newSession on session null to remote] http.wire 73 - http-outgoing-0 >> "    "desiredCapabilities": {[\n]"
12-09-2018 12:34:40 Wire.java DEBUG [Forwarding newSession on session null to remote] http.wire 73 - http-outgoing-0 >> "      "browserName": "chrome",[\n]"
12-09-2018 12:34:40 Wire.java DEBUG [Forwarding newSession on session null to remote] http.wire 73 - http-outgoing-0 >> "      "chromeOptions": {[\n]"
12-09-2018 12:34:40 Wire.java DEBUG [Forwarding newSession on session null to remote] http.wire 73 - http-outgoing-0 >> "        "args": [],[\n]"
12-09-2018 12:34:40 Wire.java DEBUG [Forwarding newSession on session null to remote] http.wire 73 - http-outgoing-0 >> "        "extensions": [][\n]"
12-09-2018 12:34:40 Wire.java DEBUG [Forwarding newSession on session null to remote] http.wire 73 - http-outgoing-0 >> "      },[\n]"
12-09-2018 12:34:40 Wire.java DEBUG [Forwarding newSession on session null to remote] http.wire 73 - http-outgoing-0 >> "      "version": "",[\n]"
12-09-2018 12:34:40 Wire.java DEBUG [Forwarding newSession on session null to remote] http.wire 73 - http-outgoing-0 >> "      "platform": "ANY"[\n]"
12-09-2018 12:34:40 Wire.java DEBUG [Forwarding newSession on session null to remote] http.wire 73 - http-outgoing-0 >> "    },[\n]"
12-09-2018 12:34:40 Wire.java DEBUG [Forwarding newSession on session null to remote] http.wire 73 - http-outgoing-0 >> "    "requiredCapabilities": {},[\n]"
12-09-2018 12:34:40 Wire.java DEBUG [Forwarding newSession on session null to remote] http.wire 73 - http-outgoing-0 >> "    "alwaysMatch": {},[\n]"
12-09-2018 12:34:40 Wire.java DEBUG [Forwarding newSession on session null to remote] http.wire 73 - http-outgoing-0 >> "    "firstMatch": [[\n]"
12-09-2018 12:34:40 Wire.java DEBUG [Forwarding newSession on session null to remote] http.wire 73 - http-outgoing-0 >> "      {[\n]"
12-09-2018 12:34:40 Wire.java DEBUG [Forwarding newSession on session null to remote] http.wire 73 - http-outgoing-0 >> "        "browserName": "chrome"[\n]"
12-09-2018 12:34:40 Wire.java DEBUG [Forwarding newSession on session null to remote] http.wire 73 - http-outgoing-0 >> "      }[\n]"
12-09-2018 12:34:40 Wire.java DEBUG [Forwarding newSession on session null to remote] http.wire 73 - http-outgoing-0 >> "    ][\n]"
12-09-2018 12:34:40 Wire.java DEBUG [Forwarding newSession on session null to remote] http.wire 73 - http-outgoing-0 >> "  }[\n]"
12-09-2018 12:34:40 Wire.java DEBUG [Forwarding newSession on session null to remote] http.wire 87 - http-outgoing-0 >> "}"
12-09-2018 12:34:42 Wire.java DEBUG [Forwarding newSession on session null to remote] http.wire 73 - http-outgoing-0 << "HTTP/1.1 200 OK[\r][\n]"
12-09-2018 12:34:42 Wire.java DEBUG [Forwarding newSession on session null to remote] http.wire 73 - http-outgoing-0 << "Content-Length:893[\r][\n]"
12-09-2018 12:34:42 Wire.java DEBUG [Forwarding newSession on session null to remote] http.wire 73 - http-outgoing-0 << "Content-Type:application/json; charset=utf-8[\r][\n]"
12-09-2018 12:34:42 Wire.java DEBUG [Forwarding newSession on session null to remote] http.wire 73 - http-outgoing-0 << "[\r][\n]"
12-09-2018 12:34:42 Wire.java DEBUG [Forwarding newSession on session null to remote] http.wire 87 - http-outgoing-0 << "{"sessionId":"ce2de8efb7f04f14a621beba7972e20c","status":0,"value":{"acceptInsecureCerts":false,"acceptSslCerts":false,"applicationCacheEnabled":false,"browserConnectionEnabled":false,"browserName":"chrome","chrome":{"chromedriverVersion":"2.44.609538 (b655c5a60b0b544917107a59d4153d4bf78e1b90)","userDataDir":"C:\\Users\\chait\\AppData\\Local\\Temp\\scoped_dir7960_8771"},"cssSelectorsEnabled":true,"databaseEnabled":false,"goog:chromeOptions":{"debuggerAddress":"localhost:50193"},"handlesAlerts":true,"hasTouchScreen":false,"javascriptEnabled":true,"locationContextEnabled":true,"mobileEmulationEnabled":false,"nativeEvents":true,"networkConnectionEnabled":false,"pageLoadStrategy":"normal","platform":"Windows NT","rotatable":false,"setWindowRect":true,"takesHeapSnapshot":true,"takesScreenshot":true,"unexpectedAlertBehaviour":"ignore","version":"70.0.3538.110","webStorageEnabled":true}}"
12-09-2018 12:34:42 LoggingManagedHttpClientConnection.java DEBUG [Forwarding newSession on session null to remote] http.headers 122 - http-outgoing-0 << HTTP/1.1 200 OK
12-09-2018 12:34:42 LoggingManagedHttpClientConnection.java DEBUG [Forwarding newSession on session null to remote] http.headers 125 - http-outgoing-0 << Content-Length:893
12-09-2018 12:34:42 LoggingManagedHttpClientConnection.java DEBUG [Forwarding newSession on session null to remote] http.headers 125 - http-outgoing-0 << Content-Type:application/json; charset=utf-8
12-09-2018 12:34:42 MainClientExec.java DEBUG [Forwarding newSession on session null to remote] execchain.MainClientExec 285 - Connection can be kept alive indefinitely
12-09-2018 12:34:42 PoolingHttpClientConnectionManager.java DEBUG [Forwarding newSession on session null to remote] conn.PoolingHttpClientConnectionManager 320 - Connection [id: 0][route: {}->http://localhost:23028] can be kept alive indefinitely
12-09-2018 12:34:42 PoolingHttpClientConnectionManager.java DEBUG [Forwarding newSession on session null to remote] conn.PoolingHttpClientConnectionManager 326 - Connection released: [id: 0][route: {}->http://localhost:23028][total kept alive: 1; route allocated: 1 of 2000; total allocated: 1 of 2000]
12-09-2018 12:34:42 RequestAddCookies.java DEBUG [Forwarding maximizeCurrentWindow on session ce2de8efb7f04f14a621beba7972e20c to remote] protocol.RequestAddCookies 123 - CookieSpec selected: default
12-09-2018 12:34:42 RequestAuthCache.java DEBUG [Forwarding maximizeCurrentWindow on session ce2de8efb7f04f14a621beba7972e20c to remote] protocol.RequestAuthCache 77 - Auth cache not set in the context
12-09-2018 12:34:42 PoolingHttpClientConnectionManager.java DEBUG [Forwarding maximizeCurrentWindow on session ce2de8efb7f04f14a621beba7972e20c to remote] conn.PoolingHttpClientConnectionManager 255 - Connection request: [route: {}->http://localhost:23028][total kept alive: 1; route allocated: 1 of 2000; total allocated: 1 of 2000]
12-09-2018 12:34:42 PoolingHttpClientConnectionManager.java DEBUG [Forwarding maximizeCurrentWindow on session ce2de8efb7f04f14a621beba7972e20c to remote] conn.PoolingHttpClientConnectionManager 288 - Connection leased: [id: 0][route: {}->http://localhost:23028][total kept alive: 0; route allocated: 1 of 2000; total allocated: 1 of 2000]
12-09-2018 12:34:42 MainClientExec.java DEBUG [Forwarding maximizeCurrentWindow on session ce2de8efb7f04f14a621beba7972e20c to remote] execchain.MainClientExec 208 - Stale connection check
12-09-2018 12:34:42 Wire.java DEBUG [Forwarding maximizeCurrentWindow on session ce2de8efb7f04f14a621beba7972e20c to remote] http.wire 87 - http-outgoing-0 << "[read] I/O error: Read timed out"
12-09-2018 12:34:42 LoggingManagedHttpClientConnection.java DEBUG [Forwarding maximizeCurrentWindow on session ce2de8efb7f04f14a621beba7972e20c to remote] conn.DefaultManagedHttpClientConnection 88 - http-outgoing-0: set socket timeout to 10800000
12-09-2018 12:34:42 MainClientExec.java DEBUG [Forwarding maximizeCurrentWindow on session ce2de8efb7f04f14a621beba7972e20c to remote] execchain.MainClientExec 256 - Executing request POST /session/ce2de8efb7f04f14a621beba7972e20c/window/current/maximize HTTP/1.1
12-09-2018 12:34:42 MainClientExec.java DEBUG [Forwarding maximizeCurrentWindow on session ce2de8efb7f04f14a621beba7972e20c to remote] execchain.MainClientExec 261 - Target auth state: UNCHALLENGED
12-09-2018 12:34:42 MainClientExec.java DEBUG [Forwarding maximizeCurrentWindow on session ce2de8efb7f04f14a621beba7972e20c to remote] execchain.MainClientExec 267 - Proxy auth state: UNCHALLENGED
12-09-2018 12:34:42 LoggingManagedHttpClientConnection.java DEBUG [Forwarding maximizeCurrentWindow on session ce2de8efb7f04f14a621beba7972e20c to remote] http.headers 133 - http-outgoing-0 >> POST /session/ce2de8efb7f04f14a621beba7972e20c/window/current/maximize HTTP/1.1
12-09-2018 12:34:42 LoggingManagedHttpClientConnection.java DEBUG [Forwarding maximizeCurrentWindow on session ce2de8efb7f04f14a621beba7972e20c to remote] http.headers 136 - http-outgoing-0 >> Content-Type: application/json; charset=utf-8
12-09-2018 12:34:42 LoggingManagedHttpClientConnection.java DEBUG [Forwarding maximizeCurrentWindow on session ce2de8efb7f04f14a621beba7972e20c to remote] http.headers 136 - http-outgoing-0 >> Content-Length: 45
12-09-2018 12:34:42 LoggingManagedHttpClientConnection.java DEBUG [Forwarding maximizeCurrentWindow on session ce2de8efb7f04f14a621beba7972e20c to remote] http.headers 136 - http-outgoing-0 >> Host: localhost:23028
12-09-2018 12:34:42 LoggingManagedHttpClientConnection.java DEBUG [Forwarding maximizeCurrentWindow on session ce2de8efb7f04f14a621beba7972e20c to remote] http.headers 136 - http-outgoing-0 >> Connection: Keep-Alive
12-09-2018 12:34:42 LoggingManagedHttpClientConnection.java DEBUG [Forwarding maximizeCurrentWindow on session ce2de8efb7f04f14a621beba7972e20c to remote] http.headers 136 - http-outgoing-0 >> User-Agent: Apache-HttpClient/4.5.3 (Java/1.8.0_181)
12-09-2018 12:34:42 LoggingManagedHttpClientConnection.java DEBUG [Forwarding maximizeCurrentWindow on session ce2de8efb7f04f14a621beba7972e20c to remote] http.headers 136 - http-outgoing-0 >> Accept-Encoding: gzip,deflate
12-09-2018 12:34:42 Wire.java DEBUG [Forwarding maximizeCurrentWindow on session ce2de8efb7f04f14a621beba7972e20c to remote] http.wire 73 - http-outgoing-0 >> "POST /session/ce2de8efb7f04f14a621beba7972e20c/window/current/maximize HTTP/1.1[\r][\n]"
12-09-2018 12:34:42 Wire.java DEBUG [Forwarding maximizeCurrentWindow on session ce2de8efb7f04f14a621beba7972e20c to remote] http.wire 73 - http-outgoing-0 >> "Content-Type: application/json; charset=utf-8[\r][\n]"
12-09-2018 12:34:42 Wire.java DEBUG [Forwarding maximizeCurrentWindow on session ce2de8efb7f04f14a621beba7972e20c to remote] http.wire 73 - http-outgoing-0 >> "Content-Length: 45[\r][\n]"
12-09-2018 12:34:42 Wire.java DEBUG [Forwarding maximizeCurrentWindow on session ce2de8efb7f04f14a621beba7972e20c to remote] http.wire 73 - http-outgoing-0 >> "Host: localhost:23028[\r][\n]"
12-09-2018 12:34:42 Wire.java DEBUG [Forwarding maximizeCurrentWindow on session ce2de8efb7f04f14a621beba7972e20c to remote] http.wire 73 - http-outgoing-0 >> "Connection: Keep-Alive[\r][\n]"
12-09-2018 12:34:42 Wire.java DEBUG [Forwarding maximizeCurrentWindow on session ce2de8efb7f04f14a621beba7972e20c to remote] http.wire 73 - http-outgoing-0 >> "User-Agent: Apache-HttpClient/4.5.3 (Java/1.8.0_181)[\r][\n]"
12-09-2018 12:34:42 Wire.java DEBUG [Forwarding maximizeCurrentWindow on session ce2de8efb7f04f14a621beba7972e20c to remote] http.wire 73 - http-outgoing-0 >> "Accept-Encoding: gzip,deflate[\r][\n]"
12-09-2018 12:34:42 Wire.java DEBUG [Forwarding maximizeCurrentWindow on session ce2de8efb7f04f14a621beba7972e20c to remote] http.wire 73 - http-outgoing-0 >> "[\r][\n]"
12-09-2018 12:34:42 Wire.java DEBUG [Forwarding maximizeCurrentWindow on session ce2de8efb7f04f14a621beba7972e20c to remote] http.wire 87 - http-outgoing-0 >> "{"windowHandle":"current","handle":"current"}"
12-09-2018 12:34:43 Wire.java DEBUG [Forwarding maximizeCurrentWindow on session ce2de8efb7f04f14a621beba7972e20c to remote] http.wire 73 - http-outgoing-0 << "HTTP/1.1 200 OK[\r][\n]"
12-09-2018 12:34:43 Wire.java DEBUG [Forwarding maximizeCurrentWindow on session ce2de8efb7f04f14a621beba7972e20c to remote] http.wire 73 - http-outgoing-0 << "Content-Length:109[\r][\n]"
12-09-2018 12:34:43 Wire.java DEBUG [Forwarding maximizeCurrentWindow on session ce2de8efb7f04f14a621beba7972e20c to remote] http.wire 73 - http-outgoing-0 << "Content-Type:application/json; charset=utf-8[\r][\n]"
12-09-2018 12:34:43 Wire.java DEBUG [Forwarding maximizeCurrentWindow on session ce2de8efb7f04f14a621beba7972e20c to remote] http.wire 73 - http-outgoing-0 << "[\r][\n]"
12-09-2018 12:34:43 Wire.java DEBUG [Forwarding maximizeCurrentWindow on session ce2de8efb7f04f14a621beba7972e20c to remote] http.wire 87 - http-outgoing-0 << "{"sessionId":"ce2de8efb7f04f14a621beba7972e20c","status":0,"value":{"height":840,"width":1552,"x":-8,"y":-8}}"
12-09-2018 12:34:43 LoggingManagedHttpClientConnection.java DEBUG [Forwarding maximizeCurrentWindow on session ce2de8efb7f04f14a621beba7972e20c to remote] http.headers 122 - http-outgoing-0 << HTTP/1.1 200 OK
12-09-2018 12:34:43 LoggingManagedHttpClientConnection.java DEBUG [Forwarding maximizeCurrentWindow on session ce2de8efb7f04f14a621beba7972e20c to remote] http.headers 125 - http-outgoing-0 << Content-Length:109
12-09-2018 12:34:43 LoggingManagedHttpClientConnection.java DEBUG [Forwarding maximizeCurrentWindow on session ce2de8efb7f04f14a621beba7972e20c to remote] http.headers 125 - http-outgoing-0 << Content-Type:application/json; charset=utf-8
12-09-2018 12:34:43 MainClientExec.java DEBUG [Forwarding maximizeCurrentWindow on session ce2de8efb7f04f14a621beba7972e20c to remote] execchain.MainClientExec 285 - Connection can be kept alive indefinitely
12-09-2018 12:34:43 PoolingHttpClientConnectionManager.java DEBUG [Forwarding maximizeCurrentWindow on session ce2de8efb7f04f14a621beba7972e20c to remote] conn.PoolingHttpClientConnectionManager 320 - Connection [id: 0][route: {}->http://localhost:23028] can be kept alive indefinitely
12-09-2018 12:34:43 PoolingHttpClientConnectionManager.java DEBUG [Forwarding maximizeCurrentWindow on session ce2de8efb7f04f14a621beba7972e20c to remote] conn.PoolingHttpClientConnectionManager 326 - Connection released: [id: 0][route: {}->http://localhost:23028][total kept alive: 1; route allocated: 1 of 2000; total allocated: 1 of 2000]
12-09-2018 12:34:43 RequestAddCookies.java DEBUG [Forwarding deleteAllCookies on session ce2de8efb7f04f14a621beba7972e20c to remote] protocol.RequestAddCookies 123 - CookieSpec selected: default
12-09-2018 12:34:43 RequestAuthCache.java DEBUG [Forwarding deleteAllCookies on session ce2de8efb7f04f14a621beba7972e20c to remote] protocol.RequestAuthCache 77 - Auth cache not set in the context
12-09-2018 12:34:43 PoolingHttpClientConnectionManager.java DEBUG [Forwarding deleteAllCookies on session ce2de8efb7f04f14a621beba7972e20c to remote] conn.PoolingHttpClientConnectionManager 255 - Connection request: [route: {}->http://localhost:23028][total kept alive: 1; route allocated: 1 of 2000; total allocated: 1 of 2000]
12-09-2018 12:34:43 PoolingHttpClientConnectionManager.java DEBUG [Forwarding deleteAllCookies on session ce2de8efb7f04f14a621beba7972e20c to remote] conn.PoolingHttpClientConnectionManager 288 - Connection leased: [id: 0][route: {}->http://localhost:23028][total kept alive: 0; route allocated: 1 of 2000; total allocated: 1 of 2000]
12-09-2018 12:34:43 MainClientExec.java DEBUG [Forwarding deleteAllCookies on session ce2de8efb7f04f14a621beba7972e20c to remote] execchain.MainClientExec 208 - Stale connection check
12-09-2018 12:34:43 Wire.java DEBUG [Forwarding deleteAllCookies on session ce2de8efb7f04f14a621beba7972e20c to remote] http.wire 87 - http-outgoing-0 << "[read] I/O error: Read timed out"
12-09-2018 12:34:43 LoggingManagedHttpClientConnection.java DEBUG [Forwarding deleteAllCookies on session ce2de8efb7f04f14a621beba7972e20c to remote] conn.DefaultManagedHttpClientConnection 88 - http-outgoing-0: set socket timeout to 10800000
12-09-2018 12:34:43 MainClientExec.java DEBUG [Forwarding deleteAllCookies on session ce2de8efb7f04f14a621beba7972e20c to remote] execchain.MainClientExec 256 - Executing request DELETE /session/ce2de8efb7f04f14a621beba7972e20c/cookie HTTP/1.1
12-09-2018 12:34:43 MainClientExec.java DEBUG [Forwarding deleteAllCookies on session ce2de8efb7f04f14a621beba7972e20c to remote] execchain.MainClientExec 261 - Target auth state: UNCHALLENGED
12-09-2018 12:34:43 MainClientExec.java DEBUG [Forwarding deleteAllCookies on session ce2de8efb7f04f14a621beba7972e20c to remote] execchain.MainClientExec 267 - Proxy auth state: UNCHALLENGED
12-09-2018 12:34:43 LoggingManagedHttpClientConnection.java DEBUG [Forwarding deleteAllCookies on session ce2de8efb7f04f14a621beba7972e20c to remote] http.headers 133 - http-outgoing-0 >> DELETE /session/ce2de8efb7f04f14a621beba7972e20c/cookie HTTP/1.1
12-09-2018 12:34:43 LoggingManagedHttpClientConnection.java DEBUG [Forwarding deleteAllCookies on session ce2de8efb7f04f14a621beba7972e20c to remote] http.headers 136 - http-outgoing-0 >> Host: localhost:23028
12-09-2018 12:34:43 LoggingManagedHttpClientConnection.java DEBUG [Forwarding deleteAllCookies on session ce2de8efb7f04f14a621beba7972e20c to remote] http.headers 136 - http-outgoing-0 >> Connection: Keep-Alive
12-09-2018 12:34:43 LoggingManagedHttpClientConnection.java DEBUG [Forwarding deleteAllCookies on session ce2de8efb7f04f14a621beba7972e20c to remote] http.headers 136 - http-outgoing-0 >> User-Agent: Apache-HttpClient/4.5.3 (Java/1.8.0_181)
12-09-2018 12:34:43 LoggingManagedHttpClientConnection.java DEBUG [Forwarding deleteAllCookies on session ce2de8efb7f04f14a621beba7972e20c to remote] http.headers 136 - http-outgoing-0 >> Accept-Encoding: gzip,deflate
12-09-2018 12:34:43 Wire.java DEBUG [Forwarding deleteAllCookies on session ce2de8efb7f04f14a621beba7972e20c to remote] http.wire 73 - http-outgoing-0 >> "DELETE /session/ce2de8efb7f04f14a621beba7972e20c/cookie HTTP/1.1[\r][\n]"
12-09-2018 12:34:43 Wire.java DEBUG [Forwarding deleteAllCookies on session ce2de8efb7f04f14a621beba7972e20c to remote] http.wire 73 - http-outgoing-0 >> "Host: localhost:23028[\r][\n]"
12-09-2018 12:34:43 Wire.java DEBUG [Forwarding deleteAllCookies on session ce2de8efb7f04f14a621beba7972e20c to remote] http.wire 73 - http-outgoing-0 >> "Connection: Keep-Alive[\r][\n]"
12-09-2018 12:34:43 Wire.java DEBUG [Forwarding deleteAllCookies on session ce2de8efb7f04f14a621beba7972e20c to remote] http.wire 73 - http-outgoing-0 >> "User-Agent: Apache-HttpClient/4.5.3 (Java/1.8.0_181)[\r][\n]"
12-09-2018 12:34:43 Wire.java DEBUG [Forwarding deleteAllCookies on session ce2de8efb7f04f14a621beba7972e20c to remote] http.wire 73 - http-outgoing-0 >> "Accept-Encoding: gzip,deflate[\r][\n]"
12-09-2018 12:34:43 Wire.java DEBUG [Forwarding deleteAllCookies on session ce2de8efb7f04f14a621beba7972e20c to remote] http.wire 73 - http-outgoing-0 >> "[\r][\n]"
12-09-2018 12:34:43 Wire.java DEBUG [Forwarding deleteAllCookies on session ce2de8efb7f04f14a621beba7972e20c to remote] http.wire 73 - http-outgoing-0 << "HTTP/1.1 200 OK[\r][\n]"
12-09-2018 12:34:43 Wire.java DEBUG [Forwarding deleteAllCookies on session ce2de8efb7f04f14a621beba7972e20c to remote] http.wire 73 - http-outgoing-0 << "Content-Length:72[\r][\n]"
12-09-2018 12:34:43 Wire.java DEBUG [Forwarding deleteAllCookies on session ce2de8efb7f04f14a621beba7972e20c to remote] http.wire 73 - http-outgoing-0 << "Content-Type:application/json; charset=utf-8[\r][\n]"
12-09-2018 12:34:43 Wire.java DEBUG [Forwarding deleteAllCookies on session ce2de8efb7f04f14a621beba7972e20c to remote] http.wire 73 - http-outgoing-0 << "[\r][\n]"
12-09-2018 12:34:43 Wire.java DEBUG [Forwarding deleteAllCookies on session ce2de8efb7f04f14a621beba7972e20c to remote] http.wire 87 - http-outgoing-0 << "{"sessionId":"ce2de8efb7f04f14a621beba7972e20c","status":0,"value":null}"
12-09-2018 12:34:43 LoggingManagedHttpClientConnection.java DEBUG [Forwarding deleteAllCookies on session ce2de8efb7f04f14a621beba7972e20c to remote] http.headers 122 - http-outgoing-0 << HTTP/1.1 200 OK
12-09-2018 12:34:43 LoggingManagedHttpClientConnection.java DEBUG [Forwarding deleteAllCookies on session ce2de8efb7f04f14a621beba7972e20c to remote] http.headers 125 - http-outgoing-0 << Content-Length:72
12-09-2018 12:34:43 LoggingManagedHttpClientConnection.java DEBUG [Forwarding deleteAllCookies on session ce2de8efb7f04f14a621beba7972e20c to remote] http.headers 125 - http-outgoing-0 << Content-Type:application/json; charset=utf-8
12-09-2018 12:34:43 MainClientExec.java DEBUG [Forwarding deleteAllCookies on session ce2de8efb7f04f14a621beba7972e20c to remote] execchain.MainClientExec 285 - Connection can be kept alive indefinitely
12-09-2018 12:34:43 PoolingHttpClientConnectionManager.java DEBUG [Forwarding deleteAllCookies on session ce2de8efb7f04f14a621beba7972e20c to remote] conn.PoolingHttpClientConnectionManager 320 - Connection [id: 0][route: {}->http://localhost:23028] can be kept alive indefinitely
12-09-2018 12:34:43 PoolingHttpClientConnectionManager.java DEBUG [Forwarding deleteAllCookies on session ce2de8efb7f04f14a621beba7972e20c to remote] conn.PoolingHttpClientConnectionManager 326 - Connection released: [id: 0][route: {}->http://localhost:23028][total kept alive: 1; route allocated: 1 of 2000; total allocated: 1 of 2000]
12-09-2018 12:34:43 RequestAddCookies.java DEBUG [Forwarding get on session ce2de8efb7f04f14a621beba7972e20c to remote] protocol.RequestAddCookies 123 - CookieSpec selected: default
12-09-2018 12:34:43 RequestAuthCache.java DEBUG [Forwarding get on session ce2de8efb7f04f14a621beba7972e20c to remote] protocol.RequestAuthCache 77 - Auth cache not set in the context
12-09-2018 12:34:43 PoolingHttpClientConnectionManager.java DEBUG [Forwarding get on session ce2de8efb7f04f14a621beba7972e20c to remote] conn.PoolingHttpClientConnectionManager 255 - Connection request: [route: {}->http://localhost:23028][total kept alive: 1; route allocated: 1 of 2000; total allocated: 1 of 2000]
12-09-2018 12:34:43 PoolingHttpClientConnectionManager.java DEBUG [Forwarding get on session ce2de8efb7f04f14a621beba7972e20c to remote] conn.PoolingHttpClientConnectionManager 288 - Connection leased: [id: 0][route: {}->http://localhost:23028][total kept alive: 0; route allocated: 1 of 2000; total allocated: 1 of 2000]
12-09-2018 12:34:43 MainClientExec.java DEBUG [Forwarding get on session ce2de8efb7f04f14a621beba7972e20c to remote] execchain.MainClientExec 208 - Stale connection check
12-09-2018 12:34:43 Wire.java DEBUG [Forwarding get on session ce2de8efb7f04f14a621beba7972e20c to remote] http.wire 87 - http-outgoing-0 << "[read] I/O error: Read timed out"
12-09-2018 12:34:43 LoggingManagedHttpClientConnection.java DEBUG [Forwarding get on session ce2de8efb7f04f14a621beba7972e20c to remote] conn.DefaultManagedHttpClientConnection 88 - http-outgoing-0: set socket timeout to 10800000
12-09-2018 12:34:43 MainClientExec.java DEBUG [Forwarding get on session ce2de8efb7f04f14a621beba7972e20c to remote] execchain.MainClientExec 256 - Executing request POST /session/ce2de8efb7f04f14a621beba7972e20c/url HTTP/1.1
12-09-2018 12:34:43 MainClientExec.java DEBUG [Forwarding get on session ce2de8efb7f04f14a621beba7972e20c to remote] execchain.MainClientExec 261 - Target auth state: UNCHALLENGED
12-09-2018 12:34:43 MainClientExec.java DEBUG [Forwarding get on session ce2de8efb7f04f14a621beba7972e20c to remote] execchain.MainClientExec 267 - Proxy auth state: UNCHALLENGED
12-09-2018 12:34:43 LoggingManagedHttpClientConnection.java DEBUG [Forwarding get on session ce2de8efb7f04f14a621beba7972e20c to remote] http.headers 133 - http-outgoing-0 >> POST /session/ce2de8efb7f04f14a621beba7972e20c/url HTTP/1.1
12-09-2018 12:34:43 LoggingManagedHttpClientConnection.java DEBUG [Forwarding get on session ce2de8efb7f04f14a621beba7972e20c to remote] http.headers 136 - http-outgoing-0 >> Content-Type: application/json; charset=utf-8
12-09-2018 12:34:43 LoggingManagedHttpClientConnection.java DEBUG [Forwarding get on session ce2de8efb7f04f14a621beba7972e20c to remote] http.headers 136 - http-outgoing-0 >> Content-Length: 27
12-09-2018 12:34:43 LoggingManagedHttpClientConnection.java DEBUG [Forwarding get on session ce2de8efb7f04f14a621beba7972e20c to remote] http.headers 136 - http-outgoing-0 >> Host: localhost:23028
12-09-2018 12:34:43 LoggingManagedHttpClientConnection.java DEBUG [Forwarding get on session ce2de8efb7f04f14a621beba7972e20c to remote] http.headers 136 - http-outgoing-0 >> Connection: Keep-Alive
12-09-2018 12:34:43 LoggingManagedHttpClientConnection.java DEBUG [Forwarding get on session ce2de8efb7f04f14a621beba7972e20c to remote] http.headers 136 - http-outgoing-0 >> User-Agent: Apache-HttpClient/4.5.3 (Java/1.8.0_181)
12-09-2018 12:34:43 LoggingManagedHttpClientConnection.java DEBUG [Forwarding get on session ce2de8efb7f04f14a621beba7972e20c to remote] http.headers 136 - http-outgoing-0 >> Accept-Encoding: gzip,deflate
12-09-2018 12:34:43 Wire.java DEBUG [Forwarding get on session ce2de8efb7f04f14a621beba7972e20c to remote] http.wire 73 - http-outgoing-0 >> "POST /session/ce2de8efb7f04f14a621beba7972e20c/url HTTP/1.1[\r][\n]"
12-09-2018 12:34:43 Wire.java DEBUG [Forwarding get on session ce2de8efb7f04f14a621beba7972e20c to remote] http.wire 73 - http-outgoing-0 >> "Content-Type: application/json; charset=utf-8[\r][\n]"
12-09-2018 12:34:43 Wire.java DEBUG [Forwarding get on session ce2de8efb7f04f14a621beba7972e20c to remote] http.wire 73 - http-outgoing-0 >> "Content-Length: 27[\r][\n]"
12-09-2018 12:34:43 Wire.java DEBUG [Forwarding get on session ce2de8efb7f04f14a621beba7972e20c to remote] http.wire 73 - http-outgoing-0 >> "Host: localhost:23028[\r][\n]"
12-09-2018 12:34:43 Wire.java DEBUG [Forwarding get on session ce2de8efb7f04f14a621beba7972e20c to remote] http.wire 73 - http-outgoing-0 >> "Connection: Keep-Alive[\r][\n]"
12-09-2018 12:34:43 Wire.java DEBUG [Forwarding get on session ce2de8efb7f04f14a621beba7972e20c to remote] http.wire 73 - http-outgoing-0 >> "User-Agent: Apache-HttpClient/4.5.3 (Java/1.8.0_181)[\r][\n]"
12-09-2018 12:34:43 Wire.java DEBUG [Forwarding get on session ce2de8efb7f04f14a621beba7972e20c to remote] http.wire 73 - http-outgoing-0 >> "Accept-Encoding: gzip,deflate[\r][\n]"
12-09-2018 12:34:43 Wire.java DEBUG [Forwarding get on session ce2de8efb7f04f14a621beba7972e20c to remote] http.wire 73 - http-outgoing-0 >> "[\r][\n]"
12-09-2018 12:34:43 Wire.java DEBUG [Forwarding get on session ce2de8efb7f04f14a621beba7972e20c to remote] http.wire 87 - http-outgoing-0 >> "{"url":"https://gmail.com"}"
12-09-2018 12:34:45 Wire.java DEBUG [Forwarding get on session ce2de8efb7f04f14a621beba7972e20c to remote] http.wire 73 - http-outgoing-0 << "HTTP/1.1 200 OK[\r][\n]"
12-09-2018 12:34:45 Wire.java DEBUG [Forwarding get on session ce2de8efb7f04f14a621beba7972e20c to remote] http.wire 73 - http-outgoing-0 << "Content-Length:72[\r][\n]"
12-09-2018 12:34:45 Wire.java DEBUG [Forwarding get on session ce2de8efb7f04f14a621beba7972e20c to remote] http.wire 73 - http-outgoing-0 << "Content-Type:application/json; charset=utf-8[\r][\n]"
12-09-2018 12:34:45 Wire.java DEBUG [Forwarding get on session ce2de8efb7f04f14a621beba7972e20c to remote] http.wire 73 - http-outgoing-0 << "[\r][\n]"
12-09-2018 12:34:45 Wire.java DEBUG [Forwarding get on session ce2de8efb7f04f14a621beba7972e20c to remote] http.wire 87 - http-outgoing-0 << "{"sessionId":"ce2de8efb7f04f14a621beba7972e20c","status":0,"value":null}"
12-09-2018 12:34:45 LoggingManagedHttpClientConnection.java DEBUG [Forwarding get on session ce2de8efb7f04f14a621beba7972e20c to remote] http.headers 122 - http-outgoing-0 << HTTP/1.1 200 OK
12-09-2018 12:34:45 LoggingManagedHttpClientConnection.java DEBUG [Forwarding get on session ce2de8efb7f04f14a621beba7972e20c to remote] http.headers 125 - http-outgoing-0 << Content-Length:72
12-09-2018 12:34:45 LoggingManagedHttpClientConnection.java DEBUG [Forwarding get on session ce2de8efb7f04f14a621beba7972e20c to remote] http.headers 125 - http-outgoing-0 << Content-Type:application/json; charset=utf-8
12-09-2018 12:34:45 MainClientExec.java DEBUG [Forwarding get on session ce2de8efb7f04f14a621beba7972e20c to remote] execchain.MainClientExec 285 - Connection can be kept alive indefinitely
12-09-2018 12:34:45 PoolingHttpClientConnectionManager.java DEBUG [Forwarding get on session ce2de8efb7f04f14a621beba7972e20c to remote] conn.PoolingHttpClientConnectionManager 320 - Connection [id: 0][route: {}->http://localhost:23028] can be kept alive indefinitely
12-09-2018 12:34:45 PoolingHttpClientConnectionManager.java DEBUG [Forwarding get on session ce2de8efb7f04f14a621beba7972e20c to remote] conn.PoolingHttpClientConnectionManager 326 - Connection released: [id: 0][route: {}->http://localhost:23028][total kept alive: 1; route allocated: 1 of 2000; total allocated: 1 of 2000]
12-09-2018 12:34:46 Base.java INFO  [main] EnterEmailPage 31 - Execution Started
12-09-2018 12:34:46 Base.java INFO  [main] Utils 31 - Execution Started
12-09-2018 12:34:46 RequestAddCookies.java DEBUG [Forwarding findElement on session ce2de8efb7f04f14a621beba7972e20c to remote] protocol.RequestAddCookies 123 - CookieSpec selected: default
12-09-2018 12:34:46 RequestAuthCache.java DEBUG [Forwarding findElement on session ce2de8efb7f04f14a621beba7972e20c to remote] protocol.RequestAuthCache 77 - Auth cache not set in the context
12-09-2018 12:34:46 PoolingHttpClientConnectionManager.java DEBUG [Forwarding findElement on session ce2de8efb7f04f14a621beba7972e20c to remote] conn.PoolingHttpClientConnectionManager 255 - Connection request: [route: {}->http://localhost:23028][total kept alive: 1; route allocated: 1 of 2000; total allocated: 1 of 2000]
12-09-2018 12:34:46 PoolingHttpClientConnectionManager.java DEBUG [Forwarding findElement on session ce2de8efb7f04f14a621beba7972e20c to remote] conn.PoolingHttpClientConnectionManager 288 - Connection leased: [id: 0][route: {}->http://localhost:23028][total kept alive: 0; route allocated: 1 of 2000; total allocated: 1 of 2000]
12-09-2018 12:34:46 MainClientExec.java DEBUG [Forwarding findElement on session ce2de8efb7f04f14a621beba7972e20c to remote] execchain.MainClientExec 208 - Stale connection check
12-09-2018 12:34:46 Wire.java DEBUG [Forwarding findElement on session ce2de8efb7f04f14a621beba7972e20c to remote] http.wire 87 - http-outgoing-0 << "[read] I/O error: Read timed out"
12-09-2018 12:34:46 LoggingManagedHttpClientConnection.java DEBUG [Forwarding findElement on session ce2de8efb7f04f14a621beba7972e20c to remote] conn.DefaultManagedHttpClientConnection 88 - http-outgoing-0: set socket timeout to 10800000
12-09-2018 12:34:46 MainClientExec.java DEBUG [Forwarding findElement on session ce2de8efb7f04f14a621beba7972e20c to remote] execchain.MainClientExec 256 - Executing request POST /session/ce2de8efb7f04f14a621beba7972e20c/element HTTP/1.1
12-09-2018 12:34:46 MainClientExec.java DEBUG [Forwarding findElement on session ce2de8efb7f04f14a621beba7972e20c to remote] execchain.MainClientExec 261 - Target auth state: UNCHALLENGED
12-09-2018 12:34:46 MainClientExec.java DEBUG [Forwarding findElement on session ce2de8efb7f04f14a621beba7972e20c to remote] execchain.MainClientExec 267 - Proxy auth state: UNCHALLENGED
12-09-2018 12:34:46 LoggingManagedHttpClientConnection.java DEBUG [Forwarding findElement on session ce2de8efb7f04f14a621beba7972e20c to remote] http.headers 133 - http-outgoing-0 >> POST /session/ce2de8efb7f04f14a621beba7972e20c/element HTTP/1.1
12-09-2018 12:34:46 LoggingManagedHttpClientConnection.java DEBUG [Forwarding findElement on session ce2de8efb7f04f14a621beba7972e20c to remote] http.headers 136 - http-outgoing-0 >> Content-Type: application/json; charset=utf-8
12-09-2018 12:34:46 LoggingManagedHttpClientConnection.java DEBUG [Forwarding findElement on session ce2de8efb7f04f14a621beba7972e20c to remote] http.headers 136 - http-outgoing-0 >> Content-Length: 50
12-09-2018 12:34:46 LoggingManagedHttpClientConnection.java DEBUG [Forwarding findElement on session ce2de8efb7f04f14a621beba7972e20c to remote] http.headers 136 - http-outgoing-0 >> Host: localhost:23028
12-09-2018 12:34:46 LoggingManagedHttpClientConnection.java DEBUG [Forwarding findElement on session ce2de8efb7f04f14a621beba7972e20c to remote] http.headers 136 - http-outgoing-0 >> Connection: Keep-Alive
12-09-2018 12:34:46 LoggingManagedHttpClientConnection.java DEBUG [Forwarding findElement on session ce2de8efb7f04f14a621beba7972e20c to remote] http.headers 136 - http-outgoing-0 >> User-Agent: Apache-HttpClient/4.5.3 (Java/1.8.0_181)
12-09-2018 12:34:46 LoggingManagedHttpClientConnection.java DEBUG [Forwarding findElement on session ce2de8efb7f04f14a621beba7972e20c to remote] http.headers 136 - http-outgoing-0 >> Accept-Encoding: gzip,deflate
12-09-2018 12:34:46 Wire.java DEBUG [Forwarding findElement on session ce2de8efb7f04f14a621beba7972e20c to remote] http.wire 73 - http-outgoing-0 >> "POST /session/ce2de8efb7f04f14a621beba7972e20c/element HTTP/1.1[\r][\n]"
12-09-2018 12:34:46 Wire.java DEBUG [Forwarding findElement on session ce2de8efb7f04f14a621beba7972e20c to remote] http.wire 73 - http-outgoing-0 >> "Content-Type: application/json; charset=utf-8[\r][\n]"
12-09-2018 12:34:46 Wire.java DEBUG [Forwarding findElement on session ce2de8efb7f04f14a621beba7972e20c to remote] http.wire 73 - http-outgoing-0 >> "Content-Length: 50[\r][\n]"
12-09-2018 12:34:46 Wire.java DEBUG [Forwarding findElement on session ce2de8efb7f04f14a621beba7972e20c to remote] http.wire 73 - http-outgoing-0 >> "Host: localhost:23028[\r][\n]"
12-09-2018 12:34:46 Wire.java DEBUG [Forwarding findElement on session ce2de8efb7f04f14a621beba7972e20c to remote] http.wire 73 - http-outgoing-0 >> "Connection: Keep-Alive[\r][\n]"
12-09-2018 12:34:46 Wire.java DEBUG [Forwarding findElement on session ce2de8efb7f04f14a621beba7972e20c to remote] http.wire 73 - http-outgoing-0 >> "User-Agent: Apache-HttpClient/4.5.3 (Java/1.8.0_181)[\r][\n]"
12-09-2018 12:34:46 Wire.java DEBUG [Forwarding findElement on session ce2de8efb7f04f14a621beba7972e20c to remote] http.wire 73 - http-outgoing-0 >> "Accept-Encoding: gzip,deflate[\r][\n]"
12-09-2018 12:34:46 Wire.java DEBUG [Forwarding findElement on session ce2de8efb7f04f14a621beba7972e20c to remote] http.wire 73 - http-outgoing-0 >> "[\r][\n]"
12-09-2018 12:34:46 Wire.java DEBUG [Forwarding findElement on session ce2de8efb7f04f14a621beba7972e20c to remote] http.wire 87 - http-outgoing-0 >> "{"using":"xpath","value":"//input[@type='email']"}"
12-09-2018 12:34:46 Wire.java DEBUG [Forwarding findElement on session ce2de8efb7f04f14a621beba7972e20c to remote] http.wire 73 - http-outgoing-0 << "HTTP/1.1 200 OK[\r][\n]"
12-09-2018 12:34:46 Wire.java DEBUG [Forwarding findElement on session ce2de8efb7f04f14a621beba7972e20c to remote] http.wire 73 - http-outgoing-0 << "Content-Length:102[\r][\n]"
12-09-2018 12:34:46 Wire.java DEBUG [Forwarding findElement on session ce2de8efb7f04f14a621beba7972e20c to remote] http.wire 73 - http-outgoing-0 << "Content-Type:application/json; charset=utf-8[\r][\n]"
12-09-2018 12:34:46 Wire.java DEBUG [Forwarding findElement on session ce2de8efb7f04f14a621beba7972e20c to remote] http.wire 73 - http-outgoing-0 << "[\r][\n]"
12-09-2018 12:34:46 Wire.java DEBUG [Forwarding findElement on session ce2de8efb7f04f14a621beba7972e20c to remote] http.wire 87 - http-outgoing-0 << "{"sessionId":"ce2de8efb7f04f14a621beba7972e20c","status":0,"value":{"ELEMENT":"0.1377401788065351-1"}}"
12-09-2018 12:34:46 LoggingManagedHttpClientConnection.java DEBUG [Forwarding findElement on session ce2de8efb7f04f14a621beba7972e20c to remote] http.headers 122 - http-outgoing-0 << HTTP/1.1 200 OK
12-09-2018 12:34:46 LoggingManagedHttpClientConnection.java DEBUG [Forwarding findElement on session ce2de8efb7f04f14a621beba7972e20c to remote] http.headers 125 - http-outgoing-0 << Content-Length:102
12-09-2018 12:34:46 LoggingManagedHttpClientConnection.java DEBUG [Forwarding findElement on session ce2de8efb7f04f14a621beba7972e20c to remote] http.headers 125 - http-outgoing-0 << Content-Type:application/json; charset=utf-8
12-09-2018 12:34:46 MainClientExec.java DEBUG [Forwarding findElement on session ce2de8efb7f04f14a621beba7972e20c to remote] execchain.MainClientExec 285 - Connection can be kept alive indefinitely
12-09-2018 12:34:46 PoolingHttpClientConnectionManager.java DEBUG [Forwarding findElement on session ce2de8efb7f04f14a621beba7972e20c to remote] conn.PoolingHttpClientConnectionManager 320 - Connection [id: 0][route: {}->http://localhost:23028] can be kept alive indefinitely
12-09-2018 12:34:46 PoolingHttpClientConnectionManager.java DEBUG [Forwarding findElement on session ce2de8efb7f04f14a621beba7972e20c to remote] conn.PoolingHttpClientConnectionManager 326 - Connection released: [id: 0][route: {}->http://localhost:23028][total kept alive: 1; route allocated: 1 of 2000; total allocated: 1 of 2000]
12-09-2018 12:34:46 RequestAddCookies.java DEBUG [Forwarding isElementDisplayed on session ce2de8efb7f04f14a621beba7972e20c to remote] protocol.RequestAddCookies 123 - CookieSpec selected: default
12-09-2018 12:34:46 RequestAuthCache.java DEBUG [Forwarding isElementDisplayed on session ce2de8efb7f04f14a621beba7972e20c to remote] protocol.RequestAuthCache 77 - Auth cache not set in the context
12-09-2018 12:34:46 PoolingHttpClientConnectionManager.java DEBUG [Forwarding isElementDisplayed on session ce2de8efb7f04f14a621beba7972e20c to remote] conn.PoolingHttpClientConnectionManager 255 - Connection request: [route: {}->http://localhost:23028][total kept alive: 1; route allocated: 1 of 2000; total allocated: 1 of 2000]
12-09-2018 12:34:46 PoolingHttpClientConnectionManager.java DEBUG [Forwarding isElementDisplayed on session ce2de8efb7f04f14a621beba7972e20c to remote] conn.PoolingHttpClientConnectionManager 288 - Connection leased: [id: 0][route: {}->http://localhost:23028][total kept alive: 0; route allocated: 1 of 2000; total allocated: 1 of 2000]
12-09-2018 12:34:46 MainClientExec.java DEBUG [Forwarding isElementDisplayed on session ce2de8efb7f04f14a621beba7972e20c to remote] execchain.MainClientExec 208 - Stale connection check
12-09-2018 12:34:46 Wire.java DEBUG [Forwarding isElementDisplayed on session ce2de8efb7f04f14a621beba7972e20c to remote] http.wire 87 - http-outgoing-0 << "[read] I/O error: Read timed out"
12-09-2018 12:34:46 LoggingManagedHttpClientConnection.java DEBUG [Forwarding isElementDisplayed on session ce2de8efb7f04f14a621beba7972e20c to remote] conn.DefaultManagedHttpClientConnection 88 - http-outgoing-0: set socket timeout to 10800000
12-09-2018 12:34:46 MainClientExec.java DEBUG [Forwarding isElementDisplayed on session ce2de8efb7f04f14a621beba7972e20c to remote] execchain.MainClientExec 256 - Executing request GET /session/ce2de8efb7f04f14a621beba7972e20c/element/0.1377401788065351-1/displayed HTTP/1.1
12-09-2018 12:34:46 MainClientExec.java DEBUG [Forwarding isElementDisplayed on session ce2de8efb7f04f14a621beba7972e20c to remote] execchain.MainClientExec 261 - Target auth state: UNCHALLENGED
12-09-2018 12:34:46 MainClientExec.java DEBUG [Forwarding isElementDisplayed on session ce2de8efb7f04f14a621beba7972e20c to remote] execchain.MainClientExec 267 - Proxy auth state: UNCHALLENGED
12-09-2018 12:34:46 LoggingManagedHttpClientConnection.java DEBUG [Forwarding isElementDisplayed on session ce2de8efb7f04f14a621beba7972e20c to remote] http.headers 133 - http-outgoing-0 >> GET /session/ce2de8efb7f04f14a621beba7972e20c/element/0.1377401788065351-1/displayed HTTP/1.1
12-09-2018 12:34:46 LoggingManagedHttpClientConnection.java DEBUG [Forwarding isElementDisplayed on session ce2de8efb7f04f14a621beba7972e20c to remote] http.headers 136 - http-outgoing-0 >> Cache-Control: no-cache
12-09-2018 12:34:46 LoggingManagedHttpClientConnection.java DEBUG [Forwarding isElementDisplayed on session ce2de8efb7f04f14a621beba7972e20c to remote] http.headers 136 - http-outgoing-0 >> Host: localhost:23028
12-09-2018 12:34:46 LoggingManagedHttpClientConnection.java DEBUG [Forwarding isElementDisplayed on session ce2de8efb7f04f14a621beba7972e20c to remote] http.headers 136 - http-outgoing-0 >> Connection: Keep-Alive
12-09-2018 12:34:46 LoggingManagedHttpClientConnection.java DEBUG [Forwarding isElementDisplayed on session ce2de8efb7f04f14a621beba7972e20c to remote] http.headers 136 - http-outgoing-0 >> User-Agent: Apache-HttpClient/4.5.3 (Java/1.8.0_181)
12-09-2018 12:34:46 LoggingManagedHttpClientConnection.java DEBUG [Forwarding isElementDisplayed on session ce2de8efb7f04f14a621beba7972e20c to remote] http.headers 136 - http-outgoing-0 >> Accept-Encoding: gzip,deflate
12-09-2018 12:34:46 Wire.java DEBUG [Forwarding isElementDisplayed on session ce2de8efb7f04f14a621beba7972e20c to remote] http.wire 73 - http-outgoing-0 >> "GET /session/ce2de8efb7f04f14a621beba7972e20c/element/0.1377401788065351-1/displayed HTTP/1.1[\r][\n]"
12-09-2018 12:34:46 Wire.java DEBUG [Forwarding isElementDisplayed on session ce2de8efb7f04f14a621beba7972e20c to remote] http.wire 73 - http-outgoing-0 >> "Cache-Control: no-cache[\r][\n]"
12-09-2018 12:34:46 Wire.java DEBUG [Forwarding isElementDisplayed on session ce2de8efb7f04f14a621beba7972e20c to remote] http.wire 73 - http-outgoing-0 >> "Host: localhost:23028[\r][\n]"
12-09-2018 12:34:46 Wire.java DEBUG [Forwarding isElementDisplayed on session ce2de8efb7f04f14a621beba7972e20c to remote] http.wire 73 - http-outgoing-0 >> "Connection: Keep-Alive[\r][\n]"
12-09-2018 12:34:46 Wire.java DEBUG [Forwarding isElementDisplayed on session ce2de8efb7f04f14a621beba7972e20c to remote] http.wire 73 - http-outgoing-0 >> "User-Agent: Apache-HttpClient/4.5.3 (Java/1.8.0_181)[\r][\n]"
12-09-2018 12:34:46 Wire.java DEBUG [Forwarding isElementDisplayed on session ce2de8efb7f04f14a621beba7972e20c to remote] http.wire 73 - http-outgoing-0 >> "Accept-Encoding: gzip,deflate[\r][\n]"
12-09-2018 12:34:46 Wire.java DEBUG [Forwarding isElementDisplayed on session ce2de8efb7f04f14a621beba7972e20c to remote] http.wire 73 - http-outgoing-0 >> "[\r][\n]"
12-09-2018 12:34:46 Wire.java DEBUG [Forwarding isElementDisplayed on session ce2de8efb7f04f14a621beba7972e20c to remote] http.wire 73 - http-outgoing-0 << "HTTP/1.1 200 OK[\r][\n]"
12-09-2018 12:34:46 Wire.java DEBUG [Forwarding isElementDisplayed on session ce2de8efb7f04f14a621beba7972e20c to remote] http.wire 73 - http-outgoing-0 << "Content-Length:72[\r][\n]"
12-09-2018 12:34:46 Wire.java DEBUG [Forwarding isElementDisplayed on session ce2de8efb7f04f14a621beba7972e20c to remote] http.wire 73 - http-outgoing-0 << "Content-Type:application/json; charset=utf-8[\r][\n]"
12-09-2018 12:34:46 Wire.java DEBUG [Forwarding isElementDisplayed on session ce2de8efb7f04f14a621beba7972e20c to remote] http.wire 73 - http-outgoing-0 << "[\r][\n]"
12-09-2018 12:34:46 Wire.java DEBUG [Forwarding isElementDisplayed on session ce2de8efb7f04f14a621beba7972e20c to remote] http.wire 87 - http-outgoing-0 << "{"sessionId":"ce2de8efb7f04f14a621beba7972e20c","status":0,"value":true}"
12-09-2018 12:34:46 LoggingManagedHttpClientConnection.java DEBUG [Forwarding isElementDisplayed on session ce2de8efb7f04f14a621beba7972e20c to remote] http.headers 122 - http-outgoing-0 << HTTP/1.1 200 OK
12-09-2018 12:34:46 LoggingManagedHttpClientConnection.java DEBUG [Forwarding isElementDisplayed on session ce2de8efb7f04f14a621beba7972e20c to remote] http.headers 125 - http-outgoing-0 << Content-Length:72
12-09-2018 12:34:46 LoggingManagedHttpClientConnection.java DEBUG [Forwarding isElementDisplayed on session ce2de8efb7f04f14a621beba7972e20c to remote] http.headers 125 - http-outgoing-0 << Content-Type:application/json; charset=utf-8
12-09-2018 12:34:46 MainClientExec.java DEBUG [Forwarding isElementDisplayed on session ce2de8efb7f04f14a621beba7972e20c to remote] execchain.MainClientExec 285 - Connection can be kept alive indefinitely
12-09-2018 12:34:46 PoolingHttpClientConnectionManager.java DEBUG [Forwarding isElementDisplayed on session ce2de8efb7f04f14a621beba7972e20c to remote] conn.PoolingHttpClientConnectionManager 320 - Connection [id: 0][route: {}->http://localhost:23028] can be kept alive indefinitely
12-09-2018 12:34:46 PoolingHttpClientConnectionManager.java DEBUG [Forwarding isElementDisplayed on session ce2de8efb7f04f14a621beba7972e20c to remote] conn.PoolingHttpClientConnectionManager 326 - Connection released: [id: 0][route: {}->http://localhost:23028][total kept alive: 1; route allocated: 1 of 2000; total allocated: 1 of 2000]
12-09-2018 12:34:46 RequestAddCookies.java DEBUG [Forwarding findElement on session ce2de8efb7f04f14a621beba7972e20c to remote] protocol.RequestAddCookies 123 - CookieSpec selected: default
12-09-2018 12:34:46 RequestAuthCache.java DEBUG [Forwarding findElement on session ce2de8efb7f04f14a621beba7972e20c to remote] protocol.RequestAuthCache 77 - Auth cache not set in the context
12-09-2018 12:34:46 PoolingHttpClientConnectionManager.java DEBUG [Forwarding findElement on session ce2de8efb7f04f14a621beba7972e20c to remote] conn.PoolingHttpClientConnectionManager 255 - Connection request: [route: {}->http://localhost:23028][total kept alive: 1; route allocated: 1 of 2000; total allocated: 1 of 2000]
12-09-2018 12:34:46 PoolingHttpClientConnectionManager.java DEBUG [Forwarding findElement on session ce2de8efb7f04f14a621beba7972e20c to remote] conn.PoolingHttpClientConnectionManager 288 - Connection leased: [id: 0][route: {}->http://localhost:23028][total kept alive: 0; route allocated: 1 of 2000; total allocated: 1 of 2000]
12-09-2018 12:34:46 MainClientExec.java DEBUG [Forwarding findElement on session ce2de8efb7f04f14a621beba7972e20c to remote] execchain.MainClientExec 208 - Stale connection check
12-09-2018 12:34:46 Wire.java DEBUG [Forwarding findElement on session ce2de8efb7f04f14a621beba7972e20c to remote] http.wire 87 - http-outgoing-0 << "[read] I/O error: Read timed out"
12-09-2018 12:34:46 LoggingManagedHttpClientConnection.java DEBUG [Forwarding findElement on session ce2de8efb7f04f14a621beba7972e20c to remote] conn.DefaultManagedHttpClientConnection 88 - http-outgoing-0: set socket timeout to 10800000
12-09-2018 12:34:46 MainClientExec.java DEBUG [Forwarding findElement on session ce2de8efb7f04f14a621beba7972e20c to remote] execchain.MainClientExec 256 - Executing request POST /session/ce2de8efb7f04f14a621beba7972e20c/element HTTP/1.1
12-09-2018 12:34:46 MainClientExec.java DEBUG [Forwarding findElement on session ce2de8efb7f04f14a621beba7972e20c to remote] execchain.MainClientExec 261 - Target auth state: UNCHALLENGED
12-09-2018 12:34:46 MainClientExec.java DEBUG [Forwarding findElement on session ce2de8efb7f04f14a621beba7972e20c to remote] execchain.MainClientExec 267 - Proxy auth state: UNCHALLENGED
12-09-2018 12:34:46 LoggingManagedHttpClientConnection.java DEBUG [Forwarding findElement on session ce2de8efb7f04f14a621beba7972e20c to remote] http.headers 133 - http-outgoing-0 >> POST /session/ce2de8efb7f04f14a621beba7972e20c/element HTTP/1.1
12-09-2018 12:34:46 LoggingManagedHttpClientConnection.java DEBUG [Forwarding findElement on session ce2de8efb7f04f14a621beba7972e20c to remote] http.headers 136 - http-outgoing-0 >> Content-Type: application/json; charset=utf-8
12-09-2018 12:34:46 LoggingManagedHttpClientConnection.java DEBUG [Forwarding findElement on session ce2de8efb7f04f14a621beba7972e20c to remote] http.headers 136 - http-outgoing-0 >> Content-Length: 50
12-09-2018 12:34:46 LoggingManagedHttpClientConnection.java DEBUG [Forwarding findElement on session ce2de8efb7f04f14a621beba7972e20c to remote] http.headers 136 - http-outgoing-0 >> Host: localhost:23028
12-09-2018 12:34:46 LoggingManagedHttpClientConnection.java DEBUG [Forwarding findElement on session ce2de8efb7f04f14a621beba7972e20c to remote] http.headers 136 - http-outgoing-0 >> Connection: Keep-Alive
12-09-2018 12:34:46 LoggingManagedHttpClientConnection.java DEBUG [Forwarding findElement on session ce2de8efb7f04f14a621beba7972e20c to remote] http.headers 136 - http-outgoing-0 >> User-Agent: Apache-HttpClient/4.5.3 (Java/1.8.0_181)
12-09-2018 12:34:46 LoggingManagedHttpClientConnection.java DEBUG [Forwarding findElement on session ce2de8efb7f04f14a621beba7972e20c to remote] http.headers 136 - http-outgoing-0 >> Accept-Encoding: gzip,deflate
12-09-2018 12:34:46 Wire.java DEBUG [Forwarding findElement on session ce2de8efb7f04f14a621beba7972e20c to remote] http.wire 73 - http-outgoing-0 >> "POST /session/ce2de8efb7f04f14a621beba7972e20c/element HTTP/1.1[\r][\n]"
12-09-2018 12:34:46 Wire.java DEBUG [Forwarding findElement on session ce2de8efb7f04f14a621beba7972e20c to remote] http.wire 73 - http-outgoing-0 >> "Content-Type: application/json; charset=utf-8[\r][\n]"
12-09-2018 12:34:46 Wire.java DEBUG [Forwarding findElement on session ce2de8efb7f04f14a621beba7972e20c to remote] http.wire 73 - http-outgoing-0 >> "Content-Length: 50[\r][\n]"
12-09-2018 12:34:46 Wire.java DEBUG [Forwarding findElement on session ce2de8efb7f04f14a621beba7972e20c to remote] http.wire 73 - http-outgoing-0 >> "Host: localhost:23028[\r][\n]"
12-09-2018 12:34:46 Wire.java DEBUG [Forwarding findElement on session ce2de8efb7f04f14a621beba7972e20c to remote] http.wire 73 - http-outgoing-0 >> "Connection: Keep-Alive[\r][\n]"
12-09-2018 12:34:46 Wire.java DEBUG [Forwarding findElement on session ce2de8efb7f04f14a621beba7972e20c to remote] http.wire 73 - http-outgoing-0 >> "User-Agent: Apache-HttpClient/4.5.3 (Java/1.8.0_181)[\r][\n]"
12-09-2018 12:34:46 Wire.java DEBUG [Forwarding findElement on session ce2de8efb7f04f14a621beba7972e20c to remote] http.wire 73 - http-outgoing-0 >> "Accept-Encoding: gzip,deflate[\r][\n]"
12-09-2018 12:34:46 Wire.java DEBUG [Forwarding findElement on session ce2de8efb7f04f14a621beba7972e20c to remote] http.wire 73 - http-outgoing-0 >> "[\r][\n]"
12-09-2018 12:34:46 Wire.java DEBUG [Forwarding findElement on session ce2de8efb7f04f14a621beba7972e20c to remote] http.wire 87 - http-outgoing-0 >> "{"using":"xpath","value":"//input[@type='email']"}"
12-09-2018 12:34:46 Wire.java DEBUG [Forwarding findElement on session ce2de8efb7f04f14a621beba7972e20c to remote] http.wire 73 - http-outgoing-0 << "HTTP/1.1 200 OK[\r][\n]"
12-09-2018 12:34:46 Wire.java DEBUG [Forwarding findElement on session ce2de8efb7f04f14a621beba7972e20c to remote] http.wire 73 - http-outgoing-0 << "Content-Length:102[\r][\n]"
12-09-2018 12:34:46 Wire.java DEBUG [Forwarding findElement on session ce2de8efb7f04f14a621beba7972e20c to remote] http.wire 73 - http-outgoing-0 << "Content-Type:application/json; charset=utf-8[\r][\n]"
12-09-2018 12:34:46 Wire.java DEBUG [Forwarding findElement on session ce2de8efb7f04f14a621beba7972e20c to remote] http.wire 73 - http-outgoing-0 << "[\r][\n]"
12-09-2018 12:34:46 Wire.java DEBUG [Forwarding findElement on session ce2de8efb7f04f14a621beba7972e20c to remote] http.wire 87 - http-outgoing-0 << "{"sessionId":"ce2de8efb7f04f14a621beba7972e20c","status":0,"value":{"ELEMENT":"0.1377401788065351-1"}}"
12-09-2018 12:34:46 LoggingManagedHttpClientConnection.java DEBUG [Forwarding findElement on session ce2de8efb7f04f14a621beba7972e20c to remote] http.headers 122 - http-outgoing-0 << HTTP/1.1 200 OK
12-09-2018 12:34:46 LoggingManagedHttpClientConnection.java DEBUG [Forwarding findElement on session ce2de8efb7f04f14a621beba7972e20c to remote] http.headers 125 - http-outgoing-0 << Content-Length:102
12-09-2018 12:34:46 LoggingManagedHttpClientConnection.java DEBUG [Forwarding findElement on session ce2de8efb7f04f14a621beba7972e20c to remote] http.headers 125 - http-outgoing-0 << Content-Type:application/json; charset=utf-8
12-09-2018 12:34:46 MainClientExec.java DEBUG [Forwarding findElement on session ce2de8efb7f04f14a621beba7972e20c to remote] execchain.MainClientExec 285 - Connection can be kept alive indefinitely
12-09-2018 12:34:46 PoolingHttpClientConnectionManager.java DEBUG [Forwarding findElement on session ce2de8efb7f04f14a621beba7972e20c to remote] conn.PoolingHttpClientConnectionManager 320 - Connection [id: 0][route: {}->http://localhost:23028] can be kept alive indefinitely
12-09-2018 12:34:46 PoolingHttpClientConnectionManager.java DEBUG [Forwarding findElement on session ce2de8efb7f04f14a621beba7972e20c to remote] conn.PoolingHttpClientConnectionManager 326 - Connection released: [id: 0][route: {}->http://localhost:23028][total kept alive: 1; route allocated: 1 of 2000; total allocated: 1 of 2000]
12-09-2018 12:34:46 RequestAddCookies.java DEBUG [Forwarding isElementDisplayed on session ce2de8efb7f04f14a621beba7972e20c to remote] protocol.RequestAddCookies 123 - CookieSpec selected: default
12-09-2018 12:34:46 RequestAuthCache.java DEBUG [Forwarding isElementDisplayed on session ce2de8efb7f04f14a621beba7972e20c to remote] protocol.RequestAuthCache 77 - Auth cache not set in the context
12-09-2018 12:34:46 PoolingHttpClientConnectionManager.java DEBUG [Forwarding isElementDisplayed on session ce2de8efb7f04f14a621beba7972e20c to remote] conn.PoolingHttpClientConnectionManager 255 - Connection request: [route: {}->http://localhost:23028][total kept alive: 1; route allocated: 1 of 2000; total allocated: 1 of 2000]
12-09-2018 12:34:46 PoolingHttpClientConnectionManager.java DEBUG [Forwarding isElementDisplayed on session ce2de8efb7f04f14a621beba7972e20c to remote] conn.PoolingHttpClientConnectionManager 288 - Connection leased: [id: 0][route: {}->http://localhost:23028][total kept alive: 0; route allocated: 1 of 2000; total allocated: 1 of 2000]
12-09-2018 12:34:46 MainClientExec.java DEBUG [Forwarding isElementDisplayed on session ce2de8efb7f04f14a621beba7972e20c to remote] execchain.MainClientExec 208 - Stale connection check
12-09-2018 12:34:47 Wire.java DEBUG [Forwarding isElementDisplayed on session ce2de8efb7f04f14a621beba7972e20c to remote] http.wire 87 - http-outgoing-0 << "[read] I/O error: Read timed out"
12-09-2018 12:34:47 LoggingManagedHttpClientConnection.java DEBUG [Forwarding isElementDisplayed on session ce2de8efb7f04f14a621beba7972e20c to remote] conn.DefaultManagedHttpClientConnection 88 - http-outgoing-0: set socket timeout to 10800000
12-09-2018 12:34:47 MainClientExec.java DEBUG [Forwarding isElementDisplayed on session ce2de8efb7f04f14a621beba7972e20c to remote] execchain.MainClientExec 256 - Executing request GET /session/ce2de8efb7f04f14a621beba7972e20c/element/0.1377401788065351-1/displayed HTTP/1.1
12-09-2018 12:34:47 MainClientExec.java DEBUG [Forwarding isElementDisplayed on session ce2de8efb7f04f14a621beba7972e20c to remote] execchain.MainClientExec 261 - Target auth state: UNCHALLENGED
12-09-2018 12:34:47 MainClientExec.java DEBUG [Forwarding isElementDisplayed on session ce2de8efb7f04f14a621beba7972e20c to remote] execchain.MainClientExec 267 - Proxy auth state: UNCHALLENGED
12-09-2018 12:34:47 LoggingManagedHttpClientConnection.java DEBUG [Forwarding isElementDisplayed on session ce2de8efb7f04f14a621beba7972e20c to remote] http.headers 133 - http-outgoing-0 >> GET /session/ce2de8efb7f04f14a621beba7972e20c/element/0.1377401788065351-1/displayed HTTP/1.1
12-09-2018 12:34:47 LoggingManagedHttpClientConnection.java DEBUG [Forwarding isElementDisplayed on session ce2de8efb7f04f14a621beba7972e20c to remote] http.headers 136 - http-outgoing-0 >> Cache-Control: no-cache
12-09-2018 12:34:47 LoggingManagedHttpClientConnection.java DEBUG [Forwarding isElementDisplayed on session ce2de8efb7f04f14a621beba7972e20c to remote] http.headers 136 - http-outgoing-0 >> Host: localhost:23028
12-09-2018 12:34:47 LoggingManagedHttpClientConnection.java DEBUG [Forwarding isElementDisplayed on session ce2de8efb7f04f14a621beba7972e20c to remote] http.headers 136 - http-outgoing-0 >> Connection: Keep-Alive
12-09-2018 12:34:47 LoggingManagedHttpClientConnection.java DEBUG [Forwarding isElementDisplayed on session ce2de8efb7f04f14a621beba7972e20c to remote] http.headers 136 - http-outgoing-0 >> User-Agent: Apache-HttpClient/4.5.3 (Java/1.8.0_181)
12-09-2018 12:34:47 LoggingManagedHttpClientConnection.java DEBUG [Forwarding isElementDisplayed on session ce2de8efb7f04f14a621beba7972e20c to remote] http.headers 136 - http-outgoing-0 >> Accept-Encoding: gzip,deflate
12-09-2018 12:34:47 Wire.java DEBUG [Forwarding isElementDisplayed on session ce2de8efb7f04f14a621beba7972e20c to remote] http.wire 73 - http-outgoing-0 >> "GET /session/ce2de8efb7f04f14a621beba7972e20c/element/0.1377401788065351-1/displayed HTTP/1.1[\r][\n]"
12-09-2018 12:34:47 Wire.java DEBUG [Forwarding isElementDisplayed on session ce2de8efb7f04f14a621beba7972e20c to remote] http.wire 73 - http-outgoing-0 >> "Cache-Control: no-cache[\r][\n]"
12-09-2018 12:34:47 Wire.java DEBUG [Forwarding isElementDisplayed on session ce2de8efb7f04f14a621beba7972e20c to remote] http.wire 73 - http-outgoing-0 >> "Host: localhost:23028[\r][\n]"
12-09-2018 12:34:47 Wire.java DEBUG [Forwarding isElementDisplayed on session ce2de8efb7f04f14a621beba7972e20c to remote] http.wire 73 - http-outgoing-0 >> "Connection: Keep-Alive[\r][\n]"
12-09-2018 12:34:47 Wire.java DEBUG [Forwarding isElementDisplayed on session ce2de8efb7f04f14a621beba7972e20c to remote] http.wire 73 - http-outgoing-0 >> "User-Agent: Apache-HttpClient/4.5.3 (Java/1.8.0_181)[\r][\n]"
12-09-2018 12:34:47 Wire.java DEBUG [Forwarding isElementDisplayed on session ce2de8efb7f04f14a621beba7972e20c to remote] http.wire 73 - http-outgoing-0 >> "Accept-Encoding: gzip,deflate[\r][\n]"
12-09-2018 12:34:47 Wire.java DEBUG [Forwarding isElementDisplayed on session ce2de8efb7f04f14a621beba7972e20c to remote] http.wire 73 - http-outgoing-0 >> "[\r][\n]"
12-09-2018 12:34:47 Wire.java DEBUG [Forwarding isElementDisplayed on session ce2de8efb7f04f14a621beba7972e20c to remote] http.wire 73 - http-outgoing-0 << "HTTP/1.1 200 OK[\r][\n]"
12-09-2018 12:34:47 Wire.java DEBUG [Forwarding isElementDisplayed on session ce2de8efb7f04f14a621beba7972e20c to remote] http.wire 73 - http-outgoing-0 << "Content-Length:72[\r][\n]"
12-09-2018 12:34:47 Wire.java DEBUG [Forwarding isElementDisplayed on session ce2de8efb7f04f14a621beba7972e20c to remote] http.wire 73 - http-outgoing-0 << "Content-Type:application/json; charset=utf-8[\r][\n]"
12-09-2018 12:34:47 Wire.java DEBUG [Forwarding isElementDisplayed on session ce2de8efb7f04f14a621beba7972e20c to remote] http.wire 73 - http-outgoing-0 << "[\r][\n]"
12-09-2018 12:34:47 Wire.java DEBUG [Forwarding isElementDisplayed on session ce2de8efb7f04f14a621beba7972e20c to remote] http.wire 87 - http-outgoing-0 << "{"sessionId":"ce2de8efb7f04f14a621beba7972e20c","status":0,"value":true}"
12-09-2018 12:34:47 LoggingManagedHttpClientConnection.java DEBUG [Forwarding isElementDisplayed on session ce2de8efb7f04f14a621beba7972e20c to remote] http.headers 122 - http-outgoing-0 << HTTP/1.1 200 OK
12-09-2018 12:34:47 LoggingManagedHttpClientConnection.java DEBUG [Forwarding isElementDisplayed on session ce2de8efb7f04f14a621beba7972e20c to remote] http.headers 125 - http-outgoing-0 << Content-Length:72
12-09-2018 12:34:47 LoggingManagedHttpClientConnection.java DEBUG [Forwarding isElementDisplayed on session ce2de8efb7f04f14a621beba7972e20c to remote] http.headers 125 - http-outgoing-0 << Content-Type:application/json; charset=utf-8
12-09-2018 12:34:47 MainClientExec.java DEBUG [Forwarding isElementDisplayed on session ce2de8efb7f04f14a621beba7972e20c to remote] execchain.MainClientExec 285 - Connection can be kept alive indefinitely
12-09-2018 12:34:47 PoolingHttpClientConnectionManager.java DEBUG [Forwarding isElementDisplayed on session ce2de8efb7f04f14a621beba7972e20c to remote] conn.PoolingHttpClientConnectionManager 320 - Connection [id: 0][route: {}->http://localhost:23028] can be kept alive indefinitely
12-09-2018 12:34:47 PoolingHttpClientConnectionManager.java DEBUG [Forwarding isElementDisplayed on session ce2de8efb7f04f14a621beba7972e20c to remote] conn.PoolingHttpClientConnectionManager 326 - Connection released: [id: 0][route: {}->http://localhost:23028][total kept alive: 1; route allocated: 1 of 2000; total allocated: 1 of 2000]
12-09-2018 12:34:47 RequestAddCookies.java DEBUG [Forwarding findElement on session ce2de8efb7f04f14a621beba7972e20c to remote] protocol.RequestAddCookies 123 - CookieSpec selected: default
12-09-2018 12:34:47 RequestAuthCache.java DEBUG [Forwarding findElement on session ce2de8efb7f04f14a621beba7972e20c to remote] protocol.RequestAuthCache 77 - Auth cache not set in the context
12-09-2018 12:34:47 PoolingHttpClientConnectionManager.java DEBUG [Forwarding findElement on session ce2de8efb7f04f14a621beba7972e20c to remote] conn.PoolingHttpClientConnectionManager 255 - Connection request: [route: {}->http://localhost:23028][total kept alive: 1; route allocated: 1 of 2000; total allocated: 1 of 2000]
12-09-2018 12:34:47 PoolingHttpClientConnectionManager.java DEBUG [Forwarding findElement on session ce2de8efb7f04f14a621beba7972e20c to remote] conn.PoolingHttpClientConnectionManager 288 - Connection leased: [id: 0][route: {}->http://localhost:23028][total kept alive: 0; route allocated: 1 of 2000; total allocated: 1 of 2000]
12-09-2018 12:34:47 MainClientExec.java DEBUG [Forwarding findElement on session ce2de8efb7f04f14a621beba7972e20c to remote] execchain.MainClientExec 208 - Stale connection check
12-09-2018 12:34:47 Wire.java DEBUG [Forwarding findElement on session ce2de8efb7f04f14a621beba7972e20c to remote] http.wire 87 - http-outgoing-0 << "[read] I/O error: Read timed out"
12-09-2018 12:34:47 LoggingManagedHttpClientConnection.java DEBUG [Forwarding findElement on session ce2de8efb7f04f14a621beba7972e20c to remote] conn.DefaultManagedHttpClientConnection 88 - http-outgoing-0: set socket timeout to 10800000
12-09-2018 12:34:47 MainClientExec.java DEBUG [Forwarding findElement on session ce2de8efb7f04f14a621beba7972e20c to remote] execchain.MainClientExec 256 - Executing request POST /session/ce2de8efb7f04f14a621beba7972e20c/element HTTP/1.1
12-09-2018 12:34:47 MainClientExec.java DEBUG [Forwarding findElement on session ce2de8efb7f04f14a621beba7972e20c to remote] execchain.MainClientExec 261 - Target auth state: UNCHALLENGED
12-09-2018 12:34:47 MainClientExec.java DEBUG [Forwarding findElement on session ce2de8efb7f04f14a621beba7972e20c to remote] execchain.MainClientExec 267 - Proxy auth state: UNCHALLENGED
12-09-2018 12:34:47 LoggingManagedHttpClientConnection.java DEBUG [Forwarding findElement on session ce2de8efb7f04f14a621beba7972e20c to remote] http.headers 133 - http-outgoing-0 >> POST /session/ce2de8efb7f04f14a621beba7972e20c/element HTTP/1.1
12-09-2018 12:34:47 LoggingManagedHttpClientConnection.java DEBUG [Forwarding findElement on session ce2de8efb7f04f14a621beba7972e20c to remote] http.headers 136 - http-outgoing-0 >> Content-Type: application/json; charset=utf-8
12-09-2018 12:34:47 LoggingManagedHttpClientConnection.java DEBUG [Forwarding findElement on session ce2de8efb7f04f14a621beba7972e20c to remote] http.headers 136 - http-outgoing-0 >> Content-Length: 50
12-09-2018 12:34:47 LoggingManagedHttpClientConnection.java DEBUG [Forwarding findElement on session ce2de8efb7f04f14a621beba7972e20c to remote] http.headers 136 - http-outgoing-0 >> Host: localhost:23028
12-09-2018 12:34:47 LoggingManagedHttpClientConnection.java DEBUG [Forwarding findElement on session ce2de8efb7f04f14a621beba7972e20c to remote] http.headers 136 - http-outgoing-0 >> Connection: Keep-Alive
12-09-2018 12:34:47 LoggingManagedHttpClientConnection.java DEBUG [Forwarding findElement on session ce2de8efb7f04f14a621beba7972e20c to remote] http.headers 136 - http-outgoing-0 >> User-Agent: Apache-HttpClient/4.5.3 (Java/1.8.0_181)
12-09-2018 12:34:47 LoggingManagedHttpClientConnection.java DEBUG [Forwarding findElement on session ce2de8efb7f04f14a621beba7972e20c to remote] http.headers 136 - http-outgoing-0 >> Accept-Encoding: gzip,deflate
12-09-2018 12:34:47 Wire.java DEBUG [Forwarding findElement on session ce2de8efb7f04f14a621beba7972e20c to remote] http.wire 73 - http-outgoing-0 >> "POST /session/ce2de8efb7f04f14a621beba7972e20c/element HTTP/1.1[\r][\n]"
12-09-2018 12:34:47 Wire.java DEBUG [Forwarding findElement on session ce2de8efb7f04f14a621beba7972e20c to remote] http.wire 73 - http-outgoing-0 >> "Content-Type: application/json; charset=utf-8[\r][\n]"
12-09-2018 12:34:47 Wire.java DEBUG [Forwarding findElement on session ce2de8efb7f04f14a621beba7972e20c to remote] http.wire 73 - http-outgoing-0 >> "Content-Length: 50[\r][\n]"
12-09-2018 12:34:47 Wire.java DEBUG [Forwarding findElement on session ce2de8efb7f04f14a621beba7972e20c to remote] http.wire 73 - http-outgoing-0 >> "Host: localhost:23028[\r][\n]"
12-09-2018 12:34:47 Wire.java DEBUG [Forwarding findElement on session ce2de8efb7f04f14a621beba7972e20c to remote] http.wire 73 - http-outgoing-0 >> "Connection: Keep-Alive[\r][\n]"
12-09-2018 12:34:47 Wire.java DEBUG [Forwarding findElement on session ce2de8efb7f04f14a621beba7972e20c to remote] http.wire 73 - http-outgoing-0 >> "User-Agent: Apache-HttpClient/4.5.3 (Java/1.8.0_181)[\r][\n]"
12-09-2018 12:34:47 Wire.java DEBUG [Forwarding findElement on session ce2de8efb7f04f14a621beba7972e20c to remote] http.wire 73 - http-outgoing-0 >> "Accept-Encoding: gzip,deflate[\r][\n]"
12-09-2018 12:34:47 Wire.java DEBUG [Forwarding findElement on session ce2de8efb7f04f14a621beba7972e20c to remote] http.wire 73 - http-outgoing-0 >> "[\r][\n]"
12-09-2018 12:34:47 Wire.java DEBUG [Forwarding findElement on session ce2de8efb7f04f14a621beba7972e20c to remote] http.wire 87 - http-outgoing-0 >> "{"using":"xpath","value":"//input[@type='email']"}"
12-09-2018 12:34:47 Wire.java DEBUG [Forwarding findElement on session ce2de8efb7f04f14a621beba7972e20c to remote] http.wire 73 - http-outgoing-0 << "HTTP/1.1 200 OK[\r][\n]"
12-09-2018 12:34:47 Wire.java DEBUG [Forwarding findElement on session ce2de8efb7f04f14a621beba7972e20c to remote] http.wire 73 - http-outgoing-0 << "Content-Length:102[\r][\n]"
12-09-2018 12:34:47 Wire.java DEBUG [Forwarding findElement on session ce2de8efb7f04f14a621beba7972e20c to remote] http.wire 73 - http-outgoing-0 << "Content-Type:application/json; charset=utf-8[\r][\n]"
12-09-2018 12:34:47 Wire.java DEBUG [Forwarding findElement on session ce2de8efb7f04f14a621beba7972e20c to remote] http.wire 73 - http-outgoing-0 << "[\r][\n]"
12-09-2018 12:34:47 Wire.java DEBUG [Forwarding findElement on session ce2de8efb7f04f14a621beba7972e20c to remote] http.wire 87 - http-outgoing-0 << "{"sessionId":"ce2de8efb7f04f14a621beba7972e20c","status":0,"value":{"ELEMENT":"0.1377401788065351-1"}}"
12-09-2018 12:34:47 LoggingManagedHttpClientConnection.java DEBUG [Forwarding findElement on session ce2de8efb7f04f14a621beba7972e20c to remote] http.headers 122 - http-outgoing-0 << HTTP/1.1 200 OK
12-09-2018 12:34:47 LoggingManagedHttpClientConnection.java DEBUG [Forwarding findElement on session ce2de8efb7f04f14a621beba7972e20c to remote] http.headers 125 - http-outgoing-0 << Content-Length:102
12-09-2018 12:34:47 LoggingManagedHttpClientConnection.java DEBUG [Forwarding findElement on session ce2de8efb7f04f14a621beba7972e20c to remote] http.headers 125 - http-outgoing-0 << Content-Type:application/json; charset=utf-8
12-09-2018 12:34:47 MainClientExec.java DEBUG [Forwarding findElement on session ce2de8efb7f04f14a621beba7972e20c to remote] execchain.MainClientExec 285 - Connection can be kept alive indefinitely
12-09-2018 12:34:47 PoolingHttpClientConnectionManager.java DEBUG [Forwarding findElement on session ce2de8efb7f04f14a621beba7972e20c to remote] conn.PoolingHttpClientConnectionManager 320 - Connection [id: 0][route: {}->http://localhost:23028] can be kept alive indefinitely
12-09-2018 12:34:47 PoolingHttpClientConnectionManager.java DEBUG [Forwarding findElement on session ce2de8efb7f04f14a621beba7972e20c to remote] conn.PoolingHttpClientConnectionManager 326 - Connection released: [id: 0][route: {}->http://localhost:23028][total kept alive: 1; route allocated: 1 of 2000; total allocated: 1 of 2000]
12-09-2018 12:34:47 RequestAddCookies.java DEBUG [Forwarding isElementEnabled on session ce2de8efb7f04f14a621beba7972e20c to remote] protocol.RequestAddCookies 123 - CookieSpec selected: default
12-09-2018 12:34:47 RequestAuthCache.java DEBUG [Forwarding isElementEnabled on session ce2de8efb7f04f14a621beba7972e20c to remote] protocol.RequestAuthCache 77 - Auth cache not set in the context
12-09-2018 12:34:47 PoolingHttpClientConnectionManager.java DEBUG [Forwarding isElementEnabled on session ce2de8efb7f04f14a621beba7972e20c to remote] conn.PoolingHttpClientConnectionManager 255 - Connection request: [route: {}->http://localhost:23028][total kept alive: 1; route allocated: 1 of 2000; total allocated: 1 of 2000]
12-09-2018 12:34:47 PoolingHttpClientConnectionManager.java DEBUG [Forwarding isElementEnabled on session ce2de8efb7f04f14a621beba7972e20c to remote] conn.PoolingHttpClientConnectionManager 288 - Connection leased: [id: 0][route: {}->http://localhost:23028][total kept alive: 0; route allocated: 1 of 2000; total allocated: 1 of 2000]
12-09-2018 12:34:47 MainClientExec.java DEBUG [Forwarding isElementEnabled on session ce2de8efb7f04f14a621beba7972e20c to remote] execchain.MainClientExec 208 - Stale connection check
12-09-2018 12:34:47 Wire.java DEBUG [Forwarding isElementEnabled on session ce2de8efb7f04f14a621beba7972e20c to remote] http.wire 87 - http-outgoing-0 << "[read] I/O error: Read timed out"
12-09-2018 12:34:47 LoggingManagedHttpClientConnection.java DEBUG [Forwarding isElementEnabled on session ce2de8efb7f04f14a621beba7972e20c to remote] conn.DefaultManagedHttpClientConnection 88 - http-outgoing-0: set socket timeout to 10800000
12-09-2018 12:34:47 MainClientExec.java DEBUG [Forwarding isElementEnabled on session ce2de8efb7f04f14a621beba7972e20c to remote] execchain.MainClientExec 256 - Executing request GET /session/ce2de8efb7f04f14a621beba7972e20c/element/0.1377401788065351-1/enabled HTTP/1.1
[...]
12-09-2018 12:35:06 LoggingManagedHttpClientConnection.java DEBUG [Forwarding findElement on session ce2de8efb7f04f14a621beba7972e20c to remote] http.headers 125 - http-outgoing-0 << Content-Length:356
12-09-2018 12:35:06 LoggingManagedHttpClientConnection.java DEBUG [Forwarding findElement on session ce2de8efb7f04f14a621beba7972e20c to remote] http.headers 125 - http-outgoing-0 << Content-Type:application/json; charset=utf-8
12-09-2018 12:35:06 MainClientExec.java DEBUG [Forwarding findElement on session ce2de8efb7f04f14a621beba7972e20c to remote] execchain.MainClientExec 285 - Connection can be kept alive indefinitely
12-09-2018 12:35:06 PoolingHttpClientConnectionManager.java DEBUG [Forwarding findElement on session ce2de8efb7f04f14a621beba7972e20c to remote] conn.PoolingHttpClientConnectionManager 320 - Connection [id: 0][route: {}->http://localhost:23028] can be kept alive indefinitely
12-09-2018 12:35:06 PoolingHttpClientConnectionManager.java DEBUG [Forwarding findElement on session ce2de8efb7f04f14a621beba7972e20c to remote] conn.PoolingHttpClientConnectionManager 326 - Connection released: [id: 0][route: {}->http://localhost:23028][total kept alive: 1; route allocated: 1 of 2000; total allocated: 1 of 2000]
12-09-2018 12:35:06 RequestAddCookies.java DEBUG [Forwarding findElement on session ce2de8efb7f04f14a621beba7972e20c to remote] protocol.RequestAddCookies 123 - CookieSpec selected: default
12-09-2018 12:35:06 RequestAuthCache.java DEBUG [Forwarding findElement on session ce2de8efb7f04f14a621beba7972e20c to remote] protocol.RequestAuthCache 77 - Auth cache not set in the context
12-09-2018 12:35:06 PoolingHttpClientConnectionManager.java DEBUG [Forwarding findElement on session ce2de8efb7f04f14a621beba7972e20c to remote] conn.PoolingHttpClientConnectionManager 255 - Connection request: [route: {}->http://localhost:23028][total kept alive: 1; route allocated: 1 of 2000; total allocated: 1 of 2000]
12-09-2018 12:35:06 PoolingHttpClientConnectionManager.java DEBUG [Forwarding findElement on session ce2de8efb7f04f14a621beba7972e20c to remote] conn.PoolingHttpClientConnectionManager 288 - Connection leased: [id: 0][route: {}->http://localhost:23028][total kept alive: 0; route allocated: 1 of 2000; total allocated: 1 of 2000]
12-09-2018 12:35:06 MainClientExec.java DEBUG [Forwarding findElement on session ce2de8efb7f04f14a621beba7972e20c to remote] execchain.MainClientExec 208 - Stale connection check
12-09-2018 12:35:06 Wire.java DEBUG [Forwarding findElement on session ce2de8efb7f04f14a621beba7972e20c to remote] http.wire 87 - http-outgoing-0 << "[read] I/O error: Read timed out"
12-09-2018 12:35:06 LoggingManagedHttpClientConnection.java DEBUG [Forwarding findElement on session ce2de8efb7f04f14a621beba7972e20c to remote] conn.DefaultManagedHttpClientConnection 88 - http-outgoing-0: set socket timeout to 10800000
12-09-2018 12:35:06 MainClientExec.java DEBUG [Forwarding findElement on session ce2de8efb7f04f14a621beba7972e20c to remote] execchain.MainClientExec 256 - Executing request POST /session/ce2de8efb7f04f14a621beba7972e20c/element HTTP/1.1
12-09-2018 12:35:06 MainClientExec.java DEBUG [Forwarding findElement on session ce2de8efb7f04f14a621beba7972e20c to remote] execchain.MainClientExec 261 - Target auth state: UNCHALLENGED
12-09-2018 12:35:06 MainClientExec.java DEBUG [Forwarding findElement on session ce2de8efb7f04f14a621beba7972e20c to remote] execchain.MainClientExec 267 - Proxy auth state: UNCHALLENGED
12-09-2018 12:35:06 LoggingManagedHttpClientConnection.java DEBUG [Forwarding findElement on session ce2de8efb7f04f14a621beba7972e20c to remote] http.headers 133 - http-outgoing-0 >> POST /session/ce2de8efb7f04f14a621beba7972e20c/element HTTP/1.1
12-09-2018 12:35:06 LoggingManagedHttpClientConnection.java DEBUG [Forwarding findElement on session ce2de8efb7f04f14a621beba7972e20c to remote] http.headers 136 - http-outgoing-0 >> Content-Type: application/json; charset=utf-8
12-09-2018 12:35:06 LoggingManagedHttpClientConnection.java DEBUG [Forwarding findElement on session ce2de8efb7f04f14a621beba7972e20c to remote] http.headers 136 - http-outgoing-0 >> Content-Length: 55
12-09-2018 12:35:06 LoggingManagedHttpClientConnection.java DEBUG [Forwarding findElement on session ce2de8efb7f04f14a621beba7972e20c to remote] http.headers 136 - http-outgoing-0 >> Host: localhost:23028
12-09-2018 12:35:06 LoggingManagedHttpClientConnection.java DEBUG [Forwarding findElement on session ce2de8efb7f04f14a621beba7972e20c to remote] http.headers 136 - http-outgoing-0 >> Connection: Keep-Alive
12-09-2018 12:35:06 LoggingManagedHttpClientConnection.java DEBUG [Forwarding findElement on session ce2de8efb7f04f14a621beba7972e20c to remote] http.headers 136 - http-outgoing-0 >> User-Agent: Apache-HttpClient/4.5.3 (Java/1.8.0_181)
12-09-2018 12:35:06 LoggingManagedHttpClientConnection.java DEBUG [Forwarding findElement on session ce2de8efb7f04f14a621beba7972e20c to remote] http.headers 136 - http-outgoing-0 >> Accept-Encoding: gzip,deflate
12-09-2018 12:35:06 Wire.java DEBUG [Forwarding findElement on session ce2de8efb7f04f14a621beba7972e20c to remote] http.wire 73 - http-outgoing-0 >> "POST /session/ce2de8efb7f04f14a621beba7972e20c/element HTTP/1.1[\r][\n]"
12-09-2018 12:35:06 Wire.java DEBUG [Forwarding findElement on session ce2de8efb7f04f14a621beba7972e20c to remote] http.wire 73 - http-outgoing-0 >> "Content-Type: application/json; charset=utf-8[\r][\n]"
12-09-2018 12:35:06 Wire.java DEBUG [Forwarding findElement on session ce2de8efb7f04f14a621beba7972e20c to remote] http.wire 73 - http-outgoing-0 >> "Content-Length: 55[\r][\n]"
12-09-2018 12:35:06 Wire.java DEBUG [Forwarding findElement on session ce2de8efb7f04f14a621beba7972e20c to remote] http.wire 73 - http-outgoing-0 >> "Host: localhost:23028[\r][\n]"
12-09-2018 12:35:06 Wire.java DEBUG [Forwarding findElement on session ce2de8efb7f04f14a621beba7972e20c to remote] http.wire 73 - http-outgoing-0 >> "Connection: Keep-Alive[\r][\n]"
12-09-2018 12:35:06 Wire.java DEBUG [Forwarding findElement on session ce2de8efb7f04f14a621beba7972e20c to remote] http.wire 73 - http-outgoing-0 >> "User-Agent: Apache-HttpClient/4.5.3 (Java/1.8.0_181)[\r][\n]"
12-09-2018 12:35:06 Wire.java DEBUG [Forwarding findElement on session ce2de8efb7f04f14a621beba7972e20c to remote] http.wire 73 - http-outgoing-0 >> "Accept-Encoding: gzip,deflate[\r][\n]"
12-09-2018 12:35:06 Wire.java DEBUG [Forwarding findElement on session ce2de8efb7f04f14a621beba7972e20c to remote] http.wire 73 - http-outgoing-0 >> "[\r][\n]"
12-09-2018 12:35:06 Wire.java DEBUG [Forwarding findElement on session ce2de8efb7f04f14a621beba7972e20c to remote] http.wire 87 - http-outgoing-0 >> "{"using":"xpath","value":"//span[@class='gb_bb gbii']"}"
12-09-2018 12:35:12 Wire.java DEBUG [Forwarding findElement on session ce2de8efb7f04f14a621beba7972e20c to remote] http.wire 73 - http-outgoing-0 << "HTTP/1.1 200 OK[\r][\n]"
12-09-2018 12:35:12 Wire.java DEBUG [Forwarding findElement on session ce2de8efb7f04f14a621beba7972e20c to remote] http.wire 73 - http-outgoing-0 << "Content-Length:268[\r][\n]"
12-09-2018 12:35:12 Wire.java DEBUG [Forwarding findElement on session ce2de8efb7f04f14a621beba7972e20c to remote] http.wire 73 - http-outgoing-0 << "Content-Type:application/json; charset=utf-8[\r][\n]"
12-09-2018 12:35:12 Wire.java DEBUG [Forwarding findElement on session ce2de8efb7f04f14a621beba7972e20c to remote] http.wire 73 - http-outgoing-0 << "[\r][\n]"
12-09-2018 12:35:12 Wire.java DEBUG [Forwarding findElement on session ce2de8efb7f04f14a621beba7972e20c to remote] http.wire 87 - http-outgoing-0 << "{"sessionId":"ce2de8efb7f04f14a621beba7972e20c","status":100,"value":{"message":"chrome not reachable\n  (Session info: chrome=70.0.3538.110)\n  (Driver info: chromedriver=2.44.609538 (b655c5a60b0b544917107a59d4153d4bf78e1b90),platform=Windows NT 10.0.17134 x86_64)"}}"
12-09-2018 12:35:12 LoggingManagedHttpClientConnection.java DEBUG [Forwarding findElement on session ce2de8efb7f04f14a621beba7972e20c to remote] http.headers 122 - http-outgoing-0 << HTTP/1.1 200 OK
12-09-2018 12:35:12 LoggingManagedHttpClientConnection.java DEBUG [Forwarding findElement on session ce2de8efb7f04f14a621beba7972e20c to remote] http.headers 125 - http-outgoing-0 << Content-Length:268
12-09-2018 12:35:12 LoggingManagedHttpClientConnection.java DEBUG [Forwarding findElement on session ce2de8efb7f04f14a621beba7972e20c to remote] http.headers 125 - http-outgoing-0 << Content-Type:application/json; charset=utf-8
12-09-2018 12:35:12 MainClientExec.java DEBUG [Forwarding findElement on session ce2de8efb7f04f14a621beba7972e20c to remote] execchain.MainClientExec 285 - Connection can be kept alive indefinitely
12-09-2018 12:35:12 PoolingHttpClientConnectionManager.java DEBUG [Forwarding findElement on session ce2de8efb7f04f14a621beba7972e20c to remote] conn.PoolingHttpClientConnectionManager 320 - Connection [id: 0][route: {}->http://localhost:23028] can be kept alive indefinitely
12-09-2018 12:35:12 PoolingHttpClientConnectionManager.java DEBUG [Forwarding findElement on session ce2de8efb7f04f14a621beba7972e20c to remote] conn.PoolingHttpClientConnectionManager 326 - Connection released: [id: 0][route: {}->http://localhost:23028][total kept alive: 1; route allocated: 1 of 2000; total allocated: 1 of 2000]
12-09-2018 12:35:12 RequestAddCookies.java DEBUG [Forwarding close on session ce2de8efb7f04f14a621beba7972e20c to remote] protocol.RequestAddCookies 123 - CookieSpec selected: default
12-09-2018 12:35:12 RequestAuthCache.java DEBUG [Forwarding close on session ce2de8efb7f04f14a621beba7972e20c to remote] protocol.RequestAuthCache 77 - Auth cache not set in the context
12-09-2018 12:35:12 PoolingHttpClientConnectionManager.java DEBUG [Forwarding close on session ce2de8efb7f04f14a621beba7972e20c to remote] conn.PoolingHttpClientConnectionManager 255 - Connection request: [route: {}->http://localhost:23028][total kept alive: 1; route allocated: 1 of 2000; total allocated: 1 of 2000]
12-09-2018 12:35:12 PoolingHttpClientConnectionManager.java DEBUG [Forwarding close on session ce2de8efb7f04f14a621beba7972e20c to remote] conn.PoolingHttpClientConnectionManager 288 - Connection leased: [id: 0][route: {}->http://localhost:23028][total kept alive: 0; route allocated: 1 of 2000; total allocated: 1 of 2000]
12-09-2018 12:35:12 MainClientExec.java DEBUG [Forwarding close on session ce2de8efb7f04f14a621beba7972e20c to remote] execchain.MainClientExec 208 - Stale connection check
12-09-2018 12:35:12 Wire.java DEBUG [Forwarding close on session ce2de8efb7f04f14a621beba7972e20c to remote] http.wire 87 - http-outgoing-0 << "[read] I/O error: Read timed out"
12-09-2018 12:35:12 LoggingManagedHttpClientConnection.java DEBUG [Forwarding close on session ce2de8efb7f04f14a621beba7972e20c to remote] conn.DefaultManagedHttpClientConnection 88 - http-outgoing-0: set socket timeout to 10800000
12-09-2018 12:35:12 MainClientExec.java DEBUG [Forwarding close on session ce2de8efb7f04f14a621beba7972e20c to remote] execchain.MainClientExec 256 - Executing request DELETE /session/ce2de8efb7f04f14a621beba7972e20c/window HTTP/1.1
12-09-2018 12:35:12 MainClientExec.java DEBUG [Forwarding close on session ce2de8efb7f04f14a621beba7972e20c to remote] execchain.MainClientExec 261 - Target auth state: UNCHALLENGED
12-09-2018 12:35:12 MainClientExec.java DEBUG [Forwarding close on session ce2de8efb7f04f14a621beba7972e20c to remote] execchain.MainClientExec 267 - Proxy auth state: UNCHALLENGED
12-09-2018 12:35:12 LoggingManagedHttpClientConnection.java DEBUG [Forwarding close on session ce2de8efb7f04f14a621beba7972e20c to remote] http.headers 133 - http-outgoing-0 >> DELETE /session/ce2de8efb7f04f14a621beba7972e20c/window HTTP/1.1
12-09-2018 12:35:12 LoggingManagedHttpClientConnection.java DEBUG [Forwarding close on session ce2de8efb7f04f14a621beba7972e20c to remote] http.headers 136 - http-outgoing-0 >> Host: localhost:23028
12-09-2018 12:35:12 LoggingManagedHttpClientConnection.java DEBUG [Forwarding close on session ce2de8efb7f04f14a621beba7972e20c to remote] http.headers 136 - http-outgoing-0 >> Connection: Keep-Alive
12-09-2018 12:35:12 LoggingManagedHttpClientConnection.java DEBUG [Forwarding close on session ce2de8efb7f04f14a621beba7972e20c to remote] http.headers 136 - http-outgoing-0 >> User-Agent: Apache-HttpClient/4.5.3 (Java/1.8.0_181)
12-09-2018 12:35:12 LoggingManagedHttpClientConnection.java DEBUG [Forwarding close on session ce2de8efb7f04f14a621beba7972e20c to remote] http.headers 136 - http-outgoing-0 >> Accept-Encoding: gzip,deflate
12-09-2018 12:35:12 Wire.java DEBUG [Forwarding close on session ce2de8efb7f04f14a621beba7972e20c to remote] http.wire 73 - http-outgoing-0 >> "DELETE /session/ce2de8efb7f04f14a621beba7972e20c/window HTTP/1.1[\r][\n]"
12-09-2018 12:35:12 Wire.java DEBUG [Forwarding close on session ce2de8efb7f04f14a621beba7972e20c to remote] http.wire 73 - http-outgoing-0 >> "Host: localhost:23028[\r][\n]"
12-09-2018 12:35:12 Wire.java DEBUG [Forwarding close on session ce2de8efb7f04f14a621beba7972e20c to remote] http.wire 73 - http-outgoing-0 >> "Connection: Keep-Alive[\r][\n]"
12-09-2018 12:35:12 Wire.java DEBUG [Forwarding close on session ce2de8efb7f04f14a621beba7972e20c to remote] http.wire 73 - http-outgoing-0 >> "User-Agent: Apache-HttpClient/4.5.3 (Java/1.8.0_181)[\r][\n]"
12-09-2018 12:35:12 Wire.java DEBUG [Forwarding close on session ce2de8efb7f04f14a621beba7972e20c to remote] http.wire 73 - http-outgoing-0 >> "Accept-Encoding: gzip,deflate[\r][\n]"
12-09-2018 12:35:12 Wire.java DEBUG [Forwarding close on session ce2de8efb7f04f14a621beba7972e20c to remote] http.wire 73 - http-outgoing-0 >> "[\r][\n]"
12-09-2018 12:35:13 Wire.java DEBUG [Forwarding close on session ce2de8efb7f04f14a621beba7972e20c to remote] http.wire 73 - http-outgoing-0 << "HTTP/1.1 200 OK[\r][\n]"
12-09-2018 12:35:13 Wire.java DEBUG [Forwarding close on session ce2de8efb7f04f14a621beba7972e20c to remote] http.wire 73 - http-outgoing-0 << "Content-Length:268[\r][\n]"
12-09-2018 12:35:13 Wire.java DEBUG [Forwarding close on session ce2de8efb7f04f14a621beba7972e20c to remote] http.wire 73 - http-outgoing-0 << "Content-Type:application/json; charset=utf-8[\r][\n]"
12-09-2018 12:35:13 Wire.java DEBUG [Forwarding close on session ce2de8efb7f04f14a621beba7972e20c to remote] http.wire 73 - http-outgoing-0 << "[\r][\n]"
12-09-2018 12:35:13 Wire.java DEBUG [Forwarding close on session ce2de8efb7f04f14a621beba7972e20c to remote] http.wire 87 - http-outgoing-0 << "{"sessionId":"ce2de8efb7f04f14a621beba7972e20c","status":100,"value":{"message":"chrome not reachable\n  (Session info: chrome=70.0.3538.110)\n  (Driver info: chromedriver=2.44.609538 (b655c5a60b0b544917107a59d4153d4bf78e1b90),platform=Windows NT 10.0.17134 x86_64)"}}"
12-09-2018 12:35:13 LoggingManagedHttpClientConnection.java DEBUG [Forwarding close on session ce2de8efb7f04f14a621beba7972e20c to remote] http.headers 122 - http-outgoing-0 << HTTP/1.1 200 OK
12-09-2018 12:35:13 LoggingManagedHttpClientConnection.java DEBUG [Forwarding close on session ce2de8efb7f04f14a621beba7972e20c to remote] http.headers 125 - http-outgoing-0 << Content-Length:268
12-09-2018 12:35:13 LoggingManagedHttpClientConnection.java DEBUG [Forwarding close on session ce2de8efb7f04f14a621beba7972e20c to remote] http.headers 125 - http-outgoing-0 << Content-Type:application/json; charset=utf-8
12-09-2018 12:35:13 MainClientExec.java DEBUG [Forwarding close on session ce2de8efb7f04f14a621beba7972e20c to remote] execchain.MainClientExec 285 - Connection can be kept alive indefinitely
12-09-2018 12:35:13 PoolingHttpClientConnectionManager.java DEBUG [Forwarding close on session ce2de8efb7f04f14a621beba7972e20c to remote] conn.PoolingHttpClientConnectionManager 320 - Connection [id: 0][route: {}->http://localhost:23028] can be kept alive indefinitely
12-09-2018 12:35:13 PoolingHttpClientConnectionManager.java DEBUG [Forwarding close on session ce2de8efb7f04f14a621beba7972e20c to remote] conn.PoolingHttpClientConnectionManager 326 - Connection released: [id: 0][route: {}->http://localhost:23028][total kept alive: 1; route allocated: 1 of 2000; total allocated: 1 of 2000]
]]></system-out>
    <system-err><![CDATA[Starting ChromeDriver 2.44.609538 (b655c5a60b0b544917107a59d4153d4bf78e1b90) on port 23028
Only local connections are allowed.
Dec 09, 2018 12:34:42 PM org.openqa.selenium.remote.ProtocolHandshake createSession
INFO: Detected dialect: OSS
[1544339108.931][WARNING]: Timed out connecting to Chrome, retrying...
]]></system-err>
  </testcase>
  <testcase name="testGmailSignInAndSignOut" classname="com.gmail.qa.test.GmailSignInAndSignOutTest" time="35.269">
    <error message="chrome not reachable&#10;  (Session info: chrome=70.0.3538.110)&#10;  (Driver info: chromedriver=2.44.609538 (b655c5a60b0b544917107a59d4153d4bf78e1b90),platform=Windows NT 10.0.17134 x86_64) (WARNING: The server did not provide any stacktrace information)&#10;Command duration or timeout: 0 milliseconds&#10;Build info: version: &apos;3.5.3&apos;, revision: &apos;a88d25fe6b&apos;, time: &apos;2017-08-29T12:42:44.417Z&apos;&#10;System info: host: &apos;DESKTOP-VQGGT5N&apos;, ip: &apos;192.168.1.12&apos;, os.name: &apos;Windows 10&apos;, os.arch: &apos;amd64&apos;, os.version: &apos;10.0&apos;, java.version: &apos;1.8.0_181&apos;&#10;Driver info: org.openqa.selenium.chrome.ChromeDriver&#10;Capabilities [{mobileEmulationEnabled=false, hasTouchScreen=false, platform=XP, acceptSslCerts=false, goog:chromeOptions={debuggerAddress=localhost:50193}, acceptInsecureCerts=false, webStorageEnabled=true, browserName=chrome, takesScreenshot=true, javascriptEnabled=true, platformName=XP, setWindowRect=true, unexpectedAlertBehaviour=ignore, applicationCacheEnabled=false, rotatable=false, networkConnectionEnabled=false, chrome={chromedriverVersion=2.44.609538 (b655c5a60b0b544917107a59d4153d4bf78e1b90), userDataDir=C:\Users\chait\AppData\Local\Temp\scoped_dir7960_8771}, takesHeapSnapshot=true, unhandledPromptBehavior=ignore, pageLoadStrategy=normal, databaseEnabled=false, handlesAlerts=true, version=70.0.3538.110, browserConnectionEnabled=false, nativeEvents=true, locationContextEnabled=true, cssSelectorsEnabled=true}]&#10;Session ID: ce2de8efb7f04f14a621beba7972e20c" type="org.openqa.selenium.WebDriverException">org.openqa.selenium.WebDriverException: 
chrome not reachable
  (Session info: chrome=70.0.3538.110)
  (Driver info: chromedriver=2.44.609538 (b655c5a60b0b544917107a59d4153d4bf78e1b90),platform=Windows NT 10.0.17134 x86_64) (WARNING: The server did not provide any stacktrace information)
Command duration or timeout: 0 milliseconds
Build info: version: '3.5.3', revision: 'a88d25fe6b', time: '2017-08-29T12:42:44.417Z'
System info: host: 'DESKTOP-VQGGT5N', ip: '192.168.1.12', os.name: 'Windows 10', os.arch: 'amd64', os.version: '10.0', java.version: '1.8.0_181'
Driver info: org.openqa.selenium.chrome.ChromeDriver
Capabilities [{mobileEmulationEnabled=false, hasTouchScreen=false, platform=XP, acceptSslCerts=false, goog:chromeOptions={debuggerAddress=localhost:50193}, acceptInsecureCerts=false, webStorageEnabled=true, browserName=chrome, takesScreenshot=true, javascriptEnabled=true, platformName=XP, setWindowRect=true, unexpectedAlertBehaviour=ignore, applicationCacheEnabled=false, rotatable=false, networkConnectionEnabled=false, chrome={chromedriverVersion=2.44.609538 (b655c5a60b0b544917107a59d4153d4bf78e1b90), userDataDir=C:\Users\chait\AppData\Local\Temp\scoped_dir7960_8771}, takesHeapSnapshot=true, unhandledPromptBehavior=ignore, pageLoadStrategy=normal, databaseEnabled=false, handlesAlerts=true, version=70.0.3538.110, browserConnectionEnabled=false, nativeEvents=true, locationContextEnabled=true, cssSelectorsEnabled=true}]
Session ID: ce2de8efb7f04f14a621beba7972e20c
	at com.gmail.qa.test.GmailSignInAndSignOutTest.end(GmailSignInAndSignOutTest.java:56)
</error>
  </testcase>
</testsuite>